\BOOKMARK [0][-]{chapter*.1}{\376\377\000A\000g\000r\000a\000d\000e\000c\000i\000m\000e\000n\000t\000o\000s}{}% 1
\BOOKMARK [0][-]{chapter*.2}{\376\377\000P\000r\000e\000f\000\341\000c\000i\000o}{}% 2
\BOOKMARK [0][-]{chapter.4}{\376\377\000E\000x\000e\000r\000c\000\355\000c\000i\000o\000s\000\040\000S\000e\000l\000e\000c\000i\000o\000n\000a\000d\000o\000s}{}% 3
\BOOKMARK [1][-]{section.5}{\376\377\000P\000o\000l\000i\000n\000\364\000m\000i\000o\000s\000\040\000d\000e\000\040\000T\000a\000y\000l\000o\000r}{chapter.4}% 4
\BOOKMARK [1][-]{section.16}{\376\377\000C\000u\000r\000v\000a\000s\000\040\000n\000o\000\040\000P\000l\000a\000n\000o}{chapter.4}% 5
\BOOKMARK [1][-]{section.27}{\376\377\000F\000u\000n\000\347\000\365\000e\000s\000\040\000d\000e\000\040\000d\000u\000a\000s\000\040\000v\000a\000r\000i\000\341\000v\000e\000i\000s\000\040\000e\000\040\000c\000u\000r\000v\000a\000s\000\040\000d\000e\000\040\000n\000\355\000v\000e\000l}{chapter.4}% 6
\BOOKMARK [1][-]{section.54}{\376\377\000L\000i\000m\000i\000t\000e\000s\000\040\000e\000\040\000C\000o\000n\000t\000i\000n\000u\000i\000d\000a\000d\000e}{chapter.4}% 7
\BOOKMARK [1][-]{section.55}{\376\377\000D\000e\000r\000i\000v\000a\000d\000a\000s\000\040\000P\000a\000r\000c\000i\000a\000i\000s\000,\000\040\000D\000i\000f\000e\000r\000e\000n\000c\000i\000a\000b\000i\000l\000i\000d\000a\000d\000e\000\040\000e\000\040\000P\000l\000a\000n\000o\000\040\000T\000a\000n\000g\000e\000n\000t\000e}{chapter.4}% 8
\BOOKMARK [1][-]{section.88}{\376\377\000R\000e\000g\000r\000a\000s\000\040\000d\000a\000\040\000C\000a\000d\000e\000i\000a}{chapter.4}% 9
\BOOKMARK [1][-]{section.96}{\376\377\000V\000e\000t\000o\000r\000\040\000G\000r\000a\000d\000i\000e\000n\000t\000e\000\040\000e\000\040\000D\000e\000r\000i\000v\000a\000d\000a\000\040\000d\000i\000r\000e\000c\000i\000o\000n\000a\000l}{chapter.4}% 10
\BOOKMARK [1][-]{section.119}{\376\377\000C\000u\000r\000v\000a\000s\000\040\000n\000o\000\040\000R\0003}{chapter.4}% 11
\BOOKMARK [1][-]{section.124}{\376\377\000S\000u\000p\000e\000r\000f\000\355\000c\000i\000e\000s\000\040\000d\000e\000\040\000n\000\355\000v\000e\000l\000,\000\040\000p\000l\000a\000n\000o\000s\000\040\000t\000a\000n\000g\000e\000n\000t\000e\000\040\000e\000\040\000d\000e\000r\000i\000v\000a\000d\000a\000s\000\040\000d\000i\000r\000e\000c\000i\000o\000n\000a\000i\000s}{chapter.4}% 12
\BOOKMARK [1][-]{section.131}{\376\377\000C\000l\000a\000s\000s\000i\000f\000i\000c\000a\000\347\000\343\000o\000\040\000d\000e\000\040\000p\000o\000n\000t\000o\000s\000\040\000c\000r\000\355\000t\000i\000c\000o\000s\000\040\000e\000m\000\040\000a\000b\000e\000r\000t\000o\000s\000\040\000d\000e\000\040\000R\0002}{chapter.4}% 13
\BOOKMARK [1][-]{section.150}{\376\377\000M\000\341\000x\000i\000m\000o\000s\000\040\000e\000\040\000m\000\355\000n\000i\000m\000o\000s\000\040\000e\000m\000\040\000c\000o\000n\000j\000u\000n\000t\000o\000s\000\040\000c\000o\000m\000p\000a\000c\000t\000o\000s}{chapter.4}% 14
\BOOKMARK [1][-]{section.151}{\376\377\000M\000\341\000x\000i\000m\000o\000s\000\040\000e\000\040\000m\000\355\000n\000i\000m\000o\000s\000\040\000e\000m\000\040\000c\000o\000n\000j\000u\000n\000t\000o\000s\000\040\000a\000r\000b\000i\000t\000r\000\341\000r\000i\000o\000s}{chapter.4}% 15
\BOOKMARK [0][-]{chapter.152}{\376\377\000P\000r\000o\000v\000a\000s\000\040\000d\000e\000\040\0002\0000\0002\0003}{}% 16
\BOOKMARK [1][-]{section.153}{\376\377\000P\000r\000i\000m\000e\000i\000r\000a\000\040\000P\000r\000o\000v\000a}{chapter.152}% 17
\BOOKMARK [0][-]{chapter.192}{\376\377\000P\000r\000o\000v\000a\000s\000\040\000d\000e\000\040\0002\0000\0002\0002}{}% 18
\BOOKMARK [1][-]{section.193}{\376\377\000P\000r\000i\000m\000e\000i\000r\000a\000\040\000P\000r\000o\000v\000a}{chapter.192}% 19
\BOOKMARK [1][-]{section.227}{\376\377\000S\000e\000g\000u\000n\000d\000a\000\040\000P\000r\000o\000v\000a}{chapter.192}% 20
\BOOKMARK [1][-]{section.247}{\376\377\000P\000r\000o\000v\000a\000\040\000S\000u\000b\000s\000t\000i\000t\000u\000t\000i\000v\000a}{chapter.192}% 21
\BOOKMARK [1][-]{section.288}{\376\377\000P\000r\000o\000v\000a\000\040\000d\000e\000\040\000R\000e\000c\000u\000p\000e\000r\000a\000\347\000\343\000o}{chapter.192}% 22
\BOOKMARK [0][-]{chapter.310}{\376\377\000P\000r\000o\000v\000a\000s\000\040\000d\000e\000\040\0002\0000\0002\0001}{}% 23
\BOOKMARK [1][-]{section.311}{\376\377\000P\000r\000i\000m\000e\000i\000r\000a\000\040\000P\000r\000o\000v\000a}{chapter.310}% 24
\BOOKMARK [0][-]{chapter.383}{\376\377\000P\000r\000o\000v\000a\000s\000\040\000d\000e\000\040\0002\0000\0002\0000}{}% 25
\BOOKMARK [1][-]{section.384}{\376\377\000P\000r\000i\000m\000e\000i\000r\000a\000\040\000P\000r\000o\000v\000a}{chapter.383}% 26
\BOOKMARK [0][-]{chapter.475}{\376\377\000P\000r\000o\000v\000a\000s\000\040\000a\000t\000\351\000\040\0002\0000\0001\0009}{}% 27
\BOOKMARK [-1][-]{section*.476}{\376\377\000A\000p\000\352\000n\000d\000i\000c\000e\000s}{}% 28
\BOOKMARK [0][-]{appendix.477}{\376\377\000P\000r\000i\000n\000c\000i\000p\000a\000i\000s\000\040\000R\000e\000s\000u\000l\000t\000a\000d\000o\000s}{section*.476}% 29
\BOOKMARK [1][-]{section.478}{\376\377\000C\000\341\000l\000c\000u\000l\000o\000\040\0001}{appendix.477}% 30
\BOOKMARK [1][-]{section.488}{\376\377\000C\000u\000r\000v\000a\000s\000\040\000d\000e\000\040\000N\000\355\000v\000e\000l}{appendix.477}% 31
\BOOKMARK [1][-]{section.516}{\376\377\000C\000\341\000l\000c\000u\000l\000o\000\040\000d\000e\000\040\000L\000i\000m\000i\000t\000e\000s}{appendix.477}% 32
\BOOKMARK [1][-]{section.546}{\376\377\000D\000e\000r\000i\000v\000a\000d\000a\000s\000\040\000P\000a\000r\000c\000i\000a\000i\000s\000\040\000e\000\040\000D\000i\000f\000e\000r\000e\000n\000c\000i\000a\000b\000i\000l\000i\000d\000a\000d\000e}{appendix.477}% 33
\BOOKMARK [1][-]{section.573}{\376\377\000D\000e\000r\000i\000v\000a\000d\000a\000s\000\040\000d\000e\000\040\000S\000e\000g\000u\000n\000d\000a\000\040\000O\000r\000d\000e\000m}{appendix.477}% 34
\BOOKMARK [1][-]{section.590}{\376\377\000R\000e\000g\000r\000a\000s\000\040\000d\000a\000\040\000C\000a\000d\000e\000i\000a\000\040\000e\000\040\000D\000e\000r\000i\000v\000a\000d\000a\000s\000\040\000d\000i\000r\000e\000c\000i\000o\000n\000a\000i\000s}{appendix.477}% 35
\BOOKMARK [1][-]{section.640}{\376\377\000S\000u\000p\000e\000r\000f\000\355\000c\000i\000e\000s\000\040\000d\000e\000\040\000n\000\355\000v\000e\000l\000\040\000e\000\040\000C\000u\000r\000v\000a\000s\000\040\000n\000o\000\040\000e\000s\000p\000a\000\347\000o}{appendix.477}% 36
\BOOKMARK [1][-]{section.670}{\376\377\000M\000\341\000x\000i\000m\000o\000s\000\040\000e\000\040\000m\000\355\000n\000i\000m\000o\000s\000\040\000l\000o\000c\000a\000i\000s\000\040\000e\000m\000\040\000a\000b\000e\000r\000t\000o\000s\000\040\000d\000e\000\040\000R\0002}{appendix.477}% 37
\BOOKMARK [1][-]{section.690}{\376\377\000M\000\341\000x\000i\000m\000o\000s\000\040\000e\000\040\000m\000\355\000n\000i\000m\000o\000s\000\040\000c\000o\000n\000d\000i\000c\000i\000o\000n\000a\000d\000o\000s}{appendix.477}% 38
\BOOKMARK [-1][-]{section*.713}{\376\377\000P\000\363\000s\000-\000t\000e\000x\000t\000u\000a\000l}{}% 39
