This is pdfTeX, Version 3.141592653-2.6-1.40.22 (TeX Live 2022/dev/Debian) (preloaded format=pdflatex 2023.5.30)  11 OCT 2023 20:38
entering extended mode
 restricted \write18 enabled.
 %&-line parsing enabled.
**\nonstopmode \input{main.tex}
(./main.tex (/usr/share/texlive/texmf-dist/tex/latex/base/book.cls
Document Class: book 2021/10/04 v1.4n Standard LaTeX document class
(/usr/share/texlive/texmf-dist/tex/latex/base/bk10.clo
File: bk10.clo 2021/10/04 v1.4n Standard LaTeX file (size option)
)
\c@part=\count185
\c@chapter=\count186
\c@section=\count187
\c@subsection=\count188
\c@subsubsection=\count189
\c@paragraph=\count190
\c@subparagraph=\count191
\c@figure=\count192
\c@table=\count193
\abovecaptionskip=\skip47
\belowcaptionskip=\skip48
\bibindent=\dimen138
)
(/usr/share/texlive/texmf-dist/tex/latex/geometry/geometry.sty
Package: geometry 2020/01/02 v5.9 Page Geometry

(/usr/share/texlive/texmf-dist/tex/latex/graphics/keyval.sty
Package: keyval 2014/10/28 v1.15 key=value parser (DPC)
\KV@toks@=\toks16
)
(/usr/share/texlive/texmf-dist/tex/generic/iftex/ifvtex.sty
Package: ifvtex 2019/10/25 v1.7 ifvtex legacy package. Use iftex instead.

(/usr/share/texlive/texmf-dist/tex/generic/iftex/iftex.sty
Package: iftex 2020/03/06 v1.0d TeX engine tests
))
\Gm@cnth=\count194
\Gm@cntv=\count195
\c@Gm@tempcnt=\count196
\Gm@bindingoffset=\dimen139
\Gm@wd@mp=\dimen140
\Gm@odd@mp=\dimen141
\Gm@even@mp=\dimen142
\Gm@layoutwidth=\dimen143
\Gm@layoutheight=\dimen144
\Gm@layouthoffset=\dimen145
\Gm@layoutvoffset=\dimen146
\Gm@dimlist=\toks17
)
(/usr/share/texlive/texmf-dist/tex/latex/base/ifthen.sty
Package: ifthen 2020/11/24 v1.1c Standard LaTeX ifthen package (DPC)
)
(/usr/share/texlive/texmf-dist/tex/latex/etoolbox/etoolbox.sty
Package: etoolbox 2020/10/05 v2.5k e-TeX tools for LaTeX (JAW)
\etb@tempcnta=\count197
)
(/usr/share/texlive/texmf-dist/tex/generic/iftex/ifxetex.sty
Package: ifxetex 2019/10/25 v0.7 ifxetex legacy package. Use iftex instead.
)
(/usr/share/texlive/texmf-dist/tex/generic/iftex/ifluatex.sty
Package: ifluatex 2019/10/25 v1.5 ifluatex legacy package. Use iftex instead.
)
(/usr/share/texlive/texmf-dist/tex/latex/graphics/graphicx.sty
Package: graphicx 2021/09/16 v1.2d Enhanced LaTeX Graphics (DPC,SPQR)

(/usr/share/texlive/texmf-dist/tex/latex/graphics/graphics.sty
Package: graphics 2021/03/04 v1.4d Standard LaTeX Graphics (DPC,SPQR)

(/usr/share/texlive/texmf-dist/tex/latex/graphics/trig.sty
Package: trig 2021/08/11 v1.11 sin cos tan (DPC)
)
(/usr/share/texlive/texmf-dist/tex/latex/graphics-cfg/graphics.cfg
File: graphics.cfg 2016/06/04 v1.11 sample graphics configuration
)
Package graphics Info: Driver file: pdftex.def on input line 107.

(/usr/share/texlive/texmf-dist/tex/latex/graphics-def/pdftex.def
File: pdftex.def 2020/10/05 v1.2a Graphics/color driver for pdftex
))
\Gin@req@height=\dimen147
\Gin@req@width=\dimen148
)
(/usr/share/texlive/texmf-dist/tex/latex/xcolor/xcolor.sty
Package: xcolor 2021/10/31 v2.13 LaTeX color extensions (UK)

(/usr/share/texlive/texmf-dist/tex/latex/graphics-cfg/color.cfg
File: color.cfg 2016/01/02 v1.6 sample color configuration
)
Package xcolor Info: Package option `usenames' ignored on input line 218.
Package xcolor Info: Driver file: pdftex.def on input line 227.

(/usr/share/texlive/texmf-dist/tex/latex/colortbl/colortbl.sty
Package: colortbl 2020/01/04 v1.0e Color table columns (DPC)

(/usr/share/texlive/texmf-dist/tex/latex/tools/array.sty
Package: array 2021/10/04 v2.5f Tabular extension package (FMi)
\col@sep=\dimen149
\ar@mcellbox=\box50
\extrarowheight=\dimen150
\NC@list=\toks18
\extratabsurround=\skip49
\backup@length=\skip50
\ar@cellbox=\box51
)
\everycr=\toks19
\minrowclearance=\skip51
)
\rownum=\count198
Package xcolor Info: Model `cmy' substituted by `cmy0' on input line 1352.
Package xcolor Info: Model `hsb' substituted by `rgb' on input line 1356.
Package xcolor Info: Model `RGB' extended on input line 1368.
Package xcolor Info: Model `HTML' substituted by `rgb' on input line 1370.
Package xcolor Info: Model `Hsb' substituted by `hsb' on input line 1371.
Package xcolor Info: Model `tHsb' substituted by `hsb' on input line 1372.
Package xcolor Info: Model `HSB' substituted by `hsb' on input line 1373.
Package xcolor Info: Model `Gray' substituted by `gray' on input line 1374.
Package xcolor Info: Model `wave' substituted by `hsb' on input line 1375.

(/usr/share/texlive/texmf-dist/tex/latex/graphics/dvipsnam.def
File: dvipsnam.def 2016/06/17 v3.0m Driver-dependent file (DPC,SPQR)
)
(/usr/share/texlive/texmf-dist/tex/latex/xcolor/svgnam.def
File: svgnam.def 2021/10/31 v2.13 Predefined colors according to SVG 1.1 (UK)
))
(/usr/share/texlive/texmf-dist/tex/latex/tcolorbox/tcolorbox.sty
Package: tcolorbox 2022/01/07 version 5.0.2 text color boxes

(/usr/share/texlive/texmf-dist/tex/latex/pgf/basiclayer/pgf.sty
(/usr/share/texlive/texmf-dist/tex/latex/pgf/utilities/pgfrcs.sty
(/usr/share/texlive/texmf-dist/tex/generic/pgf/utilities/pgfutil-common.tex
\pgfutil@everybye=\toks20
\pgfutil@tempdima=\dimen151
\pgfutil@tempdimb=\dimen152

(/usr/share/texlive/texmf-dist/tex/generic/pgf/utilities/pgfutil-common-lists.t
ex)) (/usr/share/texlive/texmf-dist/tex/generic/pgf/utilities/pgfutil-latex.def
\pgfutil@abb=\box52
) (/usr/share/texlive/texmf-dist/tex/generic/pgf/utilities/pgfrcs.code.tex
(/usr/share/texlive/texmf-dist/tex/generic/pgf/pgf.revision.tex)
Package: pgfrcs 2021/05/15 v3.1.9a (3.1.9a)
))
Package: pgf 2021/05/15 v3.1.9a (3.1.9a)

(/usr/share/texlive/texmf-dist/tex/latex/pgf/basiclayer/pgfcore.sty
(/usr/share/texlive/texmf-dist/tex/latex/pgf/systemlayer/pgfsys.sty
(/usr/share/texlive/texmf-dist/tex/generic/pgf/systemlayer/pgfsys.code.tex
Package: pgfsys 2021/05/15 v3.1.9a (3.1.9a)

(/usr/share/texlive/texmf-dist/tex/generic/pgf/utilities/pgfkeys.code.tex
\pgfkeys@pathtoks=\toks21
\pgfkeys@temptoks=\toks22

(/usr/share/texlive/texmf-dist/tex/generic/pgf/utilities/pgfkeysfiltered.code.t
ex
\pgfkeys@tmptoks=\toks23
))
\pgf@x=\dimen153
\pgf@y=\dimen154
\pgf@xa=\dimen155
\pgf@ya=\dimen156
\pgf@xb=\dimen157
\pgf@yb=\dimen158
\pgf@xc=\dimen159
\pgf@yc=\dimen160
\pgf@xd=\dimen161
\pgf@yd=\dimen162
\w@pgf@writea=\write3
\r@pgf@reada=\read2
\c@pgf@counta=\count199
\c@pgf@countb=\count266
\c@pgf@countc=\count267
\c@pgf@countd=\count268
\t@pgf@toka=\toks24
\t@pgf@tokb=\toks25
\t@pgf@tokc=\toks26
\pgf@sys@id@count=\count269
 (/usr/share/texlive/texmf-dist/tex/generic/pgf/systemlayer/pgf.cfg
File: pgf.cfg 2021/05/15 v3.1.9a (3.1.9a)
)
Driver file for pgf: pgfsys-pdftex.def

(/usr/share/texlive/texmf-dist/tex/generic/pgf/systemlayer/pgfsys-pdftex.def
File: pgfsys-pdftex.def 2021/05/15 v3.1.9a (3.1.9a)

(/usr/share/texlive/texmf-dist/tex/generic/pgf/systemlayer/pgfsys-common-pdf.de
f
File: pgfsys-common-pdf.def 2021/05/15 v3.1.9a (3.1.9a)
)))
(/usr/share/texlive/texmf-dist/tex/generic/pgf/systemlayer/pgfsyssoftpath.code.
tex
File: pgfsyssoftpath.code.tex 2021/05/15 v3.1.9a (3.1.9a)
\pgfsyssoftpath@smallbuffer@items=\count270
\pgfsyssoftpath@bigbuffer@items=\count271
)
(/usr/share/texlive/texmf-dist/tex/generic/pgf/systemlayer/pgfsysprotocol.code.
tex
File: pgfsysprotocol.code.tex 2021/05/15 v3.1.9a (3.1.9a)
))
(/usr/share/texlive/texmf-dist/tex/generic/pgf/basiclayer/pgfcore.code.tex
Package: pgfcore 2021/05/15 v3.1.9a (3.1.9a)

(/usr/share/texlive/texmf-dist/tex/generic/pgf/math/pgfmath.code.tex
(/usr/share/texlive/texmf-dist/tex/generic/pgf/math/pgfmathcalc.code.tex
(/usr/share/texlive/texmf-dist/tex/generic/pgf/math/pgfmathutil.code.tex)
(/usr/share/texlive/texmf-dist/tex/generic/pgf/math/pgfmathparser.code.tex
\pgfmath@dimen=\dimen163
\pgfmath@count=\count272
\pgfmath@box=\box53
\pgfmath@toks=\toks27
\pgfmath@stack@operand=\toks28
\pgfmath@stack@operation=\toks29
)
(/usr/share/texlive/texmf-dist/tex/generic/pgf/math/pgfmathfunctions.code.tex
(/usr/share/texlive/texmf-dist/tex/generic/pgf/math/pgfmathfunctions.basic.code
.tex)
(/usr/share/texlive/texmf-dist/tex/generic/pgf/math/pgfmathfunctions.trigonomet
ric.code.tex)
(/usr/share/texlive/texmf-dist/tex/generic/pgf/math/pgfmathfunctions.random.cod
e.tex)
(/usr/share/texlive/texmf-dist/tex/generic/pgf/math/pgfmathfunctions.comparison
.code.tex)
(/usr/share/texlive/texmf-dist/tex/generic/pgf/math/pgfmathfunctions.base.code.
tex)
(/usr/share/texlive/texmf-dist/tex/generic/pgf/math/pgfmathfunctions.round.code
.tex)
(/usr/share/texlive/texmf-dist/tex/generic/pgf/math/pgfmathfunctions.misc.code.
tex)
(/usr/share/texlive/texmf-dist/tex/generic/pgf/math/pgfmathfunctions.integerari
thmetics.code.tex)))
(/usr/share/texlive/texmf-dist/tex/generic/pgf/math/pgfmathfloat.code.tex
\c@pgfmathroundto@lastzeros=\count273
))
(/usr/share/texlive/texmf-dist/tex/generic/pgf/math/pgfint.code.tex)
(/usr/share/texlive/texmf-dist/tex/generic/pgf/basiclayer/pgfcorepoints.code.te
x
File: pgfcorepoints.code.tex 2021/05/15 v3.1.9a (3.1.9a)
\pgf@picminx=\dimen164
\pgf@picmaxx=\dimen165
\pgf@picminy=\dimen166
\pgf@picmaxy=\dimen167
\pgf@pathminx=\dimen168
\pgf@pathmaxx=\dimen169
\pgf@pathminy=\dimen170
\pgf@pathmaxy=\dimen171
\pgf@xx=\dimen172
\pgf@xy=\dimen173
\pgf@yx=\dimen174
\pgf@yy=\dimen175
\pgf@zx=\dimen176
\pgf@zy=\dimen177
)
(/usr/share/texlive/texmf-dist/tex/generic/pgf/basiclayer/pgfcorepathconstruct.
code.tex
File: pgfcorepathconstruct.code.tex 2021/05/15 v3.1.9a (3.1.9a)
\pgf@path@lastx=\dimen178
\pgf@path@lasty=\dimen179
)
(/usr/share/texlive/texmf-dist/tex/generic/pgf/basiclayer/pgfcorepathusage.code
.tex
File: pgfcorepathusage.code.tex 2021/05/15 v3.1.9a (3.1.9a)
\pgf@shorten@end@additional=\dimen180
\pgf@shorten@start@additional=\dimen181
)
(/usr/share/texlive/texmf-dist/tex/generic/pgf/basiclayer/pgfcorescopes.code.te
x
File: pgfcorescopes.code.tex 2021/05/15 v3.1.9a (3.1.9a)
\pgfpic=\box54
\pgf@hbox=\box55
\pgf@layerbox@main=\box56
\pgf@picture@serial@count=\count274
)
(/usr/share/texlive/texmf-dist/tex/generic/pgf/basiclayer/pgfcoregraphicstate.c
ode.tex
File: pgfcoregraphicstate.code.tex 2021/05/15 v3.1.9a (3.1.9a)
\pgflinewidth=\dimen182
)
(/usr/share/texlive/texmf-dist/tex/generic/pgf/basiclayer/pgfcoretransformation
s.code.tex
File: pgfcoretransformations.code.tex 2021/05/15 v3.1.9a (3.1.9a)
\pgf@pt@x=\dimen183
\pgf@pt@y=\dimen184
\pgf@pt@temp=\dimen185
)
(/usr/share/texlive/texmf-dist/tex/generic/pgf/basiclayer/pgfcorequick.code.tex
File: pgfcorequick.code.tex 2021/05/15 v3.1.9a (3.1.9a)
)
(/usr/share/texlive/texmf-dist/tex/generic/pgf/basiclayer/pgfcoreobjects.code.t
ex
File: pgfcoreobjects.code.tex 2021/05/15 v3.1.9a (3.1.9a)
)
(/usr/share/texlive/texmf-dist/tex/generic/pgf/basiclayer/pgfcorepathprocessing
.code.tex
File: pgfcorepathprocessing.code.tex 2021/05/15 v3.1.9a (3.1.9a)
)
(/usr/share/texlive/texmf-dist/tex/generic/pgf/basiclayer/pgfcorearrows.code.te
x
File: pgfcorearrows.code.tex 2021/05/15 v3.1.9a (3.1.9a)
\pgfarrowsep=\dimen186
)
(/usr/share/texlive/texmf-dist/tex/generic/pgf/basiclayer/pgfcoreshade.code.tex
File: pgfcoreshade.code.tex 2021/05/15 v3.1.9a (3.1.9a)
\pgf@max=\dimen187
\pgf@sys@shading@range@num=\count275
\pgf@shadingcount=\count276
)
(/usr/share/texlive/texmf-dist/tex/generic/pgf/basiclayer/pgfcoreimage.code.tex
File: pgfcoreimage.code.tex 2021/05/15 v3.1.9a (3.1.9a)

(/usr/share/texlive/texmf-dist/tex/generic/pgf/basiclayer/pgfcoreexternal.code.
tex
File: pgfcoreexternal.code.tex 2021/05/15 v3.1.9a (3.1.9a)
\pgfexternal@startupbox=\box57
))
(/usr/share/texlive/texmf-dist/tex/generic/pgf/basiclayer/pgfcorelayers.code.te
x
File: pgfcorelayers.code.tex 2021/05/15 v3.1.9a (3.1.9a)
)
(/usr/share/texlive/texmf-dist/tex/generic/pgf/basiclayer/pgfcoretransparency.c
ode.tex
File: pgfcoretransparency.code.tex 2021/05/15 v3.1.9a (3.1.9a)
)
(/usr/share/texlive/texmf-dist/tex/generic/pgf/basiclayer/pgfcorepatterns.code.
tex
File: pgfcorepatterns.code.tex 2021/05/15 v3.1.9a (3.1.9a)
)
(/usr/share/texlive/texmf-dist/tex/generic/pgf/basiclayer/pgfcorerdf.code.tex
File: pgfcorerdf.code.tex 2021/05/15 v3.1.9a (3.1.9a)
)))
(/usr/share/texlive/texmf-dist/tex/generic/pgf/modules/pgfmoduleshapes.code.tex
File: pgfmoduleshapes.code.tex 2021/05/15 v3.1.9a (3.1.9a)
\pgfnodeparttextbox=\box58
) (/usr/share/texlive/texmf-dist/tex/generic/pgf/modules/pgfmoduleplot.code.tex
File: pgfmoduleplot.code.tex 2021/05/15 v3.1.9a (3.1.9a)
)
(/usr/share/texlive/texmf-dist/tex/latex/pgf/compatibility/pgfcomp-version-0-65
.sty
Package: pgfcomp-version-0-65 2021/05/15 v3.1.9a (3.1.9a)
\pgf@nodesepstart=\dimen188
\pgf@nodesepend=\dimen189
)
(/usr/share/texlive/texmf-dist/tex/latex/pgf/compatibility/pgfcomp-version-1-18
.sty
Package: pgfcomp-version-1-18 2021/05/15 v3.1.9a (3.1.9a)
)) (/usr/share/texlive/texmf-dist/tex/latex/tools/verbatim.sty
Package: verbatim 2020-07-07 v1.5u LaTeX2e package for verbatim enhancements
\every@verbatim=\toks30
\verbatim@line=\toks31
\verbatim@in@stream=\read3
)
(/usr/share/texlive/texmf-dist/tex/latex/environ/environ.sty
Package: environ 2014/05/04 v0.3 A new way to define environments

(/usr/share/texlive/texmf-dist/tex/latex/trimspaces/trimspaces.sty
Package: trimspaces 2009/09/17 v1.1 Trim spaces around a token list
)
\@envbody=\toks32
)
\tcb@titlebox=\box59
\tcb@upperbox=\box60
\tcb@lowerbox=\box61
\tcb@phantombox=\box62
\c@tcbbreakpart=\count277
\c@tcblayer=\count278
\c@tcolorbox@number=\count279
\tcb@temp=\box63
\tcb@temp=\box64
\tcb@temp=\box65
\tcb@temp=\box66
)
(/usr/share/texlive/texmf-dist/tex/latex/tcolorbox/tcbskins.code.tex
Library (tcolorbox): 'tcbskins.code.tex' version '5.0.2'
(/usr/share/texlive/texmf-dist/tex/latex/pgf/frontendlayer/tikz.sty
(/usr/share/texlive/texmf-dist/tex/latex/pgf/utilities/pgffor.sty
(/usr/share/texlive/texmf-dist/tex/latex/pgf/utilities/pgfkeys.sty
(/usr/share/texlive/texmf-dist/tex/generic/pgf/utilities/pgfkeys.code.tex))
(/usr/share/texlive/texmf-dist/tex/latex/pgf/math/pgfmath.sty
(/usr/share/texlive/texmf-dist/tex/generic/pgf/math/pgfmath.code.tex))
(/usr/share/texlive/texmf-dist/tex/generic/pgf/utilities/pgffor.code.tex
Package: pgffor 2021/05/15 v3.1.9a (3.1.9a)

(/usr/share/texlive/texmf-dist/tex/generic/pgf/math/pgfmath.code.tex)
\pgffor@iter=\dimen190
\pgffor@skip=\dimen191
\pgffor@stack=\toks33
\pgffor@toks=\toks34
))
(/usr/share/texlive/texmf-dist/tex/generic/pgf/frontendlayer/tikz/tikz.code.tex
Package: tikz 2021/05/15 v3.1.9a (3.1.9a)

(/usr/share/texlive/texmf-dist/tex/generic/pgf/libraries/pgflibraryplothandlers
.code.tex
File: pgflibraryplothandlers.code.tex 2021/05/15 v3.1.9a (3.1.9a)
\pgf@plot@mark@count=\count280
\pgfplotmarksize=\dimen192
)
\tikz@lastx=\dimen193
\tikz@lasty=\dimen194
\tikz@lastxsaved=\dimen195
\tikz@lastysaved=\dimen196
\tikz@lastmovetox=\dimen197
\tikz@lastmovetoy=\dimen198
\tikzleveldistance=\dimen199
\tikzsiblingdistance=\dimen256
\tikz@figbox=\box67
\tikz@figbox@bg=\box68
\tikz@tempbox=\box69
\tikz@tempbox@bg=\box70
\tikztreelevel=\count281
\tikznumberofchildren=\count282
\tikznumberofcurrentchild=\count283
\tikz@fig@count=\count284

(/usr/share/texlive/texmf-dist/tex/generic/pgf/modules/pgfmodulematrix.code.tex
File: pgfmodulematrix.code.tex 2021/05/15 v3.1.9a (3.1.9a)
\pgfmatrixcurrentrow=\count285
\pgfmatrixcurrentcolumn=\count286
\pgf@matrix@numberofcolumns=\count287
)
\tikz@expandcount=\count288

(/usr/share/texlive/texmf-dist/tex/generic/pgf/frontendlayer/tikz/libraries/tik
zlibrarytopaths.code.tex
File: tikzlibrarytopaths.code.tex 2021/05/15 v3.1.9a (3.1.9a)
)))
\tcb@waterbox=\box71

(/usr/share/texlive/texmf-dist/tex/latex/tcolorbox/tcbskinsjigsaw.code.tex
Library (tcolorbox): 'tcbskinsjigsaw.code.tex' version '5.0.2'
)) (/usr/share/texlive/texmf-dist/tex/latex/tcolorbox/tcbbreakable.code.tex
Library (tcolorbox): 'tcbbreakable.code.tex' version '5.0.2'
(/usr/share/texlive/texmf-dist/tex/generic/oberdiek/pdfcol.sty
Package: pdfcol 2019/12/29 v1.6 Handle new color stacks for pdfTeX (HO)

(/usr/share/texlive/texmf-dist/tex/generic/ltxcmds/ltxcmds.sty
Package: ltxcmds 2020-05-10 v1.25 LaTeX kernel commands for general use (HO)
)
(/usr/share/texlive/texmf-dist/tex/generic/infwarerr/infwarerr.sty
Package: infwarerr 2019/12/03 v1.5 Providing info/warning/error messages (HO)
))
Package pdfcol Info: New color stack `tcb@breakable' = 1 on input line 23.
\tcb@testbox=\box72
\tcb@totalupperbox=\box73
\tcb@totallowerbox=\box74
)
(/usr/share/texlive/texmf-dist/tex/latex/tcolorbox/tcbraster.code.tex
Library (tcolorbox): 'tcbraster.code.tex' version '5.0.2'
\c@tcbrastercolumn=\count289
\c@tcbrasterrow=\count290
\c@tcbrasternum=\count291
\c@tcbraster=\count292
) (/usr/share/texlive/texmf-dist/tex/latex/tcolorbox/tcbxparse.code.tex
Library (tcolorbox): 'tcbxparse.code.tex' version '5.0.2'
(/usr/share/texlive/texmf-dist/tex/latex/l3packages/xparse/xparse.sty
(/usr/share/texlive/texmf-dist/tex/latex/l3kernel/expl3.sty
Package: expl3 2022-01-21 L3 programming layer (loader) 

(/usr/share/texlive/texmf-dist/tex/latex/l3backend/l3backend-pdftex.def
File: l3backend-pdftex.def 2022-01-12 L3 backend support: PDF output (pdfTeX)
\l__color_backend_stack_int=\count293
\l__pdf_internal_box=\box75
))
Package: xparse 2022-01-12 L3 Experimental document command parser
))
(/usr/share/texlive/texmf-dist/tex/generic/pgf/frontendlayer/tikz/libraries/tik
zlibrarycalc.code.tex
File: tikzlibrarycalc.code.tex 2021/05/15 v3.1.9a (3.1.9a)
)
(/usr/share/texlive/texmf-dist/tex/latex/tcolorbox/tcbhooks.code.tex
Library (tcolorbox): 'tcbhooks.code.tex' version '5.0.2'
)
\normalparindent=\skip52
 (/usr/share/texlive/texmf-dist/tex/generic/xstring/xstring.sty
(/usr/share/texlive/texmf-dist/tex/generic/xstring/xstring.tex
\integerpart=\count294
\decimalpart=\count295
)
Package: xstring 2021/07/21 v1.84 String manipulations (CT)
)
(/usr/share/texlive/texmf-dist/tex/latex/base/inputenc.sty
Package: inputenc 2021/02/14 v1.3d Input encoding file
\inpenc@prehook=\toks35
\inpenc@posthook=\toks36
)
(/usr/share/texmf/tex/latex/lm/lmodern.sty
Package: lmodern 2009/10/30 v1.6 Latin Modern Fonts
LaTeX Font Info:    Overwriting symbol font `operators' in version `normal'
(Font)                  OT1/cmr/m/n --> OT1/lmr/m/n on input line 22.
LaTeX Font Info:    Overwriting symbol font `letters' in version `normal'
(Font)                  OML/cmm/m/it --> OML/lmm/m/it on input line 23.
LaTeX Font Info:    Overwriting symbol font `symbols' in version `normal'
(Font)                  OMS/cmsy/m/n --> OMS/lmsy/m/n on input line 24.
LaTeX Font Info:    Overwriting symbol font `largesymbols' in version `normal'
(Font)                  OMX/cmex/m/n --> OMX/lmex/m/n on input line 25.
LaTeX Font Info:    Overwriting symbol font `operators' in version `bold'
(Font)                  OT1/cmr/bx/n --> OT1/lmr/bx/n on input line 26.
LaTeX Font Info:    Overwriting symbol font `letters' in version `bold'
(Font)                  OML/cmm/b/it --> OML/lmm/b/it on input line 27.
LaTeX Font Info:    Overwriting symbol font `symbols' in version `bold'
(Font)                  OMS/cmsy/b/n --> OMS/lmsy/b/n on input line 28.
LaTeX Font Info:    Overwriting symbol font `largesymbols' in version `bold'
(Font)                  OMX/cmex/m/n --> OMX/lmex/m/n on input line 29.
LaTeX Font Info:    Overwriting math alphabet `\mathbf' in version `normal'
(Font)                  OT1/cmr/bx/n --> OT1/lmr/bx/n on input line 31.
LaTeX Font Info:    Overwriting math alphabet `\mathsf' in version `normal'
(Font)                  OT1/cmss/m/n --> OT1/lmss/m/n on input line 32.
LaTeX Font Info:    Overwriting math alphabet `\mathit' in version `normal'
(Font)                  OT1/cmr/m/it --> OT1/lmr/m/it on input line 33.
LaTeX Font Info:    Overwriting math alphabet `\mathtt' in version `normal'
(Font)                  OT1/cmtt/m/n --> OT1/lmtt/m/n on input line 34.
LaTeX Font Info:    Overwriting math alphabet `\mathbf' in version `bold'
(Font)                  OT1/cmr/bx/n --> OT1/lmr/bx/n on input line 35.
LaTeX Font Info:    Overwriting math alphabet `\mathsf' in version `bold'
(Font)                  OT1/cmss/bx/n --> OT1/lmss/bx/n on input line 36.
LaTeX Font Info:    Overwriting math alphabet `\mathit' in version `bold'
(Font)                  OT1/cmr/bx/it --> OT1/lmr/bx/it on input line 37.
LaTeX Font Info:    Overwriting math alphabet `\mathtt' in version `bold'
(Font)                  OT1/cmtt/m/n --> OT1/lmtt/m/n on input line 38.
)
(/usr/share/texlive/texmf-dist/tex/latex/base/fontenc.sty
Package: fontenc 2021/04/29 v2.0v Standard LaTeX package
LaTeX Font Info:    Trying to load font information for T1+lmr on input line 11
2.

(/usr/share/texmf/tex/latex/lm/t1lmr.fd
File: t1lmr.fd 2009/10/30 v1.6 Font defs for Latin Modern
))
(/usr/share/texlive/texmf-dist/tex/latex/inconsolata/inconsolata.sty
Package: inconsolata 2019/05/17 v1.12

`inconsolata-zi4' v1.12, 2019/05/17 Text macros for Inconsolata (msharpe)
(/usr/share/texlive/texmf-dist/tex/latex/base/textcomp.sty
Package: textcomp 2020/02/02 v2.0n Standard LaTeX package
)
(/usr/share/texlive/texmf-dist/tex/latex/xkeyval/xkeyval.sty
Package: xkeyval 2020/11/20 v2.8 package option processing (HA)

(/usr/share/texlive/texmf-dist/tex/generic/xkeyval/xkeyval.tex
(/usr/share/texlive/texmf-dist/tex/generic/xkeyval/xkvutils.tex
\XKV@toks=\toks37
\XKV@tempa@toks=\toks38
)
\XKV@depth=\count296
File: xkeyval.tex 2014/12/03 v2.7a key=value parser (HA)
))
\zifour@ocount=\count297
)
(/usr/share/texlive/texmf-dist/tex/latex/microtype/microtype.sty
Package: microtype 2021/12/10 v3.0b Micro-typographical refinements (RS)
\MT@toks=\toks39
\MT@count=\count298
\MT@tempbox=\box76
LaTeX Info: Redefining \leftprotrusion on input line 1010.
LaTeX Info: Redefining \rightprotrusion on input line 1018.
LaTeX Info: Redefining \textls on input line 1173.
\MT@outer@kern=\dimen257
LaTeX Info: Redefining \textmicrotypecontext on input line 1759.
\MT@listname@count=\count299

(/usr/share/texlive/texmf-dist/tex/latex/microtype/microtype-pdftex.def
File: microtype-pdftex.def 2021/12/10 v3.0b Definitions specific to pdftex (RS)

LaTeX Info: Redefining \lsstyle on input line 897.
LaTeX Info: Redefining \lslig on input line 897.
\MT@outer@space=\skip53
)
Package microtype Info: Loading configuration file microtype.cfg.

(/usr/share/texlive/texmf-dist/tex/latex/microtype/microtype.cfg
File: microtype.cfg 2021/12/10 v3.0b microtype main configuration file (RS)
))
(/usr/share/texlive/texmf-dist/tex/latex/amsmath/amsmath.sty
Package: amsmath 2021/10/15 v2.17l AMS math features
\@mathmargin=\skip54

For additional information on amsmath, use the `?' option.
(/usr/share/texlive/texmf-dist/tex/latex/amsmath/amstext.sty
Package: amstext 2021/08/26 v2.01 AMS text

(/usr/share/texlive/texmf-dist/tex/latex/amsmath/amsgen.sty
File: amsgen.sty 1999/11/30 v2.0 generic functions
\@emptytoks=\toks40
\ex@=\dimen258
))
(/usr/share/texlive/texmf-dist/tex/latex/amsmath/amsbsy.sty
Package: amsbsy 1999/11/29 v1.2d Bold Symbols
\pmbraise@=\dimen259
)
(/usr/share/texlive/texmf-dist/tex/latex/amsmath/amsopn.sty
Package: amsopn 2021/08/26 v2.02 operator names
)
\inf@bad=\count300
LaTeX Info: Redefining \frac on input line 234.
\uproot@=\count301
\leftroot@=\count302
LaTeX Info: Redefining \overline on input line 399.
\classnum@=\count303
\DOTSCASE@=\count304
LaTeX Info: Redefining \ldots on input line 496.
LaTeX Info: Redefining \dots on input line 499.
LaTeX Info: Redefining \cdots on input line 620.
\Mathstrutbox@=\box77
\strutbox@=\box78
\big@size=\dimen260
LaTeX Font Info:    Redeclaring font encoding OML on input line 743.
LaTeX Font Info:    Redeclaring font encoding OMS on input line 744.
\macc@depth=\count305
\c@MaxMatrixCols=\count306
\dotsspace@=\muskip16
\c@parentequation=\count307
\dspbrk@lvl=\count308
\tag@help=\toks41
\row@=\count309
\column@=\count310
\maxfields@=\count311
\andhelp@=\toks42
\eqnshift@=\dimen261
\alignsep@=\dimen262
\tagshift@=\dimen263
\tagwidth@=\dimen264
\totwidth@=\dimen265
\lineht@=\dimen266
\@envbody=\toks43
\multlinegap=\skip55
\multlinetaggap=\skip56
\mathdisplay@stack=\toks44
LaTeX Info: Redefining \[ on input line 2938.
LaTeX Info: Redefining \] on input line 2939.
)
(/usr/share/texlive/texmf-dist/tex/latex/amsmath/amscd.sty
Package: amscd 2017/04/14 v2.1 AMS Commutative Diagrams
\athelp@=\toks45
\minaw@=\dimen267
\bigaw@=\dimen268
\minCDarrowwidth=\dimen269
)
(/usr/share/texlive/texmf-dist/tex/latex/amsfonts/amssymb.sty
Package: amssymb 2013/01/14 v3.01 AMS font symbols

(/usr/share/texlive/texmf-dist/tex/latex/amsfonts/amsfonts.sty
Package: amsfonts 2013/01/14 v3.01 Basic AMSFonts support
\symAMSa=\mathgroup4
\symAMSb=\mathgroup5
LaTeX Font Info:    Redeclaring math symbol \hbar on input line 98.
LaTeX Font Info:    Overwriting math alphabet `\mathfrak' in version `bold'
(Font)                  U/euf/m/n --> U/euf/b/n on input line 106.
))
(/usr/share/texlive/texmf-dist/tex/latex/l3packages/xfrac/xfrac.sty
(/usr/share/texlive/texmf-dist/tex/latex/l3packages/l3keys2e/l3keys2e.sty
Package: l3keys2e 2022-01-12 LaTeX2e option processing using LaTeX3 keys
)
(/usr/share/texlive/texmf-dist/tex/latex/l3packages/xtemplate/xtemplate.sty
Package: xtemplate 2022-01-12 L3 Experimental prototype document functions
\l__xtemplate_tmp_dim=\dimen270
\l__xtemplate_tmp_int=\count312
\l__xtemplate_tmp_muskip=\muskip17
\l__xtemplate_tmp_skip=\skip57
)
Package: xfrac 2022-01-12 L3 Experimental split-level fractions
\l__xfrac_slash_box=\box79
\l__xfrac_tmp_box=\box80
\l__xfrac_denominator_bot_sep_dim=\dimen271
\l__xfrac_numerator_bot_sep_dim=\dimen272
\l__xfrac_numerator_top_sep_dim=\dimen273
\l__xfrac_slash_left_sep_dim=\dimen274
\l__xfrac_slash_right_sep_dim=\dimen275
\l__xfrac_slash_left_muskip=\muskip18
\l__xfrac_slash_right_muskip=\muskip19

Package xtemplate Info: Declaring object type 'xfrac' taking 3 argument(s) on
(xtemplate)             line 80.

)
(/usr/share/texlive/texmf-dist/tex/latex/titlesec/titlesec.sty
Package: titlesec 2021/07/05 v2.14 Sectioning titles
\ttl@box=\box81
\beforetitleunit=\skip58
\aftertitleunit=\skip59
\ttl@plus=\dimen276
\ttl@minus=\dimen277
\ttl@toksa=\toks46
\titlewidth=\dimen278
\titlewidthlast=\dimen279
\titlewidthfirst=\dimen280

(/usr/share/texlive/texmf-dist/tex/latex/titlesec/titleps.sty))
(/usr/share/texlive/texmf-dist/tex/latex/titlesec/titletoc.sty
Package: titletoc 2021/07/05 v2.14 TOC entries
\ttl@leftsep=\dimen281
)
(/usr/share/texlive/texmf-dist/tex/latex/tools/multicol.sty
Package: multicol 2021/10/28 v1.9b multicolumn formatting (FMi)
\c@tracingmulticols=\count313
\mult@box=\box82
\multicol@leftmargin=\dimen282
\c@unbalance=\count314
\c@collectmore=\count315
\doublecol@number=\count316
\multicoltolerance=\count317
\multicolpretolerance=\count318
\full@width=\dimen283
\page@free=\dimen284
\premulticols=\dimen285
\postmulticols=\dimen286
\multicolsep=\skip60
\multicolbaselineskip=\skip61
\partial@page=\box83
\last@line=\box84
\maxbalancingoverflow=\dimen287
\mult@rightbox=\box85
\mult@grightbox=\box86
\mult@firstbox=\box87
\mult@gfirstbox=\box88
\@tempa=\box89
\@tempa=\box90
\@tempa=\box91
\@tempa=\box92
\@tempa=\box93
\@tempa=\box94
\@tempa=\box95
\@tempa=\box96
\@tempa=\box97
\@tempa=\box98
\@tempa=\box99
\@tempa=\box100
\@tempa=\box101
\@tempa=\box102
\@tempa=\box103
\@tempa=\box104
\@tempa=\box105
\@tempa=\box106
\@tempa=\box107
\@tempa=\box108
\@tempa=\box109
\@tempa=\box110
\@tempa=\box111
\@tempa=\box112
\@tempa=\box113
\@tempa=\box114
\@tempa=\box115
\@tempa=\box116
\@tempa=\box117
\@tempa=\box118
\@tempa=\box119
\@tempa=\box120
\@tempa=\box121
\@tempa=\box122
\@tempa=\box123
\@tempa=\box124
\c@minrows=\count319
\c@columnbadness=\count320
\c@finalcolumnbadness=\count321
\last@try=\dimen288
\multicolovershoot=\dimen289
\multicolundershoot=\dimen290
\mult@nat@firstbox=\box125
\colbreak@box=\box126
\mc@col@check@num=\count322
)
(/usr/share/texlive/texmf-dist/tex/latex/enumitem/enumitem.sty
Package: enumitem 2019/06/20 v3.9 Customized lists
\labelindent=\skip62
\enit@outerparindent=\dimen291
\enit@toks=\toks47
\enit@inbox=\box127
\enit@count@id=\count323
\enitdp@description=\count324
)
(/usr/share/texlive/texmf-dist/tex/latex/hyperref/hyperref.sty
Package: hyperref 2021-06-07 v7.00m Hypertext links for LaTeX

(/usr/share/texlive/texmf-dist/tex/generic/pdftexcmds/pdftexcmds.sty
Package: pdftexcmds 2020-06-27 v0.33 Utility functions of pdfTeX for LuaTeX (HO
)
Package pdftexcmds Info: \pdf@primitive is available.
Package pdftexcmds Info: \pdf@ifprimitive is available.
Package pdftexcmds Info: \pdfdraftmode found.
)
(/usr/share/texlive/texmf-dist/tex/generic/kvsetkeys/kvsetkeys.sty
Package: kvsetkeys 2019/12/15 v1.18 Key value parser (HO)
)
(/usr/share/texlive/texmf-dist/tex/generic/kvdefinekeys/kvdefinekeys.sty
Package: kvdefinekeys 2019-12-19 v1.6 Define keys (HO)
)
(/usr/share/texlive/texmf-dist/tex/generic/pdfescape/pdfescape.sty
Package: pdfescape 2019/12/09 v1.15 Implements pdfTeX's escape features (HO)
)
(/usr/share/texlive/texmf-dist/tex/latex/hycolor/hycolor.sty
Package: hycolor 2020-01-27 v1.10 Color options for hyperref/bookmark (HO)
)
(/usr/share/texlive/texmf-dist/tex/latex/letltxmacro/letltxmacro.sty
Package: letltxmacro 2019/12/03 v1.6 Let assignment for LaTeX macros (HO)
)
(/usr/share/texlive/texmf-dist/tex/latex/auxhook/auxhook.sty
Package: auxhook 2019-12-17 v1.6 Hooks for auxiliary files (HO)
)
(/usr/share/texlive/texmf-dist/tex/latex/kvoptions/kvoptions.sty
Package: kvoptions 2020-10-07 v3.14 Key value format for package options (HO)
)
\@linkdim=\dimen292
\Hy@linkcounter=\count325
\Hy@pagecounter=\count326

(/usr/share/texlive/texmf-dist/tex/latex/hyperref/pd1enc.def
File: pd1enc.def 2021-06-07 v7.00m Hyperref: PDFDocEncoding definition (HO)
Now handling font encoding PD1 ...
... no UTF-8 mapping file for font encoding PD1
)
(/usr/share/texlive/texmf-dist/tex/latex/hyperref/hyperref-langpatches.def
File: hyperref-langpatches.def 2021-06-07 v7.00m Hyperref: patches for babel la
nguages
)
(/usr/share/texlive/texmf-dist/tex/generic/intcalc/intcalc.sty
Package: intcalc 2019/12/15 v1.3 Expandable calculations with integers (HO)
)
(/usr/share/texlive/texmf-dist/tex/generic/etexcmds/etexcmds.sty
Package: etexcmds 2019/12/15 v1.7 Avoid name clashes with e-TeX commands (HO)
)
\Hy@SavedSpaceFactor=\count327

(/usr/share/texlive/texmf-dist/tex/latex/hyperref/puenc.def
File: puenc.def 2021-06-07 v7.00m Hyperref: PDF Unicode definition (HO)
Now handling font encoding PU ...
... no UTF-8 mapping file for font encoding PU
)
Package hyperref Info: Option `hyperfootnotes' set `false' on input line 4073.
Package hyperref Info: Hyper figures OFF on input line 4192.
Package hyperref Info: Link nesting OFF on input line 4197.
Package hyperref Info: Hyper index ON on input line 4200.
Package hyperref Info: Plain pages OFF on input line 4207.
Package hyperref Info: Backreferencing OFF on input line 4212.
Package hyperref Info: Implicit mode ON; LaTeX internals redefined.
Package hyperref Info: Bookmarks ON on input line 4445.
\c@Hy@tempcnt=\count328

(/usr/share/texlive/texmf-dist/tex/latex/url/url.sty
\Urlmuskip=\muskip20
Package: url 2013/09/16  ver 3.4  Verb mode for urls, etc.
)
LaTeX Info: Redefining \url on input line 4804.
\XeTeXLinkMargin=\dimen293

(/usr/share/texlive/texmf-dist/tex/generic/bitset/bitset.sty
Package: bitset 2019/12/09 v1.3 Handle bit-vector datatype (HO)

(/usr/share/texlive/texmf-dist/tex/generic/bigintcalc/bigintcalc.sty
Package: bigintcalc 2019/12/15 v1.5 Expandable calculations on big integers (HO
)
))
\Fld@menulength=\count329
\Field@Width=\dimen294
\Fld@charsize=\dimen295
Package hyperref Info: Hyper figures OFF on input line 6076.
Package hyperref Info: Link nesting OFF on input line 6081.
Package hyperref Info: Hyper index ON on input line 6084.
Package hyperref Info: backreferencing OFF on input line 6091.
Package hyperref Info: Link coloring OFF on input line 6096.
Package hyperref Info: Link coloring with OCG OFF on input line 6101.
Package hyperref Info: PDF/A mode OFF on input line 6106.
LaTeX Info: Redefining \ref on input line 6146.
LaTeX Info: Redefining \pageref on input line 6150.

(/usr/share/texlive/texmf-dist/tex/latex/base/atbegshi-ltx.sty
Package: atbegshi-ltx 2021/01/10 v1.0c Emulation of the original atbegshi
package with kernel methods
)
\Hy@abspage=\count330
\c@Item=\count331
)
Package hyperref Info: Driver (autodetected): hpdftex.

(/usr/share/texlive/texmf-dist/tex/latex/hyperref/hpdftex.def
File: hpdftex.def 2021-06-07 v7.00m Hyperref driver for pdfTeX

(/usr/share/texlive/texmf-dist/tex/latex/base/atveryend-ltx.sty
Package: atveryend-ltx 2020/08/19 v1.0a Emulation of the original atveryend pac
kage
with kernel methods
)
\Fld@listcount=\count332
\c@bookmark@seq@number=\count333

(/usr/share/texlive/texmf-dist/tex/latex/rerunfilecheck/rerunfilecheck.sty
Package: rerunfilecheck 2019/12/05 v1.9 Rerun checks for auxiliary files (HO)

(/usr/share/texlive/texmf-dist/tex/generic/uniquecounter/uniquecounter.sty
Package: uniquecounter 2019/12/15 v1.4 Provide unlimited unique counter (HO)
)
Package uniquecounter Info: New unique counter `rerunfilecheck' on input line 2
86.
)
\Hy@SectionHShift=\skip63
)
Package hyperref Info: Option `colorlinks' set `true' on input line 456.
Package hyperref Info: Option `hypertexnames' set `false' on input line 459.
\c@tcb@cnt@block=\count334
\c@tcb@cnt@project-distinct=\count335
\c@tcb@cnt@subdisplay=\count336

(/usr/share/texlive/texmf-dist/tex/latex/pgfplots/pgfplots.sty
(/usr/share/texlive/texmf-dist/tex/generic/pgfplots/pgfplots.revision.tex)
Package: pgfplots 2021/05/15 v1.18.1 Data Visualization (1.18.1)

(/usr/share/texlive/texmf-dist/tex/generic/pgfplots/pgfplots.code.tex
(/usr/share/texlive/texmf-dist/tex/generic/pgfplots/pgfplotscore.code.tex
\t@pgfplots@toka=\toks48
\t@pgfplots@tokb=\toks49
\t@pgfplots@tokc=\toks50
\pgfplots@tmpa=\dimen296
\c@pgfplots@coordindex=\count337
\c@pgfplots@scanlineindex=\count338

(/usr/share/texlive/texmf-dist/tex/generic/pgfplots/sys/pgfplotssysgeneric.code
.tex))
(/usr/share/texlive/texmf-dist/tex/generic/pgfplots/libs/pgfplotslibrary.code.t
ex)
(/usr/share/texlive/texmf-dist/tex/generic/pgfplots/oldpgfcompatib/pgfplotsoldp
gfsupp_loader.code.tex
(/usr/share/texlive/texmf-dist/tex/generic/pgf/libraries/pgflibraryfpu.code.tex
))
(/usr/share/texlive/texmf-dist/tex/generic/pgfplots/util/pgfplotsutil.code.tex
(/usr/share/texlive/texmf-dist/tex/generic/pgfplots/liststructure/pgfplotslists
tructure.code.tex)
(/usr/share/texlive/texmf-dist/tex/generic/pgfplots/liststructure/pgfplotslists
tructureext.code.tex)
(/usr/share/texlive/texmf-dist/tex/generic/pgfplots/liststructure/pgfplotsarray
.code.tex
\c@pgfplotsarray@tmp=\count339
)
(/usr/share/texlive/texmf-dist/tex/generic/pgfplots/liststructure/pgfplotsmatri
x.code.tex)
(/usr/share/texlive/texmf-dist/tex/generic/pgfplots/numtable/pgfplotstableshare
d.code.tex
\c@pgfplotstable@counta=\count340
\t@pgfplotstable@a=\toks51
)
(/usr/share/texlive/texmf-dist/tex/generic/pgfplots/liststructure/pgfplotsdeque
.code.tex)
(/usr/share/texlive/texmf-dist/tex/generic/pgfplots/util/pgfplotsbinary.code.te
x
(/usr/share/texlive/texmf-dist/tex/generic/pgfplots/util/pgfplotsbinary.data.co
de.tex))
(/usr/share/texlive/texmf-dist/tex/generic/pgfplots/util/pgfplotsutil.verb.code
.tex)
(/usr/share/texlive/texmf-dist/tex/generic/pgfplots/libs/pgflibrarypgfplots.sur
fshading.code.tex
\c@pgfplotslibrarysurf@no=\count341

(/usr/share/texlive/texmf-dist/tex/generic/pgfplots/sys/pgflibrarypgfplots.surf
shading.pgfsys-pdftex.def)))
(/usr/share/texlive/texmf-dist/tex/generic/pgfplots/util/pgfplotscolormap.code.
tex
(/usr/share/texlive/texmf-dist/tex/generic/pgfplots/util/pgfplotscolor.code.tex
))
(/usr/share/texlive/texmf-dist/tex/generic/pgfplots/pgfplotsstackedplots.code.t
ex)
(/usr/share/texlive/texmf-dist/tex/generic/pgfplots/pgfplotsplothandlers.code.t
ex
(/usr/share/texlive/texmf-dist/tex/generic/pgfplots/pgfplotsmeshplothandler.cod
e.tex
(/usr/share/texlive/texmf-dist/tex/generic/pgfplots/pgfplotsmeshplotimage.code.
tex)))
(/usr/share/texlive/texmf-dist/tex/generic/pgfplots/pgfplots.scaling.code.tex)
(/usr/share/texlive/texmf-dist/tex/generic/pgfplots/pgfplotscoordprocessing.cod
e.tex)
(/usr/share/texlive/texmf-dist/tex/generic/pgfplots/pgfplots.errorbars.code.tex
) (/usr/share/texlive/texmf-dist/tex/generic/pgfplots/pgfplots.markers.code.tex
) (/usr/share/texlive/texmf-dist/tex/generic/pgfplots/pgfplotsticks.code.tex)
(/usr/share/texlive/texmf-dist/tex/generic/pgfplots/pgfplots.paths.code.tex)
(/usr/share/texlive/texmf-dist/tex/generic/pgf/frontendlayer/tikz/libraries/tik
zlibrarydecorations.code.tex
(/usr/share/texlive/texmf-dist/tex/generic/pgf/modules/pgfmoduledecorations.cod
e.tex
\pgfdecoratedcompleteddistance=\dimen297
\pgfdecoratedremainingdistance=\dimen298
\pgfdecoratedinputsegmentcompleteddistance=\dimen299
\pgfdecoratedinputsegmentremainingdistance=\dimen300
\pgf@decorate@distancetomove=\dimen301
\pgf@decorate@repeatstate=\count342
\pgfdecorationsegmentamplitude=\dimen302
\pgfdecorationsegmentlength=\dimen303
)
\tikz@lib@dec@box=\box128
)
(/usr/share/texlive/texmf-dist/tex/generic/pgf/frontendlayer/tikz/libraries/tik
zlibrarydecorations.pathmorphing.code.tex
(/usr/share/texlive/texmf-dist/tex/generic/pgf/libraries/decorations/pgflibrary
decorations.pathmorphing.code.tex))
(/usr/share/texlive/texmf-dist/tex/generic/pgf/frontendlayer/tikz/libraries/tik
zlibrarydecorations.pathreplacing.code.tex
(/usr/share/texlive/texmf-dist/tex/generic/pgf/libraries/decorations/pgflibrary
decorations.pathreplacing.code.tex))
(/usr/share/texlive/texmf-dist/tex/generic/pgfplots/libs/tikzlibrarypgfplots.co
ntourlua.code.tex)
\pgfplots@numplots=\count343
\pgfplots@xmin@reg=\dimen304
\pgfplots@xmax@reg=\dimen305
\pgfplots@ymin@reg=\dimen306
\pgfplots@ymax@reg=\dimen307
\pgfplots@zmin@reg=\dimen308
\pgfplots@zmax@reg=\dimen309
)
(/usr/share/texlive/texmf-dist/tex/generic/pgf/frontendlayer/tikz/libraries/tik
zlibraryplotmarks.code.tex
File: tikzlibraryplotmarks.code.tex 2021/05/15 v3.1.9a (3.1.9a)

(/usr/share/texlive/texmf-dist/tex/generic/pgf/libraries/pgflibraryplotmarks.co
de.tex
File: pgflibraryplotmarks.code.tex 2021/05/15 v3.1.9a (3.1.9a)
)))
(/usr/share/texlive/texmf-dist/tex/generic/pgfplots/libs/tikzlibrarypgfplots.fi
llbetween.code.tex
(/usr/share/texlive/texmf-dist/tex/generic/pgfplots/pgfcontrib/tikzlibraryfillb
etween.code.tex
(/usr/share/texlive/texmf-dist/tex/generic/pgf/frontendlayer/tikz/libraries/tik
zlibraryintersections.code.tex
(/usr/share/texlive/texmf-dist/tex/generic/pgf/libraries/pgflibraryintersection
s.code.tex
\pgf@intersect@solutions=\count344
))
(/usr/share/texlive/texmf-dist/tex/generic/pgfplots/pgfcontrib/tikzlibrarydecor
ations.softclip.code.tex
(/usr/share/texlive/texmf-dist/tex/generic/pgfplots/pgfcontrib/pgflibraryfillbe
tween.code.tex)))
(/usr/share/texlive/texmf-dist/tex/generic/pgfplots/libs/tikzlibrarypgfplots.de
corations.softclip.code.tex))
(/usr/share/texlive/texmf-dist/tex/generic/pgf/frontendlayer/tikz/libraries/tik
zlibrarypositioning.code.tex
File: tikzlibrarypositioning.code.tex 2021/05/15 v3.1.9a (3.1.9a)
)
(/usr/share/texlive/texmf-dist/tex/generic/pgf/frontendlayer/tikz/libraries/tik
zlibrarymatrix.code.tex
File: tikzlibrarymatrix.code.tex 2021/05/15 v3.1.9a (3.1.9a)
)
(/usr/share/texlive/texmf-dist/tex/generic/pgf/frontendlayer/tikz/libraries/tik
zlibraryarrows.code.tex
File: tikzlibraryarrows.code.tex 2021/05/15 v3.1.9a (3.1.9a)

(/usr/share/texlive/texmf-dist/tex/generic/pgf/libraries/pgflibraryarrows.code.
tex
File: pgflibraryarrows.code.tex 2021/05/15 v3.1.9a (3.1.9a)
\arrowsize=\dimen310
))
(/usr/share/texlive/texmf-dist/tex/generic/pgf/frontendlayer/tikz/libraries/tik
zlibraryshapes.code.tex
File: tikzlibraryshapes.code.tex 2021/05/15 v3.1.9a (3.1.9a)

(/usr/share/texlive/texmf-dist/tex/generic/pgf/frontendlayer/tikz/libraries/tik
zlibraryshapes.geometric.code.tex
File: tikzlibraryshapes.geometric.code.tex 2021/05/15 v3.1.9a (3.1.9a)

(/usr/share/texlive/texmf-dist/tex/generic/pgf/libraries/shapes/pgflibraryshape
s.geometric.code.tex
File: pgflibraryshapes.geometric.code.tex 2021/05/15 v3.1.9a (3.1.9a)
))
(/usr/share/texlive/texmf-dist/tex/generic/pgf/frontendlayer/tikz/libraries/tik
zlibraryshapes.misc.code.tex
File: tikzlibraryshapes.misc.code.tex 2021/05/15 v3.1.9a (3.1.9a)

(/usr/share/texlive/texmf-dist/tex/generic/pgf/libraries/shapes/pgflibraryshape
s.misc.code.tex
File: pgflibraryshapes.misc.code.tex 2021/05/15 v3.1.9a (3.1.9a)
))
(/usr/share/texlive/texmf-dist/tex/generic/pgf/frontendlayer/tikz/libraries/tik
zlibraryshapes.symbols.code.tex
File: tikzlibraryshapes.symbols.code.tex 2021/05/15 v3.1.9a (3.1.9a)

(/usr/share/texlive/texmf-dist/tex/generic/pgf/libraries/shapes/pgflibraryshape
s.symbols.code.tex
File: pgflibraryshapes.symbols.code.tex 2021/05/15 v3.1.9a (3.1.9a)
))
(/usr/share/texlive/texmf-dist/tex/generic/pgf/frontendlayer/tikz/libraries/tik
zlibraryshapes.arrows.code.tex
File: tikzlibraryshapes.arrows.code.tex 2021/05/15 v3.1.9a (3.1.9a)

(/usr/share/texlive/texmf-dist/tex/generic/pgf/libraries/shapes/pgflibraryshape
s.arrows.code.tex
File: pgflibraryshapes.arrows.code.tex 2021/05/15 v3.1.9a (3.1.9a)
))
(/usr/share/texlive/texmf-dist/tex/generic/pgf/frontendlayer/tikz/libraries/tik
zlibraryshapes.callouts.code.tex
(/usr/share/texlive/texmf-dist/tex/generic/pgf/libraries/shapes/pgflibraryshape
s.callouts.code.tex))
(/usr/share/texlive/texmf-dist/tex/generic/pgf/frontendlayer/tikz/libraries/tik
zlibraryshapes.multipart.code.tex
File: tikzlibraryshapes.multipart.code.tex 2021/05/15 v3.1.9a (3.1.9a)

(/usr/share/texlive/texmf-dist/tex/generic/pgf/libraries/shapes/pgflibraryshape
s.multipart.code.tex
File: pgflibraryshapes.multipart.code.tex 2021/05/15 v3.1.9a (3.1.9a)
\pgfnodepartlowerbox=\box129
\pgfnodeparttwobox=\box130
\pgfnodepartthreebox=\box131
\pgfnodepartfourbox=\box132
\pgfnodeparttwentybox=\box133
\pgfnodepartnineteenbox=\box134
\pgfnodeparteighteenbox=\box135
\pgfnodepartseventeenbox=\box136
\pgfnodepartsixteenbox=\box137
\pgfnodepartfifteenbox=\box138
\pgfnodepartfourteenbox=\box139
\pgfnodepartthirteenbox=\box140
\pgfnodeparttwelvebox=\box141
\pgfnodepartelevenbox=\box142
\pgfnodeparttenbox=\box143
\pgfnodepartninebox=\box144
\pgfnodeparteightbox=\box145
\pgfnodepartsevenbox=\box146
\pgfnodepartsixbox=\box147
\pgfnodepartfivebox=\box148
)))
(/usr/share/texlive/texmf-dist/tex/generic/pgf/frontendlayer/tikz/libraries/tik
zlibraryshadows.code.tex
File: tikzlibraryshadows.code.tex 2021/05/15 v3.1.9a (3.1.9a)

(/usr/share/texlive/texmf-dist/tex/generic/pgf/frontendlayer/tikz/libraries/tik
zlibraryfadings.code.tex
File: tikzlibraryfadings.code.tex 2021/05/15 v3.1.9a (3.1.9a)

(/usr/share/texlive/texmf-dist/tex/generic/pgf/libraries/pgflibraryfadings.code
.tex
File: pgflibraryfadings.code.tex 2021/05/15 v3.1.9a (3.1.9a)
)))
(/usr/share/texlive/texmf-dist/tex/generic/pgf/frontendlayer/tikz/libraries/tik
zlibrarypatterns.code.tex
File: tikzlibrarypatterns.code.tex 2021/05/15 v3.1.9a (3.1.9a)

(/usr/share/texlive/texmf-dist/tex/generic/pgf/libraries/pgflibrarypatterns.cod
e.tex
File: pgflibrarypatterns.code.tex 2021/05/15 v3.1.9a (3.1.9a)
))
(/usr/share/texlive/texmf-dist/tex/generic/pgf/frontendlayer/tikz/libraries/tik
zlibrarydecorations.markings.code.tex
(/usr/share/texlive/texmf-dist/tex/generic/pgf/libraries/decorations/pgflibrary
decorations.markings.code.tex))
(/usr/share/texlive/texmf-dist/tex/latex/extpfeil/extpfeil.sty
Package: extpfeil 2009/10/31 v0.4 Extensible Pfeile (PE)

(/usr/share/texlive/texmf-dist/tex/latex/mathtools/mathtools.sty
Package: mathtools 2021/02/02 v1.28 mathematical typesetting tools

(/usr/share/texlive/texmf-dist/tex/latex/tools/calc.sty
Package: calc 2017/05/25 v4.3 Infix arithmetic (KKT,FJ)
\calc@Acount=\count345
\calc@Bcount=\count346
\calc@Adimen=\dimen311
\calc@Bdimen=\dimen312
\calc@Askip=\skip64
\calc@Bskip=\skip65
LaTeX Info: Redefining \setlength on input line 80.
LaTeX Info: Redefining \addtolength on input line 81.
\calc@Ccount=\count347
\calc@Cskip=\skip66
)
(/usr/share/texlive/texmf-dist/tex/latex/mathtools/mhsetup.sty
Package: mhsetup 2021/03/18 v1.4 programming setup (MH)
)
\g_MT_multlinerow_int=\count348
\l_MT_multwidth_dim=\dimen313
\origjot=\skip67
\l_MT_shortvdotswithinadjustabove_dim=\dimen314
\l_MT_shortvdotswithinadjustbelow_dim=\dimen315
\l_MT_above_intertext_sep=\dimen316
\l_MT_below_intertext_sep=\dimen317
\l_MT_above_shortintertext_sep=\dimen318
\l_MT_below_shortintertext_sep=\dimen319
\xmathstrut@box=\box149
\xmathstrut@dim=\dimen320
)
(/usr/share/texlive/texmf-dist/tex/latex/stmaryrd/stmaryrd.sty
Package: stmaryrd 1994/03/03 St Mary's Road symbol package
\symstmry=\mathgroup6
LaTeX Font Info:    Overwriting symbol font `stmry' in version `bold'
(Font)                  U/stmry/m/n --> U/stmry/b/n on input line 89.
))
(/usr/share/texlive/texmf-dist/tex/latex/jknapltx/mathrsfs.sty
Package: mathrsfs 1996/01/01 Math RSFS package v1.0 (jk)
\symrsfs=\mathgroup7
) (./main.aux)
\openout1 = `main.aux'.

LaTeX Font Info:    Checking defaults for OML/cmm/m/it on input line 613.
LaTeX Font Info:    ... okay on input line 613.
LaTeX Font Info:    Checking defaults for OMS/cmsy/m/n on input line 613.
LaTeX Font Info:    ... okay on input line 613.
LaTeX Font Info:    Checking defaults for OT1/cmr/m/n on input line 613.
LaTeX Font Info:    ... okay on input line 613.
LaTeX Font Info:    Checking defaults for T1/cmr/m/n on input line 613.
LaTeX Font Info:    ... okay on input line 613.
LaTeX Font Info:    Checking defaults for TS1/cmr/m/n on input line 613.
LaTeX Font Info:    ... okay on input line 613.
LaTeX Font Info:    Checking defaults for OMX/cmex/m/n on input line 613.
LaTeX Font Info:    ... okay on input line 613.
LaTeX Font Info:    Checking defaults for U/cmr/m/n on input line 613.
LaTeX Font Info:    ... okay on input line 613.
LaTeX Font Info:    Checking defaults for PD1/pdf/m/n on input line 613.
LaTeX Font Info:    ... okay on input line 613.
LaTeX Font Info:    Checking defaults for PU/pdf/m/n on input line 613.
LaTeX Font Info:    ... okay on input line 613.

*geometry* driver: auto-detecting
*geometry* detected driver: pdftex
*geometry* verbose mode - [ preamble ] result:
* driver: pdftex
* paper: letterpaper
* layout: <same size as paper>
* layoutoffset:(h,v)=(0.0pt,0.0pt)
* modes: 
* h-part:(L,W,R)=(137.14749pt, 340.0pt, 137.1475pt)
* v-part:(T,H,B)=(57.81598pt, 650.43pt, 86.72401pt)
* \paperwidth=614.295pt
* \paperheight=794.96999pt
* \textwidth=340.0pt
* \textheight=650.43pt
* \oddsidemargin=64.8775pt
* \evensidemargin=64.8775pt
* \topmargin=-44.5215pt
* \headheight=12.0pt
* \headsep=18.06749pt
* \topskip=10.0pt
* \footskip=25.29494pt
* \marginparwidth=69.0pt
* \marginparsep=7.0pt
* \columnsep=10.0pt
* \skip\footins=9.0pt plus 4.0pt minus 2.0pt
* \hoffset=0.0pt
* \voffset=0.0pt
* \mag=1000
* \@twocolumnfalse
* \@twosidefalse
* \@mparswitchfalse
* \@reversemarginfalse
* (1in=72.27pt=25.4mm, 1cm=28.453pt)

(/usr/share/texlive/texmf-dist/tex/context/base/mkii/supp-pdf.mkii
[Loading MPS to PDF converter (version 2006.09.02).]
\scratchcounter=\count349
\scratchdimen=\dimen321
\scratchbox=\box150
\nofMPsegments=\count350
\nofMParguments=\count351
\everyMPshowfont=\toks52
\MPscratchCnt=\count352
\MPscratchDim=\dimen322
\MPnumerator=\count353
\makeMPintoPDFobject=\count354
\everyMPtoPDFconversion=\toks53
) (/usr/share/texlive/texmf-dist/tex/latex/epstopdf-pkg/epstopdf-base.sty
Package: epstopdf-base 2020-01-24 v2.11 Base part for package epstopdf
Package epstopdf-base Info: Redefining graphics rule for `.eps' on input line 4
85.

(/usr/share/texlive/texmf-dist/tex/latex/latexconfig/epstopdf-sys.cfg
File: epstopdf-sys.cfg 2010/07/13 v1.3 Configuration of (r)epstopdf for TeX Liv
e
))
(/usr/share/texlive/texmf-dist/tex/latex/upquote/upquote.sty
Package: upquote 2012/04/19 v1.3 upright-quote and grave-accent glyphs in verba
tim
)
LaTeX Info: Redefining \microtypecontext on input line 613.
Package microtype Info: Applying patch `item' on input line 613.
Package microtype Info: Applying patch `toc' on input line 613.
Package microtype Info: Applying patch `eqnum' on input line 613.
Package microtype Info: Applying patch `footnote' on input line 613.
Package microtype Info: Generating PDF output.
Package microtype Info: Character protrusion enabled (level 2).
Package microtype Info: Using default protrusion set `alltext'.
Package microtype Info: Automatic font expansion enabled (level 2),
(microtype)             stretch: 20, shrink: 20, step: 1, non-selected.
Package microtype Info: Using default expansion set `alltext-nott'.
LaTeX Info: Redefining \showhyphens on input line 613.
Package microtype Info: No adjustment of tracking.
Package microtype Info: No adjustment of interword spacing.
Package microtype Info: No adjustment of character kerning.

(/usr/share/texlive/texmf-dist/tex/latex/microtype/mt-cmr.cfg
File: mt-cmr.cfg 2013/05/19 v2.2 microtype config. file: Computer Modern Roman 
(RS)
)
Package hyperref Info: Link coloring ON on input line 613.

(/usr/share/texlive/texmf-dist/tex/latex/hyperref/nameref.sty
Package: nameref 2021-04-02 v2.47 Cross-referencing by name of section

(/usr/share/texlive/texmf-dist/tex/latex/refcount/refcount.sty
Package: refcount 2019/12/15 v3.6 Data extraction from label references (HO)
)
(/usr/share/texlive/texmf-dist/tex/generic/gettitlestring/gettitlestring.sty
Package: gettitlestring 2019/12/15 v1.6 Cleanup title references (HO)
)
\c@section@level=\count355
)
LaTeX Info: Redefining \ref on input line 613.
LaTeX Info: Redefining \pageref on input line 613.
LaTeX Info: Redefining \nameref on input line 613.

(./main.out) (./main.out)
\@outlinefile=\write4
\openout4 = `main.out'.


Package pgfplots notification 'compat/show suggested version=true': document ha
s been generated with the most recent feature set (\pgfplotsset{compat=1.18}).

[1


{/var/lib/texmf/fonts/map/pdftex/updmap/pdftex.map}] [2

]
LaTeX Font Info:    Trying to load font information for T1+zi4 on input line 64
3.

(/usr/share/texlive/texmf-dist/tex/latex/inconsolata/t1zi4.fd
File: t1zi4.fd 2018/01/14 T1/zi4 (Inconsolata)
)
LaTeX Font Info:    Font shape `T1/zi4/m/n' will be
(Font)              scaled to size 10.0pt on input line 643.
Package microtype Info: Loading generic protrusion settings for font family
(microtype)             `zi4' (encoding: T1).
(microtype)             For optimal results, create family-specific settings.
(microtype)             See the microtype manual for details.
LaTeX Font Info:    Trying to load font information for OT1+lmr on input line 6
43.

(/usr/share/texmf/tex/latex/lm/ot1lmr.fd
File: ot1lmr.fd 2009/10/30 v1.6 Font defs for Latin Modern
)
LaTeX Font Info:    Trying to load font information for OML+lmm on input line 6
43.

(/usr/share/texmf/tex/latex/lm/omllmm.fd
File: omllmm.fd 2009/10/30 v1.6 Font defs for Latin Modern
)
LaTeX Font Info:    Trying to load font information for OMS+lmsy on input line 
643.

(/usr/share/texmf/tex/latex/lm/omslmsy.fd
File: omslmsy.fd 2009/10/30 v1.6 Font defs for Latin Modern
)
LaTeX Font Info:    Trying to load font information for OMX+lmex on input line 
643.

(/usr/share/texmf/tex/latex/lm/omxlmex.fd
File: omxlmex.fd 2009/10/30 v1.6 Font defs for Latin Modern
)
LaTeX Font Info:    External font `lmex10' loaded for size
(Font)              <10> on input line 643.
LaTeX Font Info:    External font `lmex10' loaded for size
(Font)              <7> on input line 643.
LaTeX Font Info:    External font `lmex10' loaded for size
(Font)              <5> on input line 643.
LaTeX Font Info:    Trying to load font information for U+msa on input line 643
.

(/usr/share/texlive/texmf-dist/tex/latex/amsfonts/umsa.fd
File: umsa.fd 2013/01/14 v3.01 AMS symbols A
)
(/usr/share/texlive/texmf-dist/tex/latex/microtype/mt-msa.cfg
File: mt-msa.cfg 2006/02/04 v1.1 microtype config. file: AMS symbols (a) (RS)
)
LaTeX Font Info:    Trying to load font information for U+msb on input line 643
.

(/usr/share/texlive/texmf-dist/tex/latex/amsfonts/umsb.fd
File: umsb.fd 2013/01/14 v3.01 AMS symbols B
)
(/usr/share/texlive/texmf-dist/tex/latex/microtype/mt-msb.cfg
File: mt-msb.cfg 2005/06/01 v1.0 microtype config. file: AMS symbols (b) (RS)
)
LaTeX Font Info:    Trying to load font information for U+stmry on input line 6
43.

(/usr/share/texlive/texmf-dist/tex/latex/stmaryrd/Ustmry.fd)
LaTeX Font Info:    Trying to load font information for U+rsfs on input line 64
3.

(/usr/share/texlive/texmf-dist/tex/latex/jknapltx/ursfs.fd
File: ursfs.fd 1998/03/24 rsfs font definition file (jk)
)
LaTeX Font Info:    External font `lmex10' loaded for size
(Font)              <8> on input line 643.
LaTeX Font Info:    External font `lmex10' loaded for size
(Font)              <6> on input line 643.
LaTeX Font Info:    Font shape `T1/zi4/m/n' will be
(Font)              scaled to size 9.0pt on input line 643.
LaTeX Font Info:    External font `lmex10' loaded for size
(Font)              <9> on input line 643.
LaTeX Font Info:    Trying to load font information for TS1+lmr on input line 6
44.

(/usr/share/texmf/tex/latex/lm/ts1lmr.fd
File: ts1lmr.fd 2009/10/30 v1.6 Font defs for Latin Modern
) [3

] [4


]
************************************************
Agradecimentos Agradecimentos
************************************************

Package hyperref Warning: Suppressing link with empty target on input line 668.


************************************************
Prefcio Prefcio
************************************************
[5


] [6

] (./main.toc [7

])
\tf@toc=\write5
\openout5 = `main.toc'.

 [8]
************************************************
Captulo 1 Exerccios Selecionados
************************************************
Chapter 1.
************************************************
Seo 1.1 Polinmios de Taylor
************************************************
************************************************
Exerccios 1.1 Exerccios
************************************************
<generated/sageplot/taylor.pdf, id=329, 455.30101pt x 338.37286pt>
File: generated/sageplot/taylor.pdf Graphic file (type pdf)
<use generated/sageplot/taylor.pdf>
Package pdftex.def Info: generated/sageplot/taylor.pdf  used on input line 786.

(pdftex.def)             Requested size: 160.43626pt x 119.23256pt.
[1


] [2 <./generated/sageplot/taylor.pdf>]
************************************************
Seo 1.2 Curvas no Plano
************************************************
************************************************
Exerccios 1.2 Exerccios
************************************************
<generated/youtube/video-1.jpg, id=369, 120.45pt x 90.3375pt>
File: generated/youtube/video-1.jpg Graphic file (type jpg)
<use generated/youtube/video-1.jpg>
Package pdftex.def Info: generated/youtube/video-1.jpg  used on input line 881.

(pdftex.def)             Requested size: 61.14888pt x 45.8606pt.
<generated/qrcode/video-1.png, id=370, 291.0875pt x 291.0875pt>
File: generated/qrcode/video-1.png Graphic file (type png)
<use generated/qrcode/video-1.png>
Package pdftex.def Info: generated/qrcode/video-1.png  used on input line 884.
(pdftex.def)             Requested size: 27.65454pt x 27.6536pt.
[3

]
************************************************
Seo 1.3 Funes de duas variveis e curvas de nvel
************************************************
************************************************
Exerccios 1.3 Exerccios
************************************************

Underfull \hbox (badness 10000) in paragraph at lines 981--982
\T1/lmr/m/n/10 (+20) so dadas pelas
 []


Overfull \hbox (58.30019pt too wide) detected at line 986
[]
 []

<generated/asymptote/exfunca.pdf, id=392, 286.06876pt x 186.67741pt>
File: generated/asymptote/exfunca.pdf Graphic file (type pdf)
<use generated/asymptote/exfunca.pdf>
Package pdftex.def Info: generated/asymptote/exfunca.pdf  used on input line 10
52.
(pdftex.def)             Requested size: 118.82721pt x 77.5409pt.
<generated/asymptote/exfuncb.pdf, id=393, 286.06876pt x 204.74492pt>
File: generated/asymptote/exfuncb.pdf Graphic file (type pdf)
<use generated/asymptote/exfuncb.pdf>
Package pdftex.def Info: generated/asymptote/exfuncb.pdf  used on input line 10
58.
(pdftex.def)             Requested size: 118.82721pt x 85.04565pt.
[4 <./generated/youtube/video-1.jpg> <./generated/qrcode/video-1.png (PNG copy)
>] [5] [6 <./generated/asymptote/exfunca.pdf> <./generated/asymptote/exfuncb.pd
f>]
************************************************
Seo 1.4 Limites e Continuidade
************************************************
************************************************
Exerccios 1.4 Exerccios
************************************************

Underfull \hbox (badness 3209) in paragraph at lines 1087--1088
\T1/lmr/bx/n/10 (+20) Dica\T1/lmr/m/n/10 (+20) .[] Como voc cal-cu-laria, sem 
usar a re-gra de L'Hospital,
 []


Overfull \hbox (44.78963pt too wide) detected at line 1101
[]
 []


Overfull \hbox (38.29733pt too wide) detected at line 1117
[]
 []

[7

]
************************************************
Seo 1.5 Derivadas Parciais, Diferenciabilidade e Plano Tangente
************************************************

Overfull \hbox (1.05685pt too wide) in paragraph at lines 1162--1162
|[]\T1/lmr/bx/n/14.4 (-20) Derivadas Par-ci-ais, Difer-en-cia-bil-i-dade e Plan
o
 []

************************************************
Exerccios 1.5 Exerccios
************************************************

Overfull \hbox (35.71657pt too wide) detected at line 1203
[] \OML/lmm/m/it/10 f\OT1/lmr/m/n/10 (\OML/lmm/m/it/10 x; y\OT1/lmr/m/n/10 ) = 
[] [] = [] \OML/lmm/m/it/10 x \OMS/lmsy/m/n/10 ^^A [] [] \OT1/lmr/m/n/10 0 = \O
ML/lmm/m/it/10 f\OT1/lmr/m/n/10 (0\OML/lmm/m/it/10 ; \OT1/lmr/m/n/10 0)\OML/lmm
/m/it/10 :
 []


Overfull \hbox (14.49666pt too wide) detected at line 1228
[]
 []


Underfull \hbox (badness 2626) in paragraph at lines 1240--1243
\T1/lmr/m/n/10 (+20) A con-tinuidade dessas funes se dar pela ver-i-fi-cao
 de
 []

<generated/asymptote/surf_level.pdf, id=489, 286.06876pt x 174.63242pt>
File: generated/asymptote/surf_level.pdf Graphic file (type pdf)
<use generated/asymptote/surf_level.pdf>
Package pdftex.def Info: generated/asymptote/surf_level.pdf  used on input line
 1259.
(pdftex.def)             Requested size: 160.73627pt x 98.1239pt.
[8] [9]
Overfull \hbox (49.36786pt too wide) detected at line 1294
[] [] \OT1/lmr/m/n/10 = [] \OML/lmm/m/it/10 h[] \OT1/lmr/m/n/10 = 0\OML/lmm/m/i
t/10 ;
 []

<generated/asymptote/ex5-7b.pdf, id=523, 251.92117pt x 284.06125pt>
File: generated/asymptote/ex5-7b.pdf Graphic file (type pdf)
<use generated/asymptote/ex5-7b.pdf>
Package pdftex.def Info: generated/asymptote/ex5-7b.pdf  used on input line 130
4.
(pdftex.def)             Requested size: 160.43626pt x 180.91434pt.
[10 <./generated/asymptote/surf_level.pdf>]
Overfull \hbox (2.06091pt too wide) detected at line 1327
[]
 []

<generated/asymptote/ex5-9.pdf, id=538, 286.06876pt x 250.91742pt>
File: generated/asymptote/ex5-9.pdf Graphic file (type pdf)
<use generated/asymptote/ex5-9.pdf>
Package pdftex.def Info: generated/asymptote/ex5-9.pdf  used on input line 1343
.
(pdftex.def)             Requested size: 160.43626pt x 140.72336pt.
[11 <./generated/asymptote/ex5-7b.pdf>]
<generated/asymptote/ex5-14.pdf, id=555, 284.06125pt x 161.58366pt>
File: generated/asymptote/ex5-14.pdf Graphic file (type pdf)
<use generated/asymptote/ex5-14.pdf>
Package pdftex.def Info: generated/asymptote/ex5-14.pdf  used on input line 139
0.
(pdftex.def)             Requested size: 160.73627pt x 91.43547pt.
<generated/asymptote/ex5-17.pdf, id=556, 119.42618pt x 284.06125pt>
File: generated/asymptote/ex5-17.pdf Graphic file (type pdf)
<use generated/asymptote/ex5-17.pdf>
Package pdftex.def Info: generated/asymptote/ex5-17.pdf  used on input line 144
3.
(pdftex.def)             Requested size: 160.73627pt x 382.33049pt.
 [12 <./generated/asymptote/ex5-9.pdf> <./generated/asymptote/ex5-14.pdf>] [13]

************************************************
Seo 1.6 Regras da Cadeia
************************************************
************************************************
Exerccios 1.6 Exerccios
************************************************
[14 <./generated/asymptote/ex5-17.pdf>] [15]
************************************************
Seo 1.7 Vetor Gradiente e Derivada direcional
************************************************
************************************************
Exerccios 1.7 Exerccios
************************************************

Overfull \hbox (35.36494pt too wide) detected at line 1653
\OT1/lmr/m/n/10 0 = [] = [] \OML/lmm/m/it/10 ; \OMS/lmsy/m/n/10 8\OML/lmm/m/it/
10 t \OMS/lmsy/m/n/10 2\OT1/lmr/m/n/10 ]0\OML/lmm/m/it/10 ; ^^Y=\OT1/lmr/m/n/10
 2[\OML/lmm/m/it/10 :
 []

<generated/asymptote/ex2-4.pdf, id=636, 286.06876pt x 128.45993pt>
File: generated/asymptote/ex2-4.pdf Graphic file (type pdf)
<use generated/asymptote/ex2-4.pdf>
Package pdftex.def Info: generated/asymptote/ex2-4.pdf  used on input line 1713
.
(pdftex.def)             Requested size: 320.27254pt x 143.8212pt.
[16] [17]
Overfull \hbox (3.63084pt too wide) detected at line 1741
[]\OT1/lmr/m/n/10 (0\OML/lmm/m/it/10 ; \OT1/lmr/m/n/10 0) = [](0\OML/lmm/m/it/1
0 ; \OT1/lmr/m/n/10 0) = 0\OML/lmm/m/it/10 ;  []\OT1/lmr/m/n/10 (0\OML/lmm/m/it
/10 ; \OT1/lmr/m/n/10 0) = [](0\OML/lmm/m/it/10 ; \OT1/lmr/m/n/10 0) = 0 [] [](
0\OML/lmm/m/it/10 ; \OT1/lmr/m/n/10 0) = []\OML/lmm/m/it/10 :
 []


Underfull \hbox (badness 4242) in paragraph at lines 1754--1756
\T1/lmr/m/n/10 (+20) uma apli-cao lin-ear de $\U/msb/m/n/10 R[]$ \T1/lmr/m/n/
10 (+20) em $\U/msb/m/n/10 R$\T1/lmr/m/n/10 (+20) , usual-mente de-no-tada por
 []

<generated/asymptote/ex2-8.pdf, id=680, 286.06876pt x 275.00743pt>
File: generated/asymptote/ex2-8.pdf Graphic file (type pdf)
<use generated/asymptote/ex2-8.pdf>
Package pdftex.def Info: generated/asymptote/ex2-8.pdf  used on input line 1759
.
(pdftex.def)             Requested size: 320.27254pt x 307.89291pt.
[18 <./generated/asymptote/ex2-4.pdf>]
************************************************
Seo 1.8 Curvas no \(\mathbb R^3\)
************************************************
LaTeX Font Info:    External font `lmex10' loaded for size
(Font)              <14.4> on input line 1772.

Package hyperref Warning: Token not allowed in a PDF string (Unicode):
(hyperref)                removing `math shift' on input line 1772.


Package hyperref Warning: Token not allowed in a PDF string (Unicode):
(hyperref)                removing `superscript' on input line 1772.

************************************************
Exerccios 1.8 Exerccios
************************************************
<generated/asymptote/ex3-2a.pdf, id=697, 216.78992pt x 284.06125pt>
File: generated/asymptote/ex3-2a.pdf Graphic file (type pdf)
<use generated/asymptote/ex3-2a.pdf>
Package pdftex.def Info: generated/asymptote/ex3-2a.pdf  used on input line 180
2.
(pdftex.def)             Requested size: 320.27254pt x 419.66718pt.
[19 <./generated/asymptote/ex2-8.pdf>] [20 <./generated/asymptote/ex3-2a.pdf>]
<generated/asymptote/ex3-2d.pdf, id=721, 176.63992pt x 285.065pt>
File: generated/asymptote/ex3-2d.pdf Graphic file (type pdf)
<use generated/asymptote/ex3-2d.pdf>
Package pdftex.def Info: generated/asymptote/ex3-2d.pdf  used on input line 183
4.
(pdftex.def)             Requested size: 320.27254pt x 516.90088pt.

[21]
************************************************
Seo 1.9 Superfcies de nvel, planos tangente e derivadas direcionais
************************************************

Overfull \hbox (13.06721pt too wide) in paragraph at lines 1847--1847
|[]\T1/lmr/bx/n/14.4 (-20) Superfcies de nvel, planos tan-gente e derivadas
 []

************************************************
Exerccios 1.9 Exerccios
************************************************
<generated/asymptote/ex4-3.pdf, id=732, 251.92117pt x 282.05376pt>
File: generated/asymptote/ex4-3.pdf Graphic file (type pdf)
<use generated/asymptote/ex4-3.pdf>
Package pdftex.def Info: generated/asymptote/ex4-3.pdf  used on input line 1884
.
(pdftex.def)             Requested size: 160.43626pt x 179.6358pt.
[22 <./generated/asymptote/ex3-2d.pdf>]
<generated/asymptote/ex4-5.pdf, id=744, 259.95119pt x 286.06876pt>
File: generated/asymptote/ex4-5.pdf Graphic file (type pdf)
<use generated/asymptote/ex4-5.pdf>
Package pdftex.def Info: generated/asymptote/ex4-5.pdf  used on input line 1920
.
(pdftex.def)             Requested size: 160.43626pt x 176.56198pt.
 [23 <./generated/asymptote/ex4-3.pdf>]
<generated/asymptote/ex4-7.pdf, id=761, 281.05pt x 260.95494pt>
File: generated/asymptote/ex4-7.pdf Graphic file (type pdf)
<use generated/asymptote/ex4-7.pdf>
Package pdftex.def Info: generated/asymptote/ex4-7.pdf  used on input line 1967
.
(pdftex.def)             Requested size: 160.43626pt x 148.96486pt.

[24 <./generated/asymptote/ex4-5.pdf>]
************************************************
Seo 1.10 Classificao de pontos crticos em abertos de \(\mathbb R^2\)
************************************************

Package hyperref Warning: Token not allowed in a PDF string (Unicode):
(hyperref)                removing `math shift' on input line 1983.


Package hyperref Warning: Token not allowed in a PDF string (Unicode):
(hyperref)                removing `superscript' on input line 1983.

************************************************
Exerccios 1.10 Exerccios
************************************************

Overfull \hbox (36.56807pt too wide) detected at line 2018
\OMS/lmsy/m/n/10 r\OT1/lmr/m/n/10 (\OML/lmm/m/it/10 x; y\OT1/lmr/m/n/10 ) = (0\
OML/lmm/m/it/10 ; \OT1/lmr/m/n/10 0)  \OMS/lmsy/m/n/10 ([])  []  ([])  [] \OML/
lmm/m/it/10 :
 []

<generated/asymptote/exmaxminlocapos.pdf, id=781, 190.69241pt x 286.06876pt>
File: generated/asymptote/exmaxminlocapos.pdf Graphic file (type pdf)
<use generated/asymptote/exmaxminlocapos.pdf>
Package pdftex.def Info: generated/asymptote/exmaxminlocapos.pdf  used on input
 line 2068.
(pdftex.def)             Requested size: 160.43626pt x 240.6846pt.
<generated/asymptote/exmaxminlocaneg.pdf, id=782, 210.76743pt x 286.06876pt>
File: generated/asymptote/exmaxminlocaneg.pdf Graphic file (type pdf)
<use generated/asymptote/exmaxminlocaneg.pdf>
Package pdftex.def Info: generated/asymptote/exmaxminlocaneg.pdf  used on input
 line 2074.
(pdftex.def)             Requested size: 160.43626pt x 217.75497pt.
<generated/asymptote/exmaxminlocanul.pdf, id=783, 225.82367pt x 286.06876pt>
File: generated/asymptote/exmaxminlocanul.pdf Graphic file (type pdf)
<use generated/asymptote/exmaxminlocanul.pdf>
Package pdftex.def Info: generated/asymptote/exmaxminlocanul.pdf  used on input
 line 2080.
(pdftex.def)             Requested size: 160.43626pt x 203.24554pt.
[25 <./generated/asymptote/ex4-7.pdf>] [26] [27 <./generated/asymptote/exmaxmin
locapos.pdf> <./generated/asymptote/exmaxminlocaneg.pdf>]
************************************************
Seo 1.11 Mximos e mnimos em conjuntos compactos
************************************************

Overfull \hbox (0.63551pt too wide) in paragraph at lines 2093--2093
|[]\T1/lmr/bx/n/14.4 (-20) Mximos e mn-i-mos em con-jun-tos com-pactos| 
 []

************************************************
Exerccios 1.11 Exerccios
************************************************
[28 <./generated/asymptote/exmaxminlocanul.pdf>] [29] [30]
Overfull \hbox (4.16403pt too wide) detected at line 2324
[]
 []

[31] [32]
************************************************
Seo 1.12 Mximos e mnimos em conjuntos arbitrrios
************************************************

Overfull \hbox (1.34636pt too wide) in paragraph at lines 2387--2387
|[]\T1/lmr/bx/n/14.4 (-20) Mximos e mn-i-mos em con-jun-tos ar-bi-trrios| 
 []

************************************************
Exerccios 1.12 Exerccios
************************************************

Overfull \hbox (21.56789pt too wide) detected at line 2435
[]
 []

************************************************
Captulo 2 Provas de 2023
************************************************
[33

] [34]
Chapter 2.
************************************************
Seo 2.1 Primeira Prova
************************************************
************************************************
Exerccios 2.1 Exerccios
************************************************
<generated/asymptote/gabp1q1c-2023.pdf, id=900, 160.57993pt x 286.06876pt>
File: generated/asymptote/gabp1q1c-2023.pdf Graphic file (type pdf)
<use generated/asymptote/gabp1q1c-2023.pdf>
Package pdftex.def Info: generated/asymptote/gabp1q1c-2023.pdf  used on input l
ine 2575.
(pdftex.def)             Requested size: 160.43626pt x 285.81488pt.
[35

] [36] [37 <./generated/asymptote/gabp1q1c-2023.pdf>] [38] [39]
************************************************
Captulo 3 Provas de 2022
************************************************
[40]
Chapter 3.
************************************************
Seo 3.1 Primeira Prova
************************************************
************************************************
Exerccios 3.1 Exerccios
************************************************

Overfull \hbox (32.59724pt too wide) detected at line 2800
\OML/lmm/m/it/10 f[]\OT1/lmr/m/n/10 (\OML/lmm/m/it/10 x\OT1/lmr/m/n/10 ) = []\O
ML/lmm/m/it/10 ;  f[]\OT1/lmr/m/n/10 (\OML/lmm/m/it/10 x\OT1/lmr/m/n/10 ) = \OM
S/lmsy/m/n/10 ^^@[]\OML/lmm/m/it/10 ; f[]\OT1/lmr/m/n/10 (\OML/lmm/m/it/10 x\OT
1/lmr/m/n/10 ) = [] [] \OML/lmm/m/it/10 f[]\OT1/lmr/m/n/10 (\OML/lmm/m/it/10 x\
OT1/lmr/m/n/10 ) = \OMS/lmsy/m/n/10 ^^@[]\OML/lmm/m/it/10 ;
 []

[41

] [42]
Overfull \hbox (39.0914pt too wide) detected at line 2945
[] \OML/lmm/m/it/10 f\OT1/lmr/m/n/10 (\OML/lmm/m/it/10 x; y\OT1/lmr/m/n/10 ) = 
[] [] = [] \OML/lmm/m/it/10 x[] [] [] \OT1/lmr/m/n/10 0 = \OML/lmm/m/it/10 f\OT
1/lmr/m/n/10 (0\OML/lmm/m/it/10 ; \OT1/lmr/m/n/10 0)\OML/lmm/m/it/10 :
 []


Overfull \hbox (20.53879pt too wide) detected at line 2976
\OMS/lmsy/m/n/10 j\OML/lmm/m/it/10 y\OMS/lmsy/m/n/10 j \OT1/lmr/m/n/10 = [] \OM
S/lmsy/m/n/10 ^^T []  \OT1/lmr/m/n/10 =[]\OMS/lmsy/m/n/10 )  [] ^^T \OT1/lmr/m/
n/10 1  =[]\OMS/lmsy/m/n/10 )  ^^@\OT1/lmr/m/n/10 1 \OMS/lmsy/m/n/10 ^^T [] ^^T
 \OT1/lmr/m/n/10 1\OML/lmm/m/it/10 :
 []

[43]
Underfull \hbox (badness 6592) in paragraph at lines 3009--3010
[]$\OML/lmm/m/it/10 f$ \T1/lmr/m/n/10 (+20)  de classe $\U/rsfs/m/n/10 C[]$ \T
1/lmr/m/n/10 (+20) em $\OT1/lmr/m/n/10 (+20) (0\OML/lmm/m/it/10 ; \OT1/lmr/m/n/
10 (+20) 0)$\T1/lmr/m/n/10 (+20) : pre-cisamos mostrar que
 []

[44] [45]
************************************************
Seo 3.2 Segunda Prova
************************************************
************************************************
Exerccios 3.2 Exerccios
************************************************

Overfull \hbox (10.94278pt too wide) detected at line 3079
[]
 []

[46]
<generated/asymptote/gabp2aq2-2022.pdf, id=1100, 281.05pt x 204.74492pt>
File: generated/asymptote/gabp2aq2-2022.pdf Graphic file (type pdf)
<use generated/asymptote/gabp2aq2-2022.pdf>
Package pdftex.def Info: generated/asymptote/gabp2aq2-2022.pdf  used on input l
ine 3229.
(pdftex.def)             Requested size: 160.43626pt x 116.87764pt.
 [47] [48] [49 <./generated/asymptote/gabp2aq2-2022.pdf>] [50]
************************************************
Seo 3.3 Prova Substitutiva
************************************************
************************************************
Exerccios 3.3 Exerccios
************************************************

Overfull \hbox (34.50896pt too wide) detected at line 3412
[] [] \OT1/lmr/m/n/10 = [] []
 []

[51]
<generated/asymptote/gabpsubq21-2022.pdf, id=1167, 147.53117pt x 285.065pt>
File: generated/asymptote/gabpsubq21-2022.pdf Graphic file (type pdf)
<use generated/asymptote/gabpsubq21-2022.pdf>
Package pdftex.def Info: generated/asymptote/gabpsubq21-2022.pdf  used on input
 line 3508.
(pdftex.def)             Requested size: 160.73627pt x 310.61029pt.
<generated/asymptote/gabpsubq22-2022.pdf, id=1168, 141.50867pt x 286.06876pt>
File: generated/asymptote/gabpsubq22-2022.pdf Graphic file (type pdf)
<use generated/asymptote/gabpsubq22-2022.pdf>
Package pdftex.def Info: generated/asymptote/gabpsubq22-2022.pdf  used on input
 line 3514.
(pdftex.def)             Requested size: 160.73627pt x 324.9563pt.
<generated/asymptote/gabpsubq23-2022.pdf, id=1169, 179.65117pt x 285.065pt>
File: generated/asymptote/gabpsubq23-2022.pdf Graphic file (type pdf)
<use generated/asymptote/gabpsubq23-2022.pdf>
Package pdftex.def Info: generated/asymptote/gabpsubq23-2022.pdf  used on input
 line 3522.
(pdftex.def)             Requested size: 160.73627pt x 255.06416pt.
<generated/asymptote/gabpsubq24-2022.pdf, id=1170, 168.60992pt x 286.06876pt>
File: generated/asymptote/gabpsubq24-2022.pdf Graphic file (type pdf)
<use generated/asymptote/gabpsubq24-2022.pdf>
Package pdftex.def Info: generated/asymptote/gabpsubq24-2022.pdf  used on input
 line 3528.
(pdftex.def)             Requested size: 160.73627pt x 272.70662pt.
<generated/asymptote/gabpsubq25-2022.pdf, id=1171, 98.34743pt x 286.06876pt>
File: generated/asymptote/gabpsubq25-2022.pdf Graphic file (type pdf)
<use generated/asymptote/gabpsubq25-2022.pdf>
Package pdftex.def Info: generated/asymptote/gabpsubq25-2022.pdf  used on input
 line 3536.
(pdftex.def)             Requested size: 160.73627pt x 467.55818pt.
<generated/asymptote/gabpsubq26-2022.pdf, id=1172, 97.34367pt x 284.06125pt>
File: generated/asymptote/gabpsubq26-2022.pdf Graphic file (type pdf)
<use generated/asymptote/gabpsubq26-2022.pdf>
Package pdftex.def Info: generated/asymptote/gabpsubq26-2022.pdf  used on input
 line 3542.
(pdftex.def)             Requested size: 160.73627pt x 469.11858pt.
<generated/preview/interactive-1-preview.png, id=1173, 602.25pt x 603.25375pt>
File: generated/preview/interactive-1-preview.png Graphic file (type png)
<use generated/preview/interactive-1-preview.png>
Package pdftex.def Info: generated/preview/interactive-1-preview.png  used on i
nput line 3552.
(pdftex.def)             Requested size: 150.84648pt x 151.09842pt.
<generated/qrcode/interactive-1.png, id=1175, 250.9375pt x 250.9375pt>
File: generated/qrcode/interactive-1.png Graphic file (type png)
<use generated/qrcode/interactive-1.png>
Package pdftex.def Info: generated/qrcode/interactive-1.png  used on input line
 3555.
(pdftex.def)             Requested size: 67.73338pt x 67.73488pt.
 [52] [53] [54 <./generated/asymptote/gabpsubq21-2022.pdf> <./generated/asympto
te/gabpsubq22-2022.pdf>] [55 <./generated/asymptote/gabpsubq23-2022.pdf> <./gen
erated/asymptote/gabpsubq24-2022.pdf>] [56 <./generated/asymptote/gabpsubq25-20
22.pdf> <./generated/asymptote/gabpsubq26-2022.pdf>]
Overfull \hbox (43.36221pt too wide) detected at line 3610
[]  \OT1/lmr/m/n/10 =[]\OMS/lmsy/m/n/10 )  []
 []

<generated/asymptote/gabpsubq3.pdf, id=1234, 284.06125pt x 194.70743pt>
File: generated/asymptote/gabpsubq3.pdf Graphic file (type pdf)
<use generated/asymptote/gabpsubq3.pdf>
Package pdftex.def Info: generated/asymptote/gabpsubq3.pdf  used on input line 
3636.
(pdftex.def)             Requested size: 320.27254pt x 219.55037pt.
[57 <./generated/preview/interactive-1-preview.png> <./generated/qrcode/interac
tive-1.png (PNG copy)>]
<generated/asymptote/gabpsubq4.pdf, id=1249, 242.88742pt x 284.06125pt>
File: generated/asymptote/gabpsubq4.pdf Graphic file (type pdf)
<use generated/asymptote/gabpsubq4.pdf>
Package pdftex.def Info: generated/asymptote/gabpsubq4.pdf  used on input line 
3696.
(pdftex.def)             Requested size: 320.27254pt x 374.58055pt.
 [58 <./generated/asymptote/gabpsubq3.pdf>]
************************************************
Seo 3.4 Prova de Recuperao
************************************************
************************************************
Exerccios 3.4 Exerccios
************************************************

Overfull \hbox (73.76208pt too wide) in paragraph at lines 3736--3746
[]$\OML/lmm/m/it/10 f[]\OT1/lmr/m/n/10 (-20) (\OML/lmm/m/it/10 x; y\OT1/lmr/m/n
/10 (-20) ) = []$
 []


Overfull \hbox (0.9242pt too wide) detected at line 3762
[]
 []

[59 <./generated/asymptote/gabpsubq4.pdf>] [60]
<generated/asymptote/gabprecq2-2022.pdf, id=1294, 219.80118pt x 285.065pt>
File: generated/asymptote/gabprecq2-2022.pdf Graphic file (type pdf)
<use generated/asymptote/gabprecq2-2022.pdf>
Package pdftex.def Info: generated/asymptote/gabprecq2-2022.pdf  used on input 
line 3877.
(pdftex.def)             Requested size: 160.43626pt x 208.07396pt.
 [61] [62] [63 <./generated/asymptote/gabprecq2-2022.pdf>]
Underfull \hbox (badness 1331) in paragraph at lines 3938--3939
[]\T1/lmr/m/n/10 (+20) O vol-ume de tal par-aleleppedo, se ex-i-s-tir, ser $\
OML/lmm/m/it/10 V\OT1/lmr/m/n/10 (+20) (\OML/lmm/m/it/10 x; y; z\OT1/lmr/m/n/10
 (+20) ) =
 []

<generated/asymptote/gabprecq4-2022.pdf, id=1337, 282.05376pt x 250.91742pt>
File: generated/asymptote/gabprecq4-2022.pdf Graphic file (type pdf)
<use generated/asymptote/gabprecq4-2022.pdf>
Package pdftex.def Info: generated/asymptote/gabprecq4-2022.pdf  used on input 
line 3981.
(pdftex.def)             Requested size: 160.43626pt x 142.72577pt.
[64]
************************************************
Captulo 4 Provas de 2021
************************************************
[65 <./generated/asymptote/gabprecq4-2022.pdf>]
Chapter 4.
************************************************
Seo 4.1 Primeira Prova
************************************************
************************************************
Exerccios 4.1 Exerccios
************************************************

Underfull \hbox (badness 10000) in paragraph at lines 4050--4051
[]\T1/lmr/m/n/10 (+20) Observando que $\OML/lmm/m/it/10 f[]\OT1/lmr/m/n/10 (+20
) (\OML/lmm/m/it/10 x[]\OT1/lmr/m/n/10 (+20) ) = (\OML/lmm/m/it/10 f[]\OT1/lmr/
m/n/10 (+20) )(\OML/lmm/m/it/10 n\OT1/lmr/m/n/10 (+20) )(\OML/lmm/m/it/10 x[]\O
T1/lmr/m/n/10 (+20) )$ \T1/lmr/m/n/10 (+20) e que
 []

[66

] [67] [68]
Underfull \hbox (badness 10000) in paragraph at lines 4182--4183
[]
 []


Overfull \hbox (15.75046pt too wide) in paragraph at lines 4182--4183
\T1/lmr/m/n/10 (-20) inexistente. 
 []


Underfull \hbox (badness 10000) in paragraph at lines 4194--4195
[]
 []


Overfull \hbox (15.75046pt too wide) in paragraph at lines 4194--4195
\T1/lmr/m/n/10 (-20) inexistente. 
 []

[69]
Overfull \hbox (26.15121pt too wide) detected at line 4314
[]
 []

[70]
************************************************
Captulo 5 Provas de 2020
************************************************
[71]
Chapter 5.
************************************************
Seo 5.1 Primeira Prova
************************************************
************************************************
Exerccios 5.1 Exerccios
************************************************
[72

] [73]

LaTeX Warning: Command \textquoteright invalid in math mode on input line 4504.



Overfull \hbox (4.05382pt too wide) in paragraph at lines 4519--4520
[]$\OT1/lmr/m/n/10 (-20) (5\OML/lmm/m/it/10 =\OT1/lmr/m/n/10 (-20) 1536\OML/lmm
/m/it/10 ; \OT1/lmr/m/n/10 (-20) 25\OML/lmm/m/it/10 =\OT1/lmr/m/n/10 (-20) 6144
)\OML/lmm/m/it/10 :$ 
 []

[74] [75]
Overfull \hbox (9.81213pt too wide) detected at line 4674
[] [] \OT1/lmr/m/n/10 = [] [][][]\OML/lmm/m/it/10 ;
 []

<generated/asymptote/gabp1q7-2020.pdf, id=1545, 286.06876pt x 131.47118pt>
File: generated/asymptote/gabp1q7-2020.pdf Graphic file (type pdf)
<use generated/asymptote/gabp1q7-2020.pdf>
Package pdftex.def Info: generated/asymptote/gabp1q7-2020.pdf  used on input li
ne 4679.
(pdftex.def)             Requested size: 147.93625pt x 67.98825pt.
[76] [77] [78 <./generated/asymptote/gabp1q7-2020.pdf>]
Package pgfplots info on input line 4849: fill between: activating layered grap
hics
\pgf@layerbox@axis background=\box151
\pgf@layerboxsaved@axis background=\box152
\pgf@layerbox@axis grid=\box153
\pgf@layerboxsaved@axis grid=\box154
\pgf@layerbox@axis ticks=\box155
\pgf@layerboxsaved@axis ticks=\box156
\pgf@layerbox@axis lines=\box157
\pgf@layerboxsaved@axis lines=\box158
\pgf@layerbox@axis tick labels=\box159
\pgf@layerboxsaved@axis tick labels=\box160
\pgf@layerbox@pre main=\box161
\pgf@layerboxsaved@pre main=\box162
\pgf@layerbox@axis descriptions=\box163
\pgf@layerboxsaved@axis descriptions=\box164
\pgf@layerbox@axis foreground=\box165
\pgf@layerboxsaved@axis foreground=\box166
Package pgfplots info on input line 4849: Setting layers 'axis background,axis 
grid,axis ticks,axis lines,axis tick labels,pre main,main,axis descriptions,axi
s foreground'...
Package pgfplots info on input line 4849: the combination of 'axis on top' and 
'activate layers' implies 'set layers=axis on top'. Deactivate 'axis on top' if
 you want other layers.
Package pgfplots info on input line 4849: Setting layers 'axis background,pre m
ain,main,axis grid,axis ticks,axis lines,axis tick labels,axis descriptions,axi
s foreground'...
<generated/asymptote/gabp1q92-2020.pdf, id=1612, 286.06876pt x 191.69617pt>
File: generated/asymptote/gabp1q92-2020.pdf Graphic file (type pdf)
<use generated/asymptote/gabp1q92-2020.pdf>
Package pdftex.def Info: generated/asymptote/gabp1q92-2020.pdf  used on input l
ine 4888.
(pdftex.def)             Requested size: 147.93625pt x 99.13266pt.
 [79] [80]
************************************************
Captulo 6 Provas at 2019
************************************************
[81 <./generated/asymptote/gabp1q92-2020.pdf>]
Chapter 6.
[82

]
************************************************
Apndice A Principais Resultados
************************************************
Appendix A.
************************************************
Seo A.1 Clculo 1
************************************************
[83


]
************************************************
Seo A.2 Curvas de Nvel
************************************************
Missing character: There is no ; in font nullfont!
<generated/asymptote/fig_parabeli-graf.pdf, id=1676, 286.06876pt x 280.02618pt>

File: generated/asymptote/fig_parabeli-graf.pdf Graphic file (type pdf)
<use generated/asymptote/fig_parabeli-graf.pdf>
Package pdftex.def Info: generated/asymptote/fig_parabeli-graf.pdf  used on inp
ut line 5031.
(pdftex.def)             Requested size: 137.43793pt x 134.53494pt.
[84]
<generated/asymptote/fig_parabhip-graf.pdf, id=1687, 247.90617pt x 286.06876pt>

File: generated/asymptote/fig_parabhip-graf.pdf Graphic file (type pdf)
<use generated/asymptote/fig_parabhip-graf.pdf>
Package pdftex.def Info: generated/asymptote/fig_parabhip-graf.pdf  used on inp
ut line 5071.
(pdftex.def)             Requested size: 137.43793pt x 158.60416pt.

Missing character: There is no ; in font nullfont!
Missing character: There is no ; in font nullfont!
Missing character: There is no ; in font nullfont!
Missing character: There is no ; in font nullfont!
<generated/asymptote/fig_exemplonivel-graf.pdf, id=1690, 196.735pt x 145.52367p
t>
File: generated/asymptote/fig_exemplonivel-graf.pdf Graphic file (type pdf)
<use generated/asymptote/fig_exemplonivel-graf.pdf>
Package pdftex.def Info: generated/asymptote/fig_exemplonivel-graf.pdf  used on
 input line 5126.
(pdftex.def)             Requested size: 137.43793pt x 101.66158pt.

Underfull \hbox (badness 3895) in paragraph at lines 5127--5128
[]\T1/lmr/bx/n/10 (+20) Figura A.2.10 \T1/lmr/m/n/10 (+20) Gr-fico de
 []

[85 <./generated/asymptote/fig_parabeli-graf.pdf> <./generated/asymptote/fig_pa
rabhip-graf.pdf>]
************************************************
Seo A.3 Clculo de Limites
************************************************
[86 <./generated/asymptote/fig_exemplonivel-graf.pdf>]
Overfull \hbox (16.44547pt too wide) detected at line 5186
[] [] \OT1/lmr/m/n/10 = [] \OML/lmm/m/it/10 f[]g\OT1/lmr/m/n/10 (\OML/lmm/m/it/
10 x; y\OT1/lmr/m/n/10 )[] = \OML/lmm/m/it/10 f[] [] g\OT1/lmr/m/n/10 (\OML/lmm
/m/it/10 x; y\OT1/lmr/m/n/10 )[] = \OML/lmm/m/it/10 f\OT1/lmr/m/n/10 (0) = 1\OM
L/lmm/m/it/10 :
 []

<generated/youtube/video-2.jpg, id=1741, 120.45pt x 90.3375pt>
File: generated/youtube/video-2.jpg Graphic file (type jpg)
<use generated/youtube/video-2.jpg>
Package pdftex.def Info: generated/youtube/video-2.jpg  used on input line 5224
.
(pdftex.def)             Requested size: 160.68242pt x 120.52365pt.
<generated/qrcode/video-2.png, id=1742, 291.0875pt x 291.0875pt>
File: generated/qrcode/video-2.png Graphic file (type png)
<use generated/qrcode/video-2.png>
Package pdftex.def Info: generated/qrcode/video-2.png  used on input line 5227.

(pdftex.def)             Requested size: 72.12828pt x 72.12766pt.
[87]
Underfull \hbox (badness 5475) in paragraph at lines 5241--5244
\T1/lmr/m/n/10 (+20) Usando a [][]Proposio [][]A.3.1[][][][], temos que $[] \
OMS/lmsy/m/n/10 ^^F\OML/lmm/m/it/10 M\OMS/lmsy/m/n/10 j\OML/lmm/m/it/10 g\OT1/l
mr/m/n/10 (+20) (\OML/lmm/m/it/10 x; y\OT1/lmr/m/n/10 (+20) )\OMS/lmsy/m/n/10 j
 \OT1/lmr/m/n/10 (+20) =
 []


Underfull \hbox (badness 3323) in paragraph at lines 5245--5256
[][]\T1/lmr/bx/n/10 (+20) Teorema A.3.8 []\T1/lmr/m/it/10 (+20) Se-jam $\OML/lm
m/m/it/10 f [] [] A \OMS/lmsy/m/n/10 ^^R \U/msb/m/n/10 R[] \OMS/lmsy/m/n/10 ! \
U/msb/m/n/10 R$ \T1/lmr/m/it/10 (+20) uma funo tal que
 []

[88 <./generated/youtube/video-2.jpg> <./generated/qrcode/video-2.png (PNG copy
)>]
************************************************
Seo A.4 Derivadas Parciais e Diferenciabilidade
************************************************
<generated/asymptote/apderpar.pdf, id=1779, 222.81242pt x 286.06876pt>
File: generated/asymptote/apderpar.pdf Graphic file (type pdf)
<use generated/asymptote/apderpar.pdf>
Package pdftex.def Info: generated/asymptote/apderpar.pdf  used on input line 5
323.
(pdftex.def)             Requested size: 171.20001pt x 219.81529pt.
[89 <./generated/asymptote/apderpar.pdf>]
<generated/asymptote/dercont.pdf, id=1796, 284.06125pt x 216.78992pt>
File: generated/asymptote/dercont.pdf Graphic file (type pdf)
<use generated/asymptote/dercont.pdf>
Package pdftex.def Info: generated/asymptote/dercont.pdf  used on input line 53
62.
(pdftex.def)             Requested size: 171.20001pt x 130.66045pt.
 [90 <./generated/asymptote/dercont.pdf>]
Overfull \hbox (5.82777pt too wide) detected at line 5436
\OML/lmm/m/it/10 f\OT1/lmr/m/n/10 (\OML/lmm/m/it/10 x[] \OT1/lmr/m/n/10 + \OML/
lmm/m/it/10 h; y[] \OT1/lmr/m/n/10 + \OML/lmm/m/it/10 k\OT1/lmr/m/n/10 ) \OMS/l
msy/m/n/10 ^^@ \OML/lmm/m/it/10 f\OT1/lmr/m/n/10 (\OML/lmm/m/it/10 x[]; y[]\OT1
/lmr/m/n/10 ) = \OML/lmm/m/it/10 f\OT1/lmr/m/n/10 (\OML/lmm/m/it/10 x[] \OT1/lm
r/m/n/10 + \OML/lmm/m/it/10 h; y[] \OT1/lmr/m/n/10 + \OML/lmm/m/it/10 k\OT1/lmr
/m/n/10 ) \OMS/lmsy/m/n/10 ^^@ \OML/lmm/m/it/10 f\OT1/lmr/m/n/10 (\OML/lmm/m/it
/10 x[]; y[] \OT1/lmr/m/n/10 + \OML/lmm/m/it/10 k\OT1/lmr/m/n/10 ) + \OML/lmm/m
/it/10 f\OT1/lmr/m/n/10 (\OML/lmm/m/it/10 x[]; y[] \OT1/lmr/m/n/10 + \OML/lmm/m
/it/10 k\OT1/lmr/m/n/10 )\OML/lmm/m/it/10 f\OT1/lmr/m/n/10 (\OML/lmm/m/it/10 x[
]; y[]\OT1/lmr/m/n/10 )\OML/lmm/m/it/10 :
 []

[91] [92]
************************************************
Seo A.5 Derivadas de Segunda Ordem
************************************************
[93]
<generated/asymptote/segder.pdf, id=1844, 210.76743pt x 286.06876pt>
File: generated/asymptote/segder.pdf Graphic file (type pdf)
<use generated/asymptote/segder.pdf>
Package pdftex.def Info: generated/asymptote/segder.pdf  used on input line 559
6.
(pdftex.def)             Requested size: 171.20001pt x 232.3648pt.
 [94 <./generated/asymptote/segder.pdf>]
Overfull \hbox (27.66331pt too wide) detected at line 5640
[]
 []


Overfull \hbox (6.55817pt too wide) in paragraph at lines 5665--5669
[][]\T1/lmr/bx/n/10 (-20) Exemplo A.5.8 []\T1/lmr/m/n/10 (-20) A funo $\OML/l
mm/m/it/10 f\OT1/lmr/m/n/10 (-20) (\OML/lmm/m/it/10 x; y\OT1/lmr/m/n/10 (-20) )
 = []$
 []

[95]
************************************************
Seo A.6 Regras da Cadeia e Derivadas direcionais
************************************************

Overfull \hbox (16.92192pt too wide) detected at line 5748
\OML/lmm/m/it/10 ^^^\OT1/lmr/m/n/10 (\OML/lmm/m/it/10 x; y\OT1/lmr/m/n/10 ) = [
]
 []

[96] [97] [98]
Overfull \hbox (19.54872pt too wide) detected at line 5972
[]
 []

[99] [100] [101]
<generated/youtube/video-3.jpg, id=1967, 120.45pt x 90.3375pt>
File: generated/youtube/video-3.jpg Graphic file (type jpg)
<use generated/youtube/video-3.jpg>
Package pdftex.def Info: generated/youtube/video-3.jpg  used on input line 6093
.
(pdftex.def)             Requested size: 160.68242pt x 120.52365pt.
<generated/qrcode/video-3.png, id=1968, 291.0875pt x 291.0875pt>
File: generated/qrcode/video-3.png Graphic file (type png)
<use generated/qrcode/video-3.png>
Package pdftex.def Info: generated/qrcode/video-3.png  used on input line 6096.

(pdftex.def)             Requested size: 72.12828pt x 72.12766pt.
 [102 <./generated/youtube/video-3.jpg> <./generated/qrcode/video-3.png (PNG co
py)>]
************************************************
Seo A.7 Superfcies de nvel e Curvas no espao
************************************************

Overfull \hbox (7.06215pt too wide) in paragraph at lines 6154--6155
[]\T1/lmr/m/n/10 (-20) Lembramos que to-dos os re-sul-ta-dos ap-re-sen-ta-dos s
o-bre con-tinuidade, derivadas
 []

<generated/asymptote/apesffol.pdf, id=1984, 284.06125pt x 268.98494pt>
File: generated/asymptote/apesffol.pdf Graphic file (type pdf)
<use generated/asymptote/apesffol.pdf>
Package pdftex.def Info: generated/asymptote/apesffol.pdf  used on input line 6
174.
(pdftex.def)             Requested size: 171.20001pt x 162.11867pt.
[103]
<generated/asymptote/aphipfol.pdf, id=1994, 284.06125pt x 277.01494pt>
File: generated/asymptote/aphipfol.pdf Graphic file (type pdf)
<use generated/asymptote/aphipfol.pdf>
Package pdftex.def Info: generated/asymptote/aphipfol.pdf  used on input line 6
192.
(pdftex.def)             Requested size: 171.20001pt x 166.95839pt.
 [104 <./generated/asymptote/apesffol.pdf> <./generated/asymptote/aphipfol.pdf>
]
<generated/asymptote/appltgsupniv.pdf, id=2013, 282.05376pt x 235.86118pt>
File: generated/asymptote/appltgsupniv.pdf Graphic file (type pdf)
<use generated/asymptote/appltgsupniv.pdf>
Package pdftex.def Info: generated/asymptote/appltgsupniv.pdf  used on input li
ne 6222.
(pdftex.def)             Requested size: 170.90001pt x 142.91418pt.
 [105 <./generated/asymptote/appltgsupniv.pdf>] [106]
Underfull \hbox (badness 10000) in paragraph at lines 6340--6340
[][]$\T1/zi4/m/n/9 https : / / en . wikipedia . org / wiki / Cramer % 27s _ rul
e # Explicit _ formulas _ for _
 []

<generated/asymptote/appltgintsupniv.pdf, id=2047, 236.86491pt x 284.06125pt>
File: generated/asymptote/appltgintsupniv.pdf Graphic file (type pdf)
<use generated/asymptote/appltgintsupniv.pdf>
Package pdftex.def Info: generated/asymptote/appltgintsupniv.pdf  used on input
 line 6350.
(pdftex.def)             Requested size: 170.90001pt x 204.95303pt.
[107]
************************************************
Seo A.8 Mximos e mnimos locais em abertos de \(\mathbb R^2\)
************************************************

Package hyperref Warning: Token not allowed in a PDF string (Unicode):
(hyperref)                removing `math shift' on input line 6364.


Package hyperref Warning: Token not allowed in a PDF string (Unicode):
(hyperref)                removing `superscript' on input line 6364.

[108 <./generated/asymptote/appltgintsupniv.pdf>]
<generated/youtube/video-4.jpg, id=2073, 120.45pt x 90.3375pt>
File: generated/youtube/video-4.jpg Graphic file (type jpg)
<use generated/youtube/video-4.jpg>
Package pdftex.def Info: generated/youtube/video-4.jpg  used on input line 6398
.
(pdftex.def)             Requested size: 160.68242pt x 120.52365pt.
<generated/qrcode/video-4.png, id=2074, 291.0875pt x 291.0875pt>
File: generated/qrcode/video-4.png Graphic file (type png)
<use generated/qrcode/video-4.png>
Package pdftex.def Info: generated/qrcode/video-4.png  used on input line 6401.

(pdftex.def)             Requested size: 72.12828pt x 72.12766pt.
 [109 <./generated/youtube/video-4.jpg> <./generated/qrcode/video-4.png (PNG co
py)>]
Overfull \hbox (7.43578pt too wide) detected at line 6455
[]
 []


Underfull \hbox (badness 2096) in paragraph at lines 6477--6479
[][]\T1/lmr/bx/n/10 (+20) Nota A.8.7 []\T1/lmr/m/it/10 (+20) Note que este re-s
ul-tado nada afirma no caso em que
 []

************************************************
Seo A.9 Mximos e mnimos condicionados
************************************************
[110]
<generated/youtube/video-5.jpg, id=2115, 120.45pt x 90.3375pt>
File: generated/youtube/video-5.jpg Graphic file (type jpg)
<use generated/youtube/video-5.jpg>
Package pdftex.def Info: generated/youtube/video-5.jpg  used on input line 6549
.
(pdftex.def)             Requested size: 160.68242pt x 120.52365pt.
<generated/qrcode/video-5.png, id=2116, 291.0875pt x 291.0875pt>
File: generated/qrcode/video-5.png Graphic file (type png)
<use generated/qrcode/video-5.png>
Package pdftex.def Info: generated/qrcode/video-5.png  used on input line 6552.

(pdftex.def)             Requested size: 72.12828pt x 72.12766pt.
 [111] [112 <./generated/youtube/video-5.jpg> <./generated/qrcode/video-5.png (
PNG copy)>]
Underfull \hbox (badness 2644) in paragraph at lines 6609--6615
\OML/lmm/m/it/10 B$ \T1/lmr/m/it/10 (+20)  um ponto de mx-imo ou mn-imo lo-c
al de $\OML/lmm/m/it/10 f$ \T1/lmr/m/it/10 (+20) so-bre $\OML/lmm/m/it/10 B$\T1
/lmr/m/it/10 (+20) , en-to
 []

[113] [114



] (./main.aux)

LaTeX Font Warning: Size substitutions with differences
(Font)              up to 3.25pt have occurred.

Package rerunfilecheck Info: File `main.out' has not changed.
(rerunfilecheck)             Checksum: 60907119E57060CBD789B6A93EBF5EC3;7155.
 ) 
Here is how much of TeX's memory you used:
 48420 strings out of 478287
 1129308 string characters out of 5849289
 1592622 words of memory out of 5000000
 64248 multiletter control sequences out of 15000+600000
 619005 words of font info for 346 fonts, out of 8000000 for 9000
 1141 hyphenation exceptions out of 8191
 87i,21n,87p,1134b,3648s stack positions out of 5000i,500n,10000p,200000b,80000s
{/usr/share/texmf/fonts/enc/dvips/lm/lm-ec.enc}{/usr/share/texmf/fonts/enc/dv
ips/lm/lm-ts1.enc}{/usr/share/texmf/fonts/enc/dvips/lm/lm-mathsy.enc}{/usr/shar
e/texmf/fonts/enc/dvips/lm/lm-mathex.enc}{/usr/share/texmf/fonts/enc/dvips/lm/l
m-mathit.enc}{/usr/share/texmf/fonts/enc/dvips/lm/lm-rm.enc}{/usr/share/texlive
/texmf-dist/fonts/enc/dvips/inconsolata/i4-t1-5.enc}</usr/share/texlive/texmf-d
ist/fonts/type1/public/inconsolata/Inconsolata-zi4r.pfb></usr/share/texmf/fonts
/type1/public/lm/lmbx10.pfb></usr/share/texmf/fonts/type1/public/lm/lmbx12.pfb>
</usr/share/texmf/fonts/type1/public/lm/lmbxi10.pfb></usr/share/texmf/fonts/typ
e1/public/lm/lmex10.pfb></usr/share/texmf/fonts/type1/public/lm/lmmi10.pfb></us
r/share/texmf/fonts/type1/public/lm/lmmi7.pfb></usr/share/texmf/fonts/type1/pub
lic/lm/lmr10.pfb></usr/share/texmf/fonts/type1/public/lm/lmr12.pfb></usr/share/
texmf/fonts/type1/public/lm/lmr17.pfb></usr/share/texmf/fonts/type1/public/lm/l
mr5.pfb></usr/share/texmf/fonts/type1/public/lm/lmr6.pfb></usr/share/texmf/font
s/type1/public/lm/lmr7.pfb></usr/share/texmf/fonts/type1/public/lm/lmri10.pfb><
/usr/share/texmf/fonts/type1/public/lm/lmro10.pfb></usr/share/texmf/fonts/type1
/public/lm/lmsy10.pfb></usr/share/texmf/fonts/type1/public/lm/lmsy5.pfb></usr/s
hare/texmf/fonts/type1/public/lm/lmsy7.pfb></usr/share/texlive/texmf-dist/fonts
/type1/public/amsfonts/symbols/msam10.pfb></usr/share/texlive/texmf-dist/fonts/
type1/public/amsfonts/symbols/msbm10.pfb></usr/share/texlive/texmf-dist/fonts/t
ype1/public/rsfs/rsfs10.pfb>
Output written on main.pdf (122 pages, 2510723 bytes).
PDF statistics:
 2491 PDF objects out of 2984 (max. 8388607)
 2140 compressed objects within 22 object streams
 1076 named destinations out of 1200 (max. 500000)
 79539 words of extra memory for PDF output out of 89155 (max. 10000000)

