INFO    : PreTeXt project found in `/home/lymber/Dropbox/Documents/aulas/ime/2022/2022-2454/2454-ex_resolv`.
INFO    : Since no target was supplied, we will use "web".

INFO    : converting latex-image pictures from /home/lymber/Dropbox/Documents/aulas/ime/2022/2022-2454/2454-ex_resolv/source/main.ptx to svg graphics for placement in /home/lymber/Dropbox/Documents/aulas/ime/2022/2022-2454/2454-ex_resolv/generated-assets/latex-image
INFO    : extracting latex-image pictures from /home/lymber/Dropbox/Documents/aulas/ime/2022/2022-2454/2454-ex_resolv/source/main.ptx
INFO    : string parameters passed to extraction stylesheet: {'publisher': '/home/lymber/Dropbox/Documents/aulas/ime/2022/2022-2454/2454-ex_resolv/publication/publication.ptx'}
INFO    : discovering source file's directory name: /home/lymber/Dropbox/Documents/aulas/ime/2022/2022-2454/2454-ex_resolv/source
INFO    : verifying and expanding input directory: /home/lymber/Dropbox/Documents/aulas/ime/2022/2022-2454/2454-ex_resolv/source/../generated-assets
INFO    : input directory expanded to absolute path: /home/lymber/Dropbox/Documents/aulas/ime/2022/2022-2454/2454-ex_resolv/generated-assets
INFO    : verifying and expanding input directory: /home/lymber/Dropbox/Documents/aulas/ime/2022/2022-2454/2454-ex_resolv/source/../assets
INFO    : input directory expanded to absolute path: /home/lymber/Dropbox/Documents/aulas/ime/2022/2022-2454/2454-ex_resolv/assets
INFO    : XSL conversion of /home/lymber/Dropbox/Documents/aulas/ime/2022/2022-2454/2454-ex_resolv/source/main.ptx by /home/lymber/.ptx/xsl/extract-latex-image.xsl
INFO    : comprehensive messages, warnings, and errors:
INFO    : successful application of /home/lymber/.ptx/xsl/extract-latex-image.xsl
INFO    : converting inv_circ.tex to inv_circ.pdf
INFO    : cropping inv_circ.pdf to cropped-inv_circ.pdf
INFO    : renaming cropped-inv_circ.pdf to inv_circ.pdf
INFO    : converting inv_circ.pdf to inv_circ.svg
INFO    : converting inv_circ_sol.tex to inv_circ_sol.pdf
INFO    : cropping inv_circ_sol.pdf to cropped-inv_circ_sol.pdf
INFO    : renaming cropped-inv_circ_sol.pdf to inv_circ_sol.pdf
INFO    : converting inv_circ_sol.pdf to inv_circ_sol.svg
INFO    : converting fig_nivel.tex to fig_nivel.pdf
INFO    : cropping fig_nivel.pdf to cropped-fig_nivel.pdf
INFO    : renaming cropped-fig_nivel.pdf to fig_nivel.pdf
INFO    : converting fig_nivel.pdf to fig_nivel.svg
INFO    : converting polares.tex to polares.pdf
INFO    : cropping polares.pdf to cropped-polares.pdf
INFO    : renaming cropped-polares.pdf to polares.pdf
INFO    : converting polares.pdf to polares.svg
INFO    : converting gabp1q1-2023a.tex to gabp1q1-2023a.pdf
INFO    : cropping gabp1q1-2023a.pdf to cropped-gabp1q1-2023a.pdf
INFO    : renaming cropped-gabp1q1-2023a.pdf to gabp1q1-2023a.pdf
INFO    : converting gabp1q1-2023a.pdf to gabp1q1-2023a.svg
INFO    : converting gabp1q1b-2023b.tex to gabp1q1b-2023b.pdf
INFO    : cropping gabp1q1b-2023b.pdf to cropped-gabp1q1b-2023b.pdf
INFO    : renaming cropped-gabp1q1b-2023b.pdf to gabp1q1b-2023b.pdf
INFO    : converting gabp1q1b-2023b.pdf to gabp1q1b-2023b.svg
INFO    : converting gabp1q3-2023a.tex to gabp1q3-2023a.pdf
INFO    : cropping gabp1q3-2023a.pdf to cropped-gabp1q3-2023a.pdf
INFO    : renaming cropped-gabp1q3-2023a.pdf to gabp1q3-2023a.pdf
INFO    : converting gabp1q3-2023a.pdf to gabp1q3-2023a.svg
INFO    : converting gabp1aq2-2022.tex to gabp1aq2-2022.pdf
INFO    : cropping gabp1aq2-2022.pdf to cropped-gabp1aq2-2022.pdf
INFO    : renaming cropped-gabp1aq2-2022.pdf to gabp1aq2-2022.pdf
INFO    : converting gabp1aq2-2022.pdf to gabp1aq2-2022.svg
INFO    : converting gabp1aq2sol-2002.tex to gabp1aq2sol-2002.pdf
INFO    : cropping gabp1aq2sol-2002.pdf to cropped-gabp1aq2sol-2002.pdf
INFO    : renaming cropped-gabp1aq2sol-2002.pdf to gabp1aq2sol-2002.pdf
INFO    : converting gabp1aq2sol-2002.pdf to gabp1aq2sol-2002.svg
INFO    : converting gabp1q2-2021.tex to gabp1q2-2021.pdf
INFO    : cropping gabp1q2-2021.pdf to cropped-gabp1q2-2021.pdf
INFO    : renaming cropped-gabp1q2-2021.pdf to gabp1q2-2021.pdf
INFO    : converting gabp1q2-2021.pdf to gabp1q2-2021.svg
INFO    : converting gabp1q3-2021.tex to gabp1q3-2021.pdf
INFO    : cropping gabp1q3-2021.pdf to cropped-gabp1q3-2021.pdf
INFO    : renaming cropped-gabp1q3-2021.pdf to gabp1q3-2021.pdf
INFO    : converting gabp1q3-2021.pdf to gabp1q3-2021.svg
INFO    : converting gabp1q2-2020.tex to gabp1q2-2020.pdf
INFO    : cropping gabp1q2-2020.pdf to cropped-gabp1q2-2020.pdf
INFO    : renaming cropped-gabp1q2-2020.pdf to gabp1q2-2020.pdf
INFO    : converting gabp1q2-2020.pdf to gabp1q2-2020.svg
INFO    : converting gabp1q91-2020.tex to gabp1q91-2020.pdf
INFO    : cropping gabp1q91-2020.pdf to cropped-gabp1q91-2020.pdf
INFO    : renaming cropped-gabp1q91-2020.pdf to gabp1q91-2020.pdf
INFO    : converting gabp1q91-2020.pdf to gabp1q91-2020.svg
INFO    : converting fig_parabeli-nivel.tex to fig_parabeli-nivel.pdf
INFO    : cropping fig_parabeli-nivel.pdf to cropped-fig_parabeli-nivel.pdf
INFO    : renaming cropped-fig_parabeli-nivel.pdf to fig_parabeli-nivel.pdf
INFO    : converting fig_parabeli-nivel.pdf to fig_parabeli-nivel.svg
INFO    : converting fig_parabhip-nivel.tex to fig_parabhip-nivel.pdf
INFO    : cropping fig_parabhip-nivel.pdf to cropped-fig_parabhip-nivel.pdf
INFO    : renaming cropped-fig_parabhip-nivel.pdf to fig_parabhip-nivel.pdf
INFO    : converting fig_parabhip-nivel.pdf to fig_parabhip-nivel.svg
INFO    : converting fig_exemplo-nivel.tex to fig_exemplo-nivel.pdf
INFO    : cropping fig_exemplo-nivel.pdf to cropped-fig_exemplo-nivel.pdf
INFO    : renaming cropped-fig_exemplo-nivel.pdf to fig_exemplo-nivel.pdf
INFO    : converting fig_exemplo-nivel.pdf to fig_exemplo-nivel.svg
INFO    : converting apdiffdiag.tex to apdiffdiag.pdf
INFO    : cropping apdiffdiag.pdf to cropped-apdiffdiag.pdf
INFO    : renaming cropped-apdiffdiag.pdf to apdiffdiag.pdf
INFO    : converting apdiffdiag.pdf to apdiffdiag.svg
INFO    : converting cadeiadir.tex to cadeiadir.pdf
INFO    : cropping cadeiadir.pdf to cropped-cadeiadir.pdf
INFO    : renaming cropped-cadeiadir.pdf to cadeiadir.pdf
INFO    : converting cadeiadir.pdf to cadeiadir.svg
INFO    : converting cadeianivel.tex to cadeianivel.pdf
INFO    : cropping cadeianivel.pdf to cropped-cadeianivel.pdf
INFO    : renaming cropped-cadeianivel.pdf to cadeianivel.pdf
INFO    : converting cadeianivel.pdf to cadeianivel.svg
INFO    : converting cadeiaturbo.tex to cadeiaturbo.pdf
INFO    : cropping cadeiaturbo.pdf to cropped-cadeiaturbo.pdf
INFO    : renaming cropped-cadeiaturbo.pdf to cadeiaturbo.pdf
INFO    : converting cadeiaturbo.pdf to cadeiaturbo.svg
INFO    : converting Asymptote diagrams from /home/lymber/Dropbox/Documents/aulas/ime/2022/2022-2454/2454-ex_resolv/source/main.ptx to HTML graphics for placement in /home/lymber/Dropbox/Documents/aulas/ime/2022/2022-2454/2454-ex_resolv/generated-assets/asymptote with method "server"
INFO    : extracting Asymptote diagrams from /home/lymber/Dropbox/Documents/aulas/ime/2022/2022-2454/2454-ex_resolv/source/main.ptx
INFO    : string parameters passed to extraction stylesheet: {'publisher': '/home/lymber/Dropbox/Documents/aulas/ime/2022/2022-2454/2454-ex_resolv/publication/publication.ptx'}
INFO    : XSL conversion of /home/lymber/Dropbox/Documents/aulas/ime/2022/2022-2454/2454-ex_resolv/source/main.ptx by /home/lymber/.ptx/xsl/extract-asymptote.xsl
INFO    : comprehensive messages, warnings, and errors:
INFO    : successful application of /home/lymber/.ptx/xsl/extract-asymptote.xsl
INFO    : converting /tmp/tmphp40kkjy/exfunca.asy to /tmp/tmphp40kkjy/exfunca.html
INFO    : converting /tmp/tmphp40kkjy/exfuncb.asy to /tmp/tmphp40kkjy/exfuncb.html
INFO    : converting /tmp/tmphp40kkjy/surf_level.asy to /tmp/tmphp40kkjy/surf_level.html
INFO    : converting /tmp/tmphp40kkjy/ex5-7b.asy to /tmp/tmphp40kkjy/ex5-7b.html
INFO    : converting /tmp/tmphp40kkjy/ex5-9.asy to /tmp/tmphp40kkjy/ex5-9.html
INFO    : converting /tmp/tmphp40kkjy/ex5-14.asy to /tmp/tmphp40kkjy/ex5-14.html
INFO    : converting /tmp/tmphp40kkjy/ex5-17.asy to /tmp/tmphp40kkjy/ex5-17.html
INFO    : converting /tmp/tmphp40kkjy/ex2-4.asy to /tmp/tmphp40kkjy/ex2-4.html
INFO    : converting /tmp/tmphp40kkjy/ex2-8.asy to /tmp/tmphp40kkjy/ex2-8.html
INFO    : converting /tmp/tmphp40kkjy/ex3-2a.asy to /tmp/tmphp40kkjy/ex3-2a.html
INFO    : converting /tmp/tmphp40kkjy/ex3-2d.asy to /tmp/tmphp40kkjy/ex3-2d.html
INFO    : converting /tmp/tmphp40kkjy/ex4-3.asy to /tmp/tmphp40kkjy/ex4-3.html
INFO    : converting /tmp/tmphp40kkjy/ex4-5.asy to /tmp/tmphp40kkjy/ex4-5.html
INFO    : converting /tmp/tmphp40kkjy/ex4-7.asy to /tmp/tmphp40kkjy/ex4-7.html
INFO    : converting /tmp/tmphp40kkjy/exmaxminlocapos.asy to /tmp/tmphp40kkjy/exmaxminlocapos.html
INFO    : converting /tmp/tmphp40kkjy/exmaxminlocaneg.asy to /tmp/tmphp40kkjy/exmaxminlocaneg.html
INFO    : converting /tmp/tmphp40kkjy/exmaxminlocanul.asy to /tmp/tmphp40kkjy/exmaxminlocanul.html
INFO    : converting /tmp/tmphp40kkjy/gabp1q1c-2023.asy to /tmp/tmphp40kkjy/gabp1q1c-2023.html
INFO    : converting /tmp/tmphp40kkjy/gabp2aq2-2022.asy to /tmp/tmphp40kkjy/gabp2aq2-2022.html
INFO    : converting /tmp/tmphp40kkjy/gabpsubq21-2022.asy to /tmp/tmphp40kkjy/gabpsubq21-2022.html
INFO    : converting /tmp/tmphp40kkjy/gabpsubq22-2022.asy to /tmp/tmphp40kkjy/gabpsubq22-2022.html
INFO    : converting /tmp/tmphp40kkjy/gabpsubq23-2022.asy to /tmp/tmphp40kkjy/gabpsubq23-2022.html
INFO    : converting /tmp/tmphp40kkjy/gabpsubq24-2022.asy to /tmp/tmphp40kkjy/gabpsubq24-2022.html
INFO    : converting /tmp/tmphp40kkjy/gabpsubq25-2022.asy to /tmp/tmphp40kkjy/gabpsubq25-2022.html
INFO    : converting /tmp/tmphp40kkjy/gabpsubq26-2022.asy to /tmp/tmphp40kkjy/gabpsubq26-2022.html
INFO    : converting /tmp/tmphp40kkjy/gabpsubq3.asy to /tmp/tmphp40kkjy/gabpsubq3.html
INFO    : converting /tmp/tmphp40kkjy/gabpsubq4.asy to /tmp/tmphp40kkjy/gabpsubq4.html
INFO    : converting /tmp/tmphp40kkjy/gabprecq2-2022.asy to /tmp/tmphp40kkjy/gabprecq2-2022.html
INFO    : converting /tmp/tmphp40kkjy/gabprecq4-2022.asy to /tmp/tmphp40kkjy/gabprecq4-2022.html
INFO    : converting /tmp/tmphp40kkjy/gabp1q7-2020.asy to /tmp/tmphp40kkjy/gabp1q7-2020.html
INFO    : converting /tmp/tmphp40kkjy/gabp1q92-2020.asy to /tmp/tmphp40kkjy/gabp1q92-2020.html
INFO    : converting /tmp/tmphp40kkjy/fig_parabeli-graf.asy to /tmp/tmphp40kkjy/fig_parabeli-graf.html
INFO    : converting /tmp/tmphp40kkjy/fig_parabhip-graf.asy to /tmp/tmphp40kkjy/fig_parabhip-graf.html
INFO    : converting /tmp/tmphp40kkjy/fig_exemplonivel-graf.asy to /tmp/tmphp40kkjy/fig_exemplonivel-graf.html
INFO    : converting /tmp/tmphp40kkjy/apderpar.asy to /tmp/tmphp40kkjy/apderpar.html
INFO    : converting /tmp/tmphp40kkjy/dercont.asy to /tmp/tmphp40kkjy/dercont.html
INFO    : converting /tmp/tmphp40kkjy/segder.asy to /tmp/tmphp40kkjy/segder.html
INFO    : converting /tmp/tmphp40kkjy/apesffol.asy to /tmp/tmphp40kkjy/apesffol.html
INFO    : converting /tmp/tmphp40kkjy/aphipfol.asy to /tmp/tmphp40kkjy/aphipfol.html
INFO    : converting /tmp/tmphp40kkjy/appltgsupniv.asy to /tmp/tmphp40kkjy/appltgsupniv.html
INFO    : converting /tmp/tmphp40kkjy/appltgintsupniv.asy to /tmp/tmphp40kkjy/appltgintsupniv.html
INFO    : converting Sage diagrams from /home/lymber/Dropbox/Documents/aulas/ime/2022/2022-2454/2454-ex_resolv/source/main.ptx to HTML graphics for placement in /home/lymber/Dropbox/Documents/aulas/ime/2022/2022-2454/2454-ex_resolv/generated-assets/sageplot
INFO    : extracting Sage diagrams from /home/lymber/Dropbox/Documents/aulas/ime/2022/2022-2454/2454-ex_resolv/source/main.ptx
INFO    : XSL conversion of /home/lymber/Dropbox/Documents/aulas/ime/2022/2022-2454/2454-ex_resolv/source/main.ptx by /home/lymber/.ptx/xsl/extract-sageplot.xsl
INFO    : comprehensive messages, warnings, and errors:
INFO    : successful application of /home/lymber/.ptx/xsl/extract-sageplot.xsl
INFO    : converting Sage diagrams from /home/lymber/Dropbox/Documents/aulas/ime/2022/2022-2454/2454-ex_resolv/source/main.ptx to SVG graphics for placement in /home/lymber/Dropbox/Documents/aulas/ime/2022/2022-2454/2454-ex_resolv/generated-assets/sageplot
INFO    : extracting Sage diagrams from /home/lymber/Dropbox/Documents/aulas/ime/2022/2022-2454/2454-ex_resolv/source/main.ptx
INFO    : XSL conversion of /home/lymber/Dropbox/Documents/aulas/ime/2022/2022-2454/2454-ex_resolv/source/main.ptx by /home/lymber/.ptx/xsl/extract-sageplot.xsl
INFO    : comprehensive messages, warnings, and errors:
INFO    : successful application of /home/lymber/.ptx/xsl/extract-sageplot.xsl
INFO    : converting taylor.sage to taylor.svg
INFO    : Removing temporary directory /tmp/tmpqzwm63rx
INFO    : Removing temporary directory /tmp/tmphp40kkjy
INFO    : Removing temporary directory /tmp/tmpf1hlne_k
INFO    : Removing temporary directory /tmp/tmp198m111e
INFO    : Finished generating assets.

