INFO    : PreTeXt project found in `/home/lymber/Dropbox/Documents/aulas/ime/2022/2022-2454/2454-ex_resolv`.
INFO    : Since no target was supplied, we will use "web".

INFO    : converting latex-image pictures from /home/lymber/Dropbox/Documents/aulas/ime/2022/2022-2454/2454-ex_resolv/source/main.ptx to svg graphics for placement in /home/lymber/Dropbox/Documents/aulas/ime/2022/2022-2454/2454-ex_resolv/generated-assets/latex-image
INFO    : extracting latex-image pictures from /home/lymber/Dropbox/Documents/aulas/ime/2022/2022-2454/2454-ex_resolv/source/main.ptx
INFO    : string parameters passed to extraction stylesheet: {'publisher': '/home/lymber/Dropbox/Documents/aulas/ime/2022/2022-2454/2454-ex_resolv/publication/publication.ptx'}
INFO    : discovering source file's directory name: /home/lymber/Dropbox/Documents/aulas/ime/2022/2022-2454/2454-ex_resolv/source
INFO    : verifying and expanding input directory: /home/lymber/Dropbox/Documents/aulas/ime/2022/2022-2454/2454-ex_resolv/source/../generated
INFO    : input directory expanded to absolute path: /home/lymber/Dropbox/Documents/aulas/ime/2022/2022-2454/2454-ex_resolv/generated
INFO    : verifying and expanding input directory: /home/lymber/Dropbox/Documents/aulas/ime/2022/2022-2454/2454-ex_resolv/source/../assets
INFO    : input directory expanded to absolute path: /home/lymber/Dropbox/Documents/aulas/ime/2022/2022-2454/2454-ex_resolv/assets
INFO    : XSL conversion of /home/lymber/Dropbox/Documents/aulas/ime/2022/2022-2454/2454-ex_resolv/source/main.ptx by /home/lymber/.ptx/xsl/extract-latex-image.xsl
INFO    : comprehensive messages, warnings, and errors:
INFO    : successful application of /home/lymber/.ptx/xsl/extract-latex-image.xsl
INFO    : converting inv_circ.tex to inv_circ.pdf
INFO    : cropping inv_circ.pdf to cropped-inv_circ.pdf
INFO    : renaming cropped-inv_circ.pdf to inv_circ.pdf
INFO    : converting inv_circ.pdf to inv_circ.svg
INFO    : converting inv_circ_sol.tex to inv_circ_sol.pdf
INFO    : cropping inv_circ_sol.pdf to cropped-inv_circ_sol.pdf
INFO    : renaming cropped-inv_circ_sol.pdf to inv_circ_sol.pdf
INFO    : converting inv_circ_sol.pdf to inv_circ_sol.svg
INFO    : converting fig_nivel.tex to fig_nivel.pdf
INFO    : cropping fig_nivel.pdf to cropped-fig_nivel.pdf
INFO    : renaming cropped-fig_nivel.pdf to fig_nivel.pdf
INFO    : converting fig_nivel.pdf to fig_nivel.svg
INFO    : converting polares.tex to polares.pdf
INFO    : cropping polares.pdf to cropped-polares.pdf
INFO    : renaming cropped-polares.pdf to polares.pdf
INFO    : converting polares.pdf to polares.svg
INFO    : converting gabp1q1-2023a.tex to gabp1q1-2023a.pdf
INFO    : cropping gabp1q1-2023a.pdf to cropped-gabp1q1-2023a.pdf
INFO    : renaming cropped-gabp1q1-2023a.pdf to gabp1q1-2023a.pdf
INFO    : converting gabp1q1-2023a.pdf to gabp1q1-2023a.svg
INFO    : converting gabp1q1b-2023b.tex to gabp1q1b-2023b.pdf
INFO    : cropping gabp1q1b-2023b.pdf to cropped-gabp1q1b-2023b.pdf
INFO    : renaming cropped-gabp1q1b-2023b.pdf to gabp1q1b-2023b.pdf
INFO    : converting gabp1q1b-2023b.pdf to gabp1q1b-2023b.svg
INFO    : converting gabp1q3-2023a.tex to gabp1q3-2023a.pdf
INFO    : cropping gabp1q3-2023a.pdf to cropped-gabp1q3-2023a.pdf
INFO    : renaming cropped-gabp1q3-2023a.pdf to gabp1q3-2023a.pdf
INFO    : converting gabp1q3-2023a.pdf to gabp1q3-2023a.svg
INFO    : converting gabp1aq2-2022.tex to gabp1aq2-2022.pdf
INFO    : cropping gabp1aq2-2022.pdf to cropped-gabp1aq2-2022.pdf
INFO    : renaming cropped-gabp1aq2-2022.pdf to gabp1aq2-2022.pdf
INFO    : converting gabp1aq2-2022.pdf to gabp1aq2-2022.svg
INFO    : converting gabp1aq2sol-2002.tex to gabp1aq2sol-2002.pdf
INFO    : cropping gabp1aq2sol-2002.pdf to cropped-gabp1aq2sol-2002.pdf
INFO    : renaming cropped-gabp1aq2sol-2002.pdf to gabp1aq2sol-2002.pdf
INFO    : converting gabp1aq2sol-2002.pdf to gabp1aq2sol-2002.svg
INFO    : converting gabp1q2-2021.tex to gabp1q2-2021.pdf
INFO    : cropping gabp1q2-2021.pdf to cropped-gabp1q2-2021.pdf
INFO    : renaming cropped-gabp1q2-2021.pdf to gabp1q2-2021.pdf
INFO    : converting gabp1q2-2021.pdf to gabp1q2-2021.svg
INFO    : converting gabp1q3-2021.tex to gabp1q3-2021.pdf
INFO    : cropping gabp1q3-2021.pdf to cropped-gabp1q3-2021.pdf
INFO    : renaming cropped-gabp1q3-2021.pdf to gabp1q3-2021.pdf
INFO    : converting gabp1q3-2021.pdf to gabp1q3-2021.svg
INFO    : converting gabp1q2-2020.tex to gabp1q2-2020.pdf
INFO    : cropping gabp1q2-2020.pdf to cropped-gabp1q2-2020.pdf
INFO    : renaming cropped-gabp1q2-2020.pdf to gabp1q2-2020.pdf
INFO    : converting gabp1q2-2020.pdf to gabp1q2-2020.svg
INFO    : converting gabp1q91-2020.tex to gabp1q91-2020.pdf
INFO    : cropping gabp1q91-2020.pdf to cropped-gabp1q91-2020.pdf
INFO    : renaming cropped-gabp1q91-2020.pdf to gabp1q91-2020.pdf
INFO    : converting gabp1q91-2020.pdf to gabp1q91-2020.svg
INFO    : converting fig_parabeli-nivel.tex to fig_parabeli-nivel.pdf
INFO    : cropping fig_parabeli-nivel.pdf to cropped-fig_parabeli-nivel.pdf
INFO    : renaming cropped-fig_parabeli-nivel.pdf to fig_parabeli-nivel.pdf
INFO    : converting fig_parabeli-nivel.pdf to fig_parabeli-nivel.svg
INFO    : converting fig_parabhip-nivel.tex to fig_parabhip-nivel.pdf
INFO    : cropping fig_parabhip-nivel.pdf to cropped-fig_parabhip-nivel.pdf
INFO    : renaming cropped-fig_parabhip-nivel.pdf to fig_parabhip-nivel.pdf
INFO    : converting fig_parabhip-nivel.pdf to fig_parabhip-nivel.svg
INFO    : converting fig_exemplo-nivel.tex to fig_exemplo-nivel.pdf
INFO    : cropping fig_exemplo-nivel.pdf to cropped-fig_exemplo-nivel.pdf
INFO    : renaming cropped-fig_exemplo-nivel.pdf to fig_exemplo-nivel.pdf
INFO    : converting fig_exemplo-nivel.pdf to fig_exemplo-nivel.svg
INFO    : converting apdiffdiag.tex to apdiffdiag.pdf
INFO    : cropping apdiffdiag.pdf to cropped-apdiffdiag.pdf
INFO    : renaming cropped-apdiffdiag.pdf to apdiffdiag.pdf
INFO    : converting apdiffdiag.pdf to apdiffdiag.svg
INFO    : converting cadeiadir.tex to cadeiadir.pdf
INFO    : cropping cadeiadir.pdf to cropped-cadeiadir.pdf
INFO    : renaming cropped-cadeiadir.pdf to cadeiadir.pdf
INFO    : converting cadeiadir.pdf to cadeiadir.svg
INFO    : converting cadeianivel.tex to cadeianivel.pdf
INFO    : cropping cadeianivel.pdf to cropped-cadeianivel.pdf
INFO    : renaming cropped-cadeianivel.pdf to cadeianivel.pdf
INFO    : converting cadeianivel.pdf to cadeianivel.svg
INFO    : converting cadeiaturbo.tex to cadeiaturbo.pdf
INFO    : cropping cadeiaturbo.pdf to cropped-cadeiaturbo.pdf
INFO    : renaming cropped-cadeiaturbo.pdf to cadeiaturbo.pdf
INFO    : converting cadeiaturbo.pdf to cadeiaturbo.svg
INFO    : converting Asymptote diagrams from /home/lymber/Dropbox/Documents/aulas/ime/2022/2022-2454/2454-ex_resolv/source/main.ptx to HTML graphics for placement in /home/lymber/Dropbox/Documents/aulas/ime/2022/2022-2454/2454-ex_resolv/generated/asymptote with method "server"
INFO    : extracting Asymptote diagrams from /home/lymber/Dropbox/Documents/aulas/ime/2022/2022-2454/2454-ex_resolv/source/main.ptx
INFO    : string parameters passed to extraction stylesheet: {'publisher': '/home/lymber/Dropbox/Documents/aulas/ime/2022/2022-2454/2454-ex_resolv/publication/publication.ptx'}
INFO    : XSL conversion of /home/lymber/Dropbox/Documents/aulas/ime/2022/2022-2454/2454-ex_resolv/source/main.ptx by /home/lymber/.ptx/xsl/extract-asymptote.xsl
INFO    : comprehensive messages, warnings, and errors:
INFO    : successful application of /home/lymber/.ptx/xsl/extract-asymptote.xsl
INFO    : converting /tmp/tmpxuyaw1jv/exfunca.asy to /tmp/tmpxuyaw1jv/exfunca.html
INFO    : converting Sage diagrams from /home/lymber/Dropbox/Documents/aulas/ime/2022/2022-2454/2454-ex_resolv/source/main.ptx to HTML graphics for placement in /home/lymber/Dropbox/Documents/aulas/ime/2022/2022-2454/2454-ex_resolv/generated/sageplot
INFO    : extracting Sage diagrams from /home/lymber/Dropbox/Documents/aulas/ime/2022/2022-2454/2454-ex_resolv/source/main.ptx
INFO    : XSL conversion of /home/lymber/Dropbox/Documents/aulas/ime/2022/2022-2454/2454-ex_resolv/source/main.ptx by /home/lymber/.ptx/xsl/extract-sageplot.xsl
INFO    : comprehensive messages, warnings, and errors:
INFO    : successful application of /home/lymber/.ptx/xsl/extract-sageplot.xsl
INFO    : converting Sage diagrams from /home/lymber/Dropbox/Documents/aulas/ime/2022/2022-2454/2454-ex_resolv/source/main.ptx to SVG graphics for placement in /home/lymber/Dropbox/Documents/aulas/ime/2022/2022-2454/2454-ex_resolv/generated/sageplot
INFO    : extracting Sage diagrams from /home/lymber/Dropbox/Documents/aulas/ime/2022/2022-2454/2454-ex_resolv/source/main.ptx
INFO    : XSL conversion of /home/lymber/Dropbox/Documents/aulas/ime/2022/2022-2454/2454-ex_resolv/source/main.ptx by /home/lymber/.ptx/xsl/extract-sageplot.xsl
INFO    : comprehensive messages, warnings, and errors:
INFO    : successful application of /home/lymber/.ptx/xsl/extract-sageplot.xsl
INFO    : converting taylor.sage to taylor.svg
INFO    : Removing temporary directory /tmp/tmp36a8s2gz
INFO    : Removing temporary directory /tmp/tmpxuyaw1jv
INFO    : Removing temporary directory /tmp/tmpfezy3ncw
INFO    : Removing temporary directory /tmp/tmpx1d4ah4f
CRITICAL: [Errno 2] No such file or directory: '/home/lymber/Dropbox/Documents/aulas/ime/2022/2022-2454/2454-ex_resolv/generated/.web_assets.pkl'
INFO    : ------------------------
INFO    : While running pretext, the following errors occurred:

