INFO    : PreTeXt project found in `/home/lymber/Dropbox/Documents/aulas/ime/2022/2022-2454/2454-ex_resolv`.
INFO    : converting latex-image pictures from /home/lymber/Dropbox/Documents/aulas/ime/2022/2022-2454/2454-ex_resolv/source/main.ptx to svg graphics for placement in /home/lymber/Dropbox/Documents/aulas/ime/2022/2022-2454/2454-ex_resolv/generated-assets/latex-image
INFO    : extracting latex-image pictures from /home/lymber/Dropbox/Documents/aulas/ime/2022/2022-2454/2454-ex_resolv/source/main.ptx
INFO    : string parameters passed to extraction stylesheet: {'publisher': '/home/lymber/Dropbox/Documents/aulas/ime/2022/2022-2454/2454-ex_resolv/publication/publication.ptx', 'subtree': 'inv_circ'}
INFO    : discovering source file's directory name: /home/lymber/Dropbox/Documents/aulas/ime/2022/2022-2454/2454-ex_resolv/source
INFO    : verifying and expanding input directory: /home/lymber/Dropbox/Documents/aulas/ime/2022/2022-2454/2454-ex_resolv/source/../generated-assets
INFO    : input directory expanded to absolute path: /home/lymber/Dropbox/Documents/aulas/ime/2022/2022-2454/2454-ex_resolv/generated-assets
INFO    : verifying and expanding input directory: /home/lymber/Dropbox/Documents/aulas/ime/2022/2022-2454/2454-ex_resolv/source/../assets
INFO    : input directory expanded to absolute path: /home/lymber/Dropbox/Documents/aulas/ime/2022/2022-2454/2454-ex_resolv/assets
INFO    : XSL conversion of /home/lymber/Dropbox/Documents/aulas/ime/2022/2022-2454/2454-ex_resolv/source/main.ptx by /home/lymber/.ptx/xsl/extract-latex-image.xsl
INFO    : comprehensive messages, warnings, and errors:
INFO    : successful application of /home/lymber/.ptx/xsl/extract-latex-image.xsl
INFO    : converting inv_circ.tex to inv_circ.pdf
INFO    : cropping inv_circ.pdf to cropped-inv_circ.pdf
INFO    : renaming cropped-inv_circ.pdf to inv_circ.pdf
INFO    : converting inv_circ.pdf to inv_circ.svg
INFO    : converting latex-image pictures from /home/lymber/Dropbox/Documents/aulas/ime/2022/2022-2454/2454-ex_resolv/source/main.ptx to svg graphics for placement in /home/lymber/Dropbox/Documents/aulas/ime/2022/2022-2454/2454-ex_resolv/generated-assets/latex-image
INFO    : extracting latex-image pictures from /home/lymber/Dropbox/Documents/aulas/ime/2022/2022-2454/2454-ex_resolv/source/main.ptx
INFO    : string parameters passed to extraction stylesheet: {'publisher': '/home/lymber/Dropbox/Documents/aulas/ime/2022/2022-2454/2454-ex_resolv/publication/publication.ptx', 'subtree': 'inv_circ_sol'}
INFO    : discovering source file's directory name: /home/lymber/Dropbox/Documents/aulas/ime/2022/2022-2454/2454-ex_resolv/source
INFO    : verifying and expanding input directory: /home/lymber/Dropbox/Documents/aulas/ime/2022/2022-2454/2454-ex_resolv/source/../generated-assets
INFO    : input directory expanded to absolute path: /home/lymber/Dropbox/Documents/aulas/ime/2022/2022-2454/2454-ex_resolv/generated-assets
INFO    : verifying and expanding input directory: /home/lymber/Dropbox/Documents/aulas/ime/2022/2022-2454/2454-ex_resolv/source/../assets
INFO    : input directory expanded to absolute path: /home/lymber/Dropbox/Documents/aulas/ime/2022/2022-2454/2454-ex_resolv/assets
INFO    : XSL conversion of /home/lymber/Dropbox/Documents/aulas/ime/2022/2022-2454/2454-ex_resolv/source/main.ptx by /home/lymber/.ptx/xsl/extract-latex-image.xsl
INFO    : comprehensive messages, warnings, and errors:
INFO    : successful application of /home/lymber/.ptx/xsl/extract-latex-image.xsl
INFO    : converting inv_circ_sol.tex to inv_circ_sol.pdf
INFO    : cropping inv_circ_sol.pdf to cropped-inv_circ_sol.pdf
INFO    : renaming cropped-inv_circ_sol.pdf to inv_circ_sol.pdf
INFO    : converting inv_circ_sol.pdf to inv_circ_sol.svg
INFO    : converting latex-image pictures from /home/lymber/Dropbox/Documents/aulas/ime/2022/2022-2454/2454-ex_resolv/source/main.ptx to svg graphics for placement in /home/lymber/Dropbox/Documents/aulas/ime/2022/2022-2454/2454-ex_resolv/generated-assets/latex-image
INFO    : extracting latex-image pictures from /home/lymber/Dropbox/Documents/aulas/ime/2022/2022-2454/2454-ex_resolv/source/main.ptx
INFO    : string parameters passed to extraction stylesheet: {'publisher': '/home/lymber/Dropbox/Documents/aulas/ime/2022/2022-2454/2454-ex_resolv/publication/publication.ptx', 'subtree': 'fig_nivel'}
INFO    : discovering source file's directory name: /home/lymber/Dropbox/Documents/aulas/ime/2022/2022-2454/2454-ex_resolv/source
INFO    : verifying and expanding input directory: /home/lymber/Dropbox/Documents/aulas/ime/2022/2022-2454/2454-ex_resolv/source/../generated-assets
INFO    : input directory expanded to absolute path: /home/lymber/Dropbox/Documents/aulas/ime/2022/2022-2454/2454-ex_resolv/generated-assets
INFO    : verifying and expanding input directory: /home/lymber/Dropbox/Documents/aulas/ime/2022/2022-2454/2454-ex_resolv/source/../assets
INFO    : input directory expanded to absolute path: /home/lymber/Dropbox/Documents/aulas/ime/2022/2022-2454/2454-ex_resolv/assets
INFO    : XSL conversion of /home/lymber/Dropbox/Documents/aulas/ime/2022/2022-2454/2454-ex_resolv/source/main.ptx by /home/lymber/.ptx/xsl/extract-latex-image.xsl
INFO    : comprehensive messages, warnings, and errors:
INFO    : successful application of /home/lymber/.ptx/xsl/extract-latex-image.xsl
INFO    : converting fig_nivel.tex to fig_nivel.pdf
INFO    : cropping fig_nivel.pdf to cropped-fig_nivel.pdf
INFO    : renaming cropped-fig_nivel.pdf to fig_nivel.pdf
INFO    : converting fig_nivel.pdf to fig_nivel.svg
INFO    : converting latex-image pictures from /home/lymber/Dropbox/Documents/aulas/ime/2022/2022-2454/2454-ex_resolv/source/main.ptx to svg graphics for placement in /home/lymber/Dropbox/Documents/aulas/ime/2022/2022-2454/2454-ex_resolv/generated-assets/latex-image
INFO    : extracting latex-image pictures from /home/lymber/Dropbox/Documents/aulas/ime/2022/2022-2454/2454-ex_resolv/source/main.ptx
INFO    : string parameters passed to extraction stylesheet: {'publisher': '/home/lymber/Dropbox/Documents/aulas/ime/2022/2022-2454/2454-ex_resolv/publication/publication.ptx', 'subtree': 'polares'}
INFO    : discovering source file's directory name: /home/lymber/Dropbox/Documents/aulas/ime/2022/2022-2454/2454-ex_resolv/source
INFO    : verifying and expanding input directory: /home/lymber/Dropbox/Documents/aulas/ime/2022/2022-2454/2454-ex_resolv/source/../generated-assets
INFO    : input directory expanded to absolute path: /home/lymber/Dropbox/Documents/aulas/ime/2022/2022-2454/2454-ex_resolv/generated-assets
INFO    : verifying and expanding input directory: /home/lymber/Dropbox/Documents/aulas/ime/2022/2022-2454/2454-ex_resolv/source/../assets
INFO    : input directory expanded to absolute path: /home/lymber/Dropbox/Documents/aulas/ime/2022/2022-2454/2454-ex_resolv/assets
INFO    : XSL conversion of /home/lymber/Dropbox/Documents/aulas/ime/2022/2022-2454/2454-ex_resolv/source/main.ptx by /home/lymber/.ptx/xsl/extract-latex-image.xsl
INFO    : comprehensive messages, warnings, and errors:
INFO    : successful application of /home/lymber/.ptx/xsl/extract-latex-image.xsl
INFO    : converting polares.tex to polares.pdf
INFO    : cropping polares.pdf to cropped-polares.pdf
INFO    : renaming cropped-polares.pdf to polares.pdf
INFO    : converting polares.pdf to polares.svg
INFO    : converting latex-image pictures from /home/lymber/Dropbox/Documents/aulas/ime/2022/2022-2454/2454-ex_resolv/source/main.ptx to svg graphics for placement in /home/lymber/Dropbox/Documents/aulas/ime/2022/2022-2454/2454-ex_resolv/generated-assets/latex-image
INFO    : extracting latex-image pictures from /home/lymber/Dropbox/Documents/aulas/ime/2022/2022-2454/2454-ex_resolv/source/main.ptx
INFO    : string parameters passed to extraction stylesheet: {'publisher': '/home/lymber/Dropbox/Documents/aulas/ime/2022/2022-2454/2454-ex_resolv/publication/publication.ptx', 'subtree': 'gabp1q1-2023a'}
INFO    : discovering source file's directory name: /home/lymber/Dropbox/Documents/aulas/ime/2022/2022-2454/2454-ex_resolv/source
INFO    : verifying and expanding input directory: /home/lymber/Dropbox/Documents/aulas/ime/2022/2022-2454/2454-ex_resolv/source/../generated-assets
INFO    : input directory expanded to absolute path: /home/lymber/Dropbox/Documents/aulas/ime/2022/2022-2454/2454-ex_resolv/generated-assets
INFO    : verifying and expanding input directory: /home/lymber/Dropbox/Documents/aulas/ime/2022/2022-2454/2454-ex_resolv/source/../assets
INFO    : input directory expanded to absolute path: /home/lymber/Dropbox/Documents/aulas/ime/2022/2022-2454/2454-ex_resolv/assets
INFO    : XSL conversion of /home/lymber/Dropbox/Documents/aulas/ime/2022/2022-2454/2454-ex_resolv/source/main.ptx by /home/lymber/.ptx/xsl/extract-latex-image.xsl
INFO    : comprehensive messages, warnings, and errors:
INFO    : successful application of /home/lymber/.ptx/xsl/extract-latex-image.xsl
INFO    : converting gabp1q1-2023a.tex to gabp1q1-2023a.pdf
INFO    : cropping gabp1q1-2023a.pdf to cropped-gabp1q1-2023a.pdf
INFO    : renaming cropped-gabp1q1-2023a.pdf to gabp1q1-2023a.pdf
INFO    : converting gabp1q1-2023a.pdf to gabp1q1-2023a.svg
INFO    : converting latex-image pictures from /home/lymber/Dropbox/Documents/aulas/ime/2022/2022-2454/2454-ex_resolv/source/main.ptx to svg graphics for placement in /home/lymber/Dropbox/Documents/aulas/ime/2022/2022-2454/2454-ex_resolv/generated-assets/latex-image
INFO    : extracting latex-image pictures from /home/lymber/Dropbox/Documents/aulas/ime/2022/2022-2454/2454-ex_resolv/source/main.ptx
INFO    : string parameters passed to extraction stylesheet: {'publisher': '/home/lymber/Dropbox/Documents/aulas/ime/2022/2022-2454/2454-ex_resolv/publication/publication.ptx', 'subtree': 'gabp1q1b-2023b'}
INFO    : discovering source file's directory name: /home/lymber/Dropbox/Documents/aulas/ime/2022/2022-2454/2454-ex_resolv/source
INFO    : verifying and expanding input directory: /home/lymber/Dropbox/Documents/aulas/ime/2022/2022-2454/2454-ex_resolv/source/../generated-assets
INFO    : input directory expanded to absolute path: /home/lymber/Dropbox/Documents/aulas/ime/2022/2022-2454/2454-ex_resolv/generated-assets
INFO    : verifying and expanding input directory: /home/lymber/Dropbox/Documents/aulas/ime/2022/2022-2454/2454-ex_resolv/source/../assets
INFO    : input directory expanded to absolute path: /home/lymber/Dropbox/Documents/aulas/ime/2022/2022-2454/2454-ex_resolv/assets
INFO    : XSL conversion of /home/lymber/Dropbox/Documents/aulas/ime/2022/2022-2454/2454-ex_resolv/source/main.ptx by /home/lymber/.ptx/xsl/extract-latex-image.xsl
INFO    : comprehensive messages, warnings, and errors:
INFO    : successful application of /home/lymber/.ptx/xsl/extract-latex-image.xsl
INFO    : converting gabp1q1b-2023b.tex to gabp1q1b-2023b.pdf
INFO    : cropping gabp1q1b-2023b.pdf to cropped-gabp1q1b-2023b.pdf
INFO    : renaming cropped-gabp1q1b-2023b.pdf to gabp1q1b-2023b.pdf
INFO    : converting gabp1q1b-2023b.pdf to gabp1q1b-2023b.svg
INFO    : converting latex-image pictures from /home/lymber/Dropbox/Documents/aulas/ime/2022/2022-2454/2454-ex_resolv/source/main.ptx to svg graphics for placement in /home/lymber/Dropbox/Documents/aulas/ime/2022/2022-2454/2454-ex_resolv/generated-assets/latex-image
INFO    : extracting latex-image pictures from /home/lymber/Dropbox/Documents/aulas/ime/2022/2022-2454/2454-ex_resolv/source/main.ptx
INFO    : string parameters passed to extraction stylesheet: {'publisher': '/home/lymber/Dropbox/Documents/aulas/ime/2022/2022-2454/2454-ex_resolv/publication/publication.ptx', 'subtree': 'gabp1q3-2023a'}
INFO    : discovering source file's directory name: /home/lymber/Dropbox/Documents/aulas/ime/2022/2022-2454/2454-ex_resolv/source
INFO    : verifying and expanding input directory: /home/lymber/Dropbox/Documents/aulas/ime/2022/2022-2454/2454-ex_resolv/source/../generated-assets
INFO    : input directory expanded to absolute path: /home/lymber/Dropbox/Documents/aulas/ime/2022/2022-2454/2454-ex_resolv/generated-assets
INFO    : verifying and expanding input directory: /home/lymber/Dropbox/Documents/aulas/ime/2022/2022-2454/2454-ex_resolv/source/../assets
INFO    : input directory expanded to absolute path: /home/lymber/Dropbox/Documents/aulas/ime/2022/2022-2454/2454-ex_resolv/assets
INFO    : XSL conversion of /home/lymber/Dropbox/Documents/aulas/ime/2022/2022-2454/2454-ex_resolv/source/main.ptx by /home/lymber/.ptx/xsl/extract-latex-image.xsl
INFO    : comprehensive messages, warnings, and errors:
INFO    : successful application of /home/lymber/.ptx/xsl/extract-latex-image.xsl
INFO    : converting gabp1q3-2023a.tex to gabp1q3-2023a.pdf
ERROR   : LaTeX compilation of gabp1q3-2023a.tex failed.
Re-run, requesting "source" as the format, to analyze the image.
Likely creating the entire document as PDF will fail similarly.
The transcript of the LaTeX run follows.
INFO    : converting latex-image pictures from /home/lymber/Dropbox/Documents/aulas/ime/2022/2022-2454/2454-ex_resolv/source/main.ptx to svg graphics for placement in /home/lymber/Dropbox/Documents/aulas/ime/2022/2022-2454/2454-ex_resolv/generated-assets/latex-image
INFO    : extracting latex-image pictures from /home/lymber/Dropbox/Documents/aulas/ime/2022/2022-2454/2454-ex_resolv/source/main.ptx
INFO    : string parameters passed to extraction stylesheet: {'publisher': '/home/lymber/Dropbox/Documents/aulas/ime/2022/2022-2454/2454-ex_resolv/publication/publication.ptx', 'subtree': 'gabp1aq2-2022'}
INFO    : discovering source file's directory name: /home/lymber/Dropbox/Documents/aulas/ime/2022/2022-2454/2454-ex_resolv/source
INFO    : verifying and expanding input directory: /home/lymber/Dropbox/Documents/aulas/ime/2022/2022-2454/2454-ex_resolv/source/../generated-assets
INFO    : input directory expanded to absolute path: /home/lymber/Dropbox/Documents/aulas/ime/2022/2022-2454/2454-ex_resolv/generated-assets
INFO    : verifying and expanding input directory: /home/lymber/Dropbox/Documents/aulas/ime/2022/2022-2454/2454-ex_resolv/source/../assets
INFO    : input directory expanded to absolute path: /home/lymber/Dropbox/Documents/aulas/ime/2022/2022-2454/2454-ex_resolv/assets
INFO    : XSL conversion of /home/lymber/Dropbox/Documents/aulas/ime/2022/2022-2454/2454-ex_resolv/source/main.ptx by /home/lymber/.ptx/xsl/extract-latex-image.xsl
INFO    : comprehensive messages, warnings, and errors:
INFO    : successful application of /home/lymber/.ptx/xsl/extract-latex-image.xsl
INFO    : converting gabp1aq2-2022.tex to gabp1aq2-2022.pdf
INFO    : cropping gabp1aq2-2022.pdf to cropped-gabp1aq2-2022.pdf
INFO    : renaming cropped-gabp1aq2-2022.pdf to gabp1aq2-2022.pdf
INFO    : converting gabp1aq2-2022.pdf to gabp1aq2-2022.svg
INFO    : converting latex-image pictures from /home/lymber/Dropbox/Documents/aulas/ime/2022/2022-2454/2454-ex_resolv/source/main.ptx to svg graphics for placement in /home/lymber/Dropbox/Documents/aulas/ime/2022/2022-2454/2454-ex_resolv/generated-assets/latex-image
INFO    : extracting latex-image pictures from /home/lymber/Dropbox/Documents/aulas/ime/2022/2022-2454/2454-ex_resolv/source/main.ptx
INFO    : string parameters passed to extraction stylesheet: {'publisher': '/home/lymber/Dropbox/Documents/aulas/ime/2022/2022-2454/2454-ex_resolv/publication/publication.ptx', 'subtree': 'gabp1aq2sol-2002'}
INFO    : discovering source file's directory name: /home/lymber/Dropbox/Documents/aulas/ime/2022/2022-2454/2454-ex_resolv/source
INFO    : verifying and expanding input directory: /home/lymber/Dropbox/Documents/aulas/ime/2022/2022-2454/2454-ex_resolv/source/../generated-assets
INFO    : input directory expanded to absolute path: /home/lymber/Dropbox/Documents/aulas/ime/2022/2022-2454/2454-ex_resolv/generated-assets
INFO    : verifying and expanding input directory: /home/lymber/Dropbox/Documents/aulas/ime/2022/2022-2454/2454-ex_resolv/source/../assets
INFO    : input directory expanded to absolute path: /home/lymber/Dropbox/Documents/aulas/ime/2022/2022-2454/2454-ex_resolv/assets
INFO    : XSL conversion of /home/lymber/Dropbox/Documents/aulas/ime/2022/2022-2454/2454-ex_resolv/source/main.ptx by /home/lymber/.ptx/xsl/extract-latex-image.xsl
INFO    : comprehensive messages, warnings, and errors:
INFO    : successful application of /home/lymber/.ptx/xsl/extract-latex-image.xsl
INFO    : converting gabp1aq2sol-2002.tex to gabp1aq2sol-2002.pdf
INFO    : cropping gabp1aq2sol-2002.pdf to cropped-gabp1aq2sol-2002.pdf
INFO    : renaming cropped-gabp1aq2sol-2002.pdf to gabp1aq2sol-2002.pdf
INFO    : converting gabp1aq2sol-2002.pdf to gabp1aq2sol-2002.svg
INFO    : converting latex-image pictures from /home/lymber/Dropbox/Documents/aulas/ime/2022/2022-2454/2454-ex_resolv/source/main.ptx to svg graphics for placement in /home/lymber/Dropbox/Documents/aulas/ime/2022/2022-2454/2454-ex_resolv/generated-assets/latex-image
INFO    : extracting latex-image pictures from /home/lymber/Dropbox/Documents/aulas/ime/2022/2022-2454/2454-ex_resolv/source/main.ptx
INFO    : string parameters passed to extraction stylesheet: {'publisher': '/home/lymber/Dropbox/Documents/aulas/ime/2022/2022-2454/2454-ex_resolv/publication/publication.ptx', 'subtree': 'gabp1q2-2021'}
INFO    : discovering source file's directory name: /home/lymber/Dropbox/Documents/aulas/ime/2022/2022-2454/2454-ex_resolv/source
INFO    : verifying and expanding input directory: /home/lymber/Dropbox/Documents/aulas/ime/2022/2022-2454/2454-ex_resolv/source/../generated-assets
INFO    : input directory expanded to absolute path: /home/lymber/Dropbox/Documents/aulas/ime/2022/2022-2454/2454-ex_resolv/generated-assets
INFO    : verifying and expanding input directory: /home/lymber/Dropbox/Documents/aulas/ime/2022/2022-2454/2454-ex_resolv/source/../assets
INFO    : input directory expanded to absolute path: /home/lymber/Dropbox/Documents/aulas/ime/2022/2022-2454/2454-ex_resolv/assets
INFO    : XSL conversion of /home/lymber/Dropbox/Documents/aulas/ime/2022/2022-2454/2454-ex_resolv/source/main.ptx by /home/lymber/.ptx/xsl/extract-latex-image.xsl
INFO    : comprehensive messages, warnings, and errors:
INFO    : successful application of /home/lymber/.ptx/xsl/extract-latex-image.xsl
INFO    : converting gabp1q2-2021.tex to gabp1q2-2021.pdf
INFO    : cropping gabp1q2-2021.pdf to cropped-gabp1q2-2021.pdf
INFO    : renaming cropped-gabp1q2-2021.pdf to gabp1q2-2021.pdf
INFO    : converting gabp1q2-2021.pdf to gabp1q2-2021.svg
INFO    : converting latex-image pictures from /home/lymber/Dropbox/Documents/aulas/ime/2022/2022-2454/2454-ex_resolv/source/main.ptx to svg graphics for placement in /home/lymber/Dropbox/Documents/aulas/ime/2022/2022-2454/2454-ex_resolv/generated-assets/latex-image
INFO    : extracting latex-image pictures from /home/lymber/Dropbox/Documents/aulas/ime/2022/2022-2454/2454-ex_resolv/source/main.ptx
INFO    : string parameters passed to extraction stylesheet: {'publisher': '/home/lymber/Dropbox/Documents/aulas/ime/2022/2022-2454/2454-ex_resolv/publication/publication.ptx', 'subtree': 'gabp1q3-2021'}
INFO    : discovering source file's directory name: /home/lymber/Dropbox/Documents/aulas/ime/2022/2022-2454/2454-ex_resolv/source
INFO    : verifying and expanding input directory: /home/lymber/Dropbox/Documents/aulas/ime/2022/2022-2454/2454-ex_resolv/source/../generated-assets
INFO    : input directory expanded to absolute path: /home/lymber/Dropbox/Documents/aulas/ime/2022/2022-2454/2454-ex_resolv/generated-assets
INFO    : verifying and expanding input directory: /home/lymber/Dropbox/Documents/aulas/ime/2022/2022-2454/2454-ex_resolv/source/../assets
INFO    : input directory expanded to absolute path: /home/lymber/Dropbox/Documents/aulas/ime/2022/2022-2454/2454-ex_resolv/assets
INFO    : XSL conversion of /home/lymber/Dropbox/Documents/aulas/ime/2022/2022-2454/2454-ex_resolv/source/main.ptx by /home/lymber/.ptx/xsl/extract-latex-image.xsl
INFO    : comprehensive messages, warnings, and errors:
INFO    : successful application of /home/lymber/.ptx/xsl/extract-latex-image.xsl
INFO    : converting gabp1q3-2021.tex to gabp1q3-2021.pdf
INFO    : cropping gabp1q3-2021.pdf to cropped-gabp1q3-2021.pdf
INFO    : renaming cropped-gabp1q3-2021.pdf to gabp1q3-2021.pdf
INFO    : converting gabp1q3-2021.pdf to gabp1q3-2021.svg
INFO    : converting latex-image pictures from /home/lymber/Dropbox/Documents/aulas/ime/2022/2022-2454/2454-ex_resolv/source/main.ptx to svg graphics for placement in /home/lymber/Dropbox/Documents/aulas/ime/2022/2022-2454/2454-ex_resolv/generated-assets/latex-image
INFO    : extracting latex-image pictures from /home/lymber/Dropbox/Documents/aulas/ime/2022/2022-2454/2454-ex_resolv/source/main.ptx
INFO    : string parameters passed to extraction stylesheet: {'publisher': '/home/lymber/Dropbox/Documents/aulas/ime/2022/2022-2454/2454-ex_resolv/publication/publication.ptx', 'subtree': 'gabp1q2-2020'}
INFO    : discovering source file's directory name: /home/lymber/Dropbox/Documents/aulas/ime/2022/2022-2454/2454-ex_resolv/source
INFO    : verifying and expanding input directory: /home/lymber/Dropbox/Documents/aulas/ime/2022/2022-2454/2454-ex_resolv/source/../generated-assets
INFO    : input directory expanded to absolute path: /home/lymber/Dropbox/Documents/aulas/ime/2022/2022-2454/2454-ex_resolv/generated-assets
INFO    : verifying and expanding input directory: /home/lymber/Dropbox/Documents/aulas/ime/2022/2022-2454/2454-ex_resolv/source/../assets
INFO    : input directory expanded to absolute path: /home/lymber/Dropbox/Documents/aulas/ime/2022/2022-2454/2454-ex_resolv/assets
INFO    : XSL conversion of /home/lymber/Dropbox/Documents/aulas/ime/2022/2022-2454/2454-ex_resolv/source/main.ptx by /home/lymber/.ptx/xsl/extract-latex-image.xsl
INFO    : comprehensive messages, warnings, and errors:
INFO    : successful application of /home/lymber/.ptx/xsl/extract-latex-image.xsl
INFO    : converting gabp1q2-2020.tex to gabp1q2-2020.pdf
INFO    : cropping gabp1q2-2020.pdf to cropped-gabp1q2-2020.pdf
INFO    : renaming cropped-gabp1q2-2020.pdf to gabp1q2-2020.pdf
INFO    : converting gabp1q2-2020.pdf to gabp1q2-2020.svg
INFO    : converting latex-image pictures from /home/lymber/Dropbox/Documents/aulas/ime/2022/2022-2454/2454-ex_resolv/source/main.ptx to svg graphics for placement in /home/lymber/Dropbox/Documents/aulas/ime/2022/2022-2454/2454-ex_resolv/generated-assets/latex-image
INFO    : extracting latex-image pictures from /home/lymber/Dropbox/Documents/aulas/ime/2022/2022-2454/2454-ex_resolv/source/main.ptx
INFO    : string parameters passed to extraction stylesheet: {'publisher': '/home/lymber/Dropbox/Documents/aulas/ime/2022/2022-2454/2454-ex_resolv/publication/publication.ptx', 'subtree': 'gabp1q91-2020'}
INFO    : discovering source file's directory name: /home/lymber/Dropbox/Documents/aulas/ime/2022/2022-2454/2454-ex_resolv/source
INFO    : verifying and expanding input directory: /home/lymber/Dropbox/Documents/aulas/ime/2022/2022-2454/2454-ex_resolv/source/../generated-assets
INFO    : input directory expanded to absolute path: /home/lymber/Dropbox/Documents/aulas/ime/2022/2022-2454/2454-ex_resolv/generated-assets
INFO    : verifying and expanding input directory: /home/lymber/Dropbox/Documents/aulas/ime/2022/2022-2454/2454-ex_resolv/source/../assets
INFO    : input directory expanded to absolute path: /home/lymber/Dropbox/Documents/aulas/ime/2022/2022-2454/2454-ex_resolv/assets
INFO    : XSL conversion of /home/lymber/Dropbox/Documents/aulas/ime/2022/2022-2454/2454-ex_resolv/source/main.ptx by /home/lymber/.ptx/xsl/extract-latex-image.xsl
INFO    : comprehensive messages, warnings, and errors:
INFO    : successful application of /home/lymber/.ptx/xsl/extract-latex-image.xsl
INFO    : converting gabp1q91-2020.tex to gabp1q91-2020.pdf
INFO    : cropping gabp1q91-2020.pdf to cropped-gabp1q91-2020.pdf
INFO    : renaming cropped-gabp1q91-2020.pdf to gabp1q91-2020.pdf
INFO    : converting gabp1q91-2020.pdf to gabp1q91-2020.svg
INFO    : converting latex-image pictures from /home/lymber/Dropbox/Documents/aulas/ime/2022/2022-2454/2454-ex_resolv/source/main.ptx to svg graphics for placement in /home/lymber/Dropbox/Documents/aulas/ime/2022/2022-2454/2454-ex_resolv/generated-assets/latex-image
INFO    : extracting latex-image pictures from /home/lymber/Dropbox/Documents/aulas/ime/2022/2022-2454/2454-ex_resolv/source/main.ptx
INFO    : string parameters passed to extraction stylesheet: {'publisher': '/home/lymber/Dropbox/Documents/aulas/ime/2022/2022-2454/2454-ex_resolv/publication/publication.ptx', 'subtree': 'fig_parabeli-nivel'}
INFO    : discovering source file's directory name: /home/lymber/Dropbox/Documents/aulas/ime/2022/2022-2454/2454-ex_resolv/source
INFO    : verifying and expanding input directory: /home/lymber/Dropbox/Documents/aulas/ime/2022/2022-2454/2454-ex_resolv/source/../generated-assets
INFO    : input directory expanded to absolute path: /home/lymber/Dropbox/Documents/aulas/ime/2022/2022-2454/2454-ex_resolv/generated-assets
INFO    : verifying and expanding input directory: /home/lymber/Dropbox/Documents/aulas/ime/2022/2022-2454/2454-ex_resolv/source/../assets
INFO    : input directory expanded to absolute path: /home/lymber/Dropbox/Documents/aulas/ime/2022/2022-2454/2454-ex_resolv/assets
INFO    : XSL conversion of /home/lymber/Dropbox/Documents/aulas/ime/2022/2022-2454/2454-ex_resolv/source/main.ptx by /home/lymber/.ptx/xsl/extract-latex-image.xsl
INFO    : comprehensive messages, warnings, and errors:
INFO    : successful application of /home/lymber/.ptx/xsl/extract-latex-image.xsl
INFO    : converting fig_parabeli-nivel.tex to fig_parabeli-nivel.pdf
INFO    : cropping fig_parabeli-nivel.pdf to cropped-fig_parabeli-nivel.pdf
INFO    : renaming cropped-fig_parabeli-nivel.pdf to fig_parabeli-nivel.pdf
INFO    : converting fig_parabeli-nivel.pdf to fig_parabeli-nivel.svg
INFO    : converting latex-image pictures from /home/lymber/Dropbox/Documents/aulas/ime/2022/2022-2454/2454-ex_resolv/source/main.ptx to svg graphics for placement in /home/lymber/Dropbox/Documents/aulas/ime/2022/2022-2454/2454-ex_resolv/generated-assets/latex-image
INFO    : extracting latex-image pictures from /home/lymber/Dropbox/Documents/aulas/ime/2022/2022-2454/2454-ex_resolv/source/main.ptx
INFO    : string parameters passed to extraction stylesheet: {'publisher': '/home/lymber/Dropbox/Documents/aulas/ime/2022/2022-2454/2454-ex_resolv/publication/publication.ptx', 'subtree': 'fig_parabhip-nivel'}
INFO    : discovering source file's directory name: /home/lymber/Dropbox/Documents/aulas/ime/2022/2022-2454/2454-ex_resolv/source
INFO    : verifying and expanding input directory: /home/lymber/Dropbox/Documents/aulas/ime/2022/2022-2454/2454-ex_resolv/source/../generated-assets
INFO    : input directory expanded to absolute path: /home/lymber/Dropbox/Documents/aulas/ime/2022/2022-2454/2454-ex_resolv/generated-assets
INFO    : verifying and expanding input directory: /home/lymber/Dropbox/Documents/aulas/ime/2022/2022-2454/2454-ex_resolv/source/../assets
INFO    : input directory expanded to absolute path: /home/lymber/Dropbox/Documents/aulas/ime/2022/2022-2454/2454-ex_resolv/assets
INFO    : XSL conversion of /home/lymber/Dropbox/Documents/aulas/ime/2022/2022-2454/2454-ex_resolv/source/main.ptx by /home/lymber/.ptx/xsl/extract-latex-image.xsl
INFO    : comprehensive messages, warnings, and errors:
INFO    : successful application of /home/lymber/.ptx/xsl/extract-latex-image.xsl
INFO    : converting fig_parabhip-nivel.tex to fig_parabhip-nivel.pdf
INFO    : cropping fig_parabhip-nivel.pdf to cropped-fig_parabhip-nivel.pdf
INFO    : renaming cropped-fig_parabhip-nivel.pdf to fig_parabhip-nivel.pdf
INFO    : converting fig_parabhip-nivel.pdf to fig_parabhip-nivel.svg
INFO    : converting latex-image pictures from /home/lymber/Dropbox/Documents/aulas/ime/2022/2022-2454/2454-ex_resolv/source/main.ptx to svg graphics for placement in /home/lymber/Dropbox/Documents/aulas/ime/2022/2022-2454/2454-ex_resolv/generated-assets/latex-image
INFO    : extracting latex-image pictures from /home/lymber/Dropbox/Documents/aulas/ime/2022/2022-2454/2454-ex_resolv/source/main.ptx
INFO    : string parameters passed to extraction stylesheet: {'publisher': '/home/lymber/Dropbox/Documents/aulas/ime/2022/2022-2454/2454-ex_resolv/publication/publication.ptx', 'subtree': 'fig_exemplo-nivel'}
INFO    : discovering source file's directory name: /home/lymber/Dropbox/Documents/aulas/ime/2022/2022-2454/2454-ex_resolv/source
INFO    : verifying and expanding input directory: /home/lymber/Dropbox/Documents/aulas/ime/2022/2022-2454/2454-ex_resolv/source/../generated-assets
INFO    : input directory expanded to absolute path: /home/lymber/Dropbox/Documents/aulas/ime/2022/2022-2454/2454-ex_resolv/generated-assets
INFO    : verifying and expanding input directory: /home/lymber/Dropbox/Documents/aulas/ime/2022/2022-2454/2454-ex_resolv/source/../assets
INFO    : input directory expanded to absolute path: /home/lymber/Dropbox/Documents/aulas/ime/2022/2022-2454/2454-ex_resolv/assets
INFO    : XSL conversion of /home/lymber/Dropbox/Documents/aulas/ime/2022/2022-2454/2454-ex_resolv/source/main.ptx by /home/lymber/.ptx/xsl/extract-latex-image.xsl
INFO    : comprehensive messages, warnings, and errors:
INFO    : successful application of /home/lymber/.ptx/xsl/extract-latex-image.xsl
INFO    : converting fig_exemplo-nivel.tex to fig_exemplo-nivel.pdf
INFO    : cropping fig_exemplo-nivel.pdf to cropped-fig_exemplo-nivel.pdf
INFO    : renaming cropped-fig_exemplo-nivel.pdf to fig_exemplo-nivel.pdf
INFO    : converting fig_exemplo-nivel.pdf to fig_exemplo-nivel.svg
INFO    : converting latex-image pictures from /home/lymber/Dropbox/Documents/aulas/ime/2022/2022-2454/2454-ex_resolv/source/main.ptx to svg graphics for placement in /home/lymber/Dropbox/Documents/aulas/ime/2022/2022-2454/2454-ex_resolv/generated-assets/latex-image
INFO    : extracting latex-image pictures from /home/lymber/Dropbox/Documents/aulas/ime/2022/2022-2454/2454-ex_resolv/source/main.ptx
INFO    : string parameters passed to extraction stylesheet: {'publisher': '/home/lymber/Dropbox/Documents/aulas/ime/2022/2022-2454/2454-ex_resolv/publication/publication.ptx', 'subtree': 'apdiffdiag'}
INFO    : discovering source file's directory name: /home/lymber/Dropbox/Documents/aulas/ime/2022/2022-2454/2454-ex_resolv/source
INFO    : verifying and expanding input directory: /home/lymber/Dropbox/Documents/aulas/ime/2022/2022-2454/2454-ex_resolv/source/../generated-assets
INFO    : input directory expanded to absolute path: /home/lymber/Dropbox/Documents/aulas/ime/2022/2022-2454/2454-ex_resolv/generated-assets
INFO    : verifying and expanding input directory: /home/lymber/Dropbox/Documents/aulas/ime/2022/2022-2454/2454-ex_resolv/source/../assets
INFO    : input directory expanded to absolute path: /home/lymber/Dropbox/Documents/aulas/ime/2022/2022-2454/2454-ex_resolv/assets
INFO    : XSL conversion of /home/lymber/Dropbox/Documents/aulas/ime/2022/2022-2454/2454-ex_resolv/source/main.ptx by /home/lymber/.ptx/xsl/extract-latex-image.xsl
INFO    : comprehensive messages, warnings, and errors:
INFO    : successful application of /home/lymber/.ptx/xsl/extract-latex-image.xsl
INFO    : converting apdiffdiag.tex to apdiffdiag.pdf
INFO    : cropping apdiffdiag.pdf to cropped-apdiffdiag.pdf
INFO    : renaming cropped-apdiffdiag.pdf to apdiffdiag.pdf
INFO    : converting apdiffdiag.pdf to apdiffdiag.svg
INFO    : converting latex-image pictures from /home/lymber/Dropbox/Documents/aulas/ime/2022/2022-2454/2454-ex_resolv/source/main.ptx to svg graphics for placement in /home/lymber/Dropbox/Documents/aulas/ime/2022/2022-2454/2454-ex_resolv/generated-assets/latex-image
INFO    : extracting latex-image pictures from /home/lymber/Dropbox/Documents/aulas/ime/2022/2022-2454/2454-ex_resolv/source/main.ptx
INFO    : string parameters passed to extraction stylesheet: {'publisher': '/home/lymber/Dropbox/Documents/aulas/ime/2022/2022-2454/2454-ex_resolv/publication/publication.ptx', 'subtree': 'cadeiadir'}
INFO    : discovering source file's directory name: /home/lymber/Dropbox/Documents/aulas/ime/2022/2022-2454/2454-ex_resolv/source
INFO    : verifying and expanding input directory: /home/lymber/Dropbox/Documents/aulas/ime/2022/2022-2454/2454-ex_resolv/source/../generated-assets
INFO    : input directory expanded to absolute path: /home/lymber/Dropbox/Documents/aulas/ime/2022/2022-2454/2454-ex_resolv/generated-assets
INFO    : verifying and expanding input directory: /home/lymber/Dropbox/Documents/aulas/ime/2022/2022-2454/2454-ex_resolv/source/../assets
INFO    : input directory expanded to absolute path: /home/lymber/Dropbox/Documents/aulas/ime/2022/2022-2454/2454-ex_resolv/assets
INFO    : XSL conversion of /home/lymber/Dropbox/Documents/aulas/ime/2022/2022-2454/2454-ex_resolv/source/main.ptx by /home/lymber/.ptx/xsl/extract-latex-image.xsl
INFO    : comprehensive messages, warnings, and errors:
INFO    : successful application of /home/lymber/.ptx/xsl/extract-latex-image.xsl
INFO    : converting cadeiadir.tex to cadeiadir.pdf
INFO    : cropping cadeiadir.pdf to cropped-cadeiadir.pdf
INFO    : renaming cropped-cadeiadir.pdf to cadeiadir.pdf
INFO    : converting cadeiadir.pdf to cadeiadir.svg
INFO    : converting latex-image pictures from /home/lymber/Dropbox/Documents/aulas/ime/2022/2022-2454/2454-ex_resolv/source/main.ptx to svg graphics for placement in /home/lymber/Dropbox/Documents/aulas/ime/2022/2022-2454/2454-ex_resolv/generated-assets/latex-image
INFO    : extracting latex-image pictures from /home/lymber/Dropbox/Documents/aulas/ime/2022/2022-2454/2454-ex_resolv/source/main.ptx
INFO    : string parameters passed to extraction stylesheet: {'publisher': '/home/lymber/Dropbox/Documents/aulas/ime/2022/2022-2454/2454-ex_resolv/publication/publication.ptx', 'subtree': 'cadeianivel'}
INFO    : discovering source file's directory name: /home/lymber/Dropbox/Documents/aulas/ime/2022/2022-2454/2454-ex_resolv/source
INFO    : verifying and expanding input directory: /home/lymber/Dropbox/Documents/aulas/ime/2022/2022-2454/2454-ex_resolv/source/../generated-assets
INFO    : input directory expanded to absolute path: /home/lymber/Dropbox/Documents/aulas/ime/2022/2022-2454/2454-ex_resolv/generated-assets
INFO    : verifying and expanding input directory: /home/lymber/Dropbox/Documents/aulas/ime/2022/2022-2454/2454-ex_resolv/source/../assets
INFO    : input directory expanded to absolute path: /home/lymber/Dropbox/Documents/aulas/ime/2022/2022-2454/2454-ex_resolv/assets
INFO    : XSL conversion of /home/lymber/Dropbox/Documents/aulas/ime/2022/2022-2454/2454-ex_resolv/source/main.ptx by /home/lymber/.ptx/xsl/extract-latex-image.xsl
INFO    : comprehensive messages, warnings, and errors:
INFO    : successful application of /home/lymber/.ptx/xsl/extract-latex-image.xsl
INFO    : converting cadeianivel.tex to cadeianivel.pdf
INFO    : cropping cadeianivel.pdf to cropped-cadeianivel.pdf
INFO    : renaming cropped-cadeianivel.pdf to cadeianivel.pdf
INFO    : converting cadeianivel.pdf to cadeianivel.svg
INFO    : converting latex-image pictures from /home/lymber/Dropbox/Documents/aulas/ime/2022/2022-2454/2454-ex_resolv/source/main.ptx to svg graphics for placement in /home/lymber/Dropbox/Documents/aulas/ime/2022/2022-2454/2454-ex_resolv/generated-assets/latex-image
INFO    : extracting latex-image pictures from /home/lymber/Dropbox/Documents/aulas/ime/2022/2022-2454/2454-ex_resolv/source/main.ptx
INFO    : string parameters passed to extraction stylesheet: {'publisher': '/home/lymber/Dropbox/Documents/aulas/ime/2022/2022-2454/2454-ex_resolv/publication/publication.ptx', 'subtree': 'cadeiaturbo'}
INFO    : discovering source file's directory name: /home/lymber/Dropbox/Documents/aulas/ime/2022/2022-2454/2454-ex_resolv/source
INFO    : verifying and expanding input directory: /home/lymber/Dropbox/Documents/aulas/ime/2022/2022-2454/2454-ex_resolv/source/../generated-assets
INFO    : input directory expanded to absolute path: /home/lymber/Dropbox/Documents/aulas/ime/2022/2022-2454/2454-ex_resolv/generated-assets
INFO    : verifying and expanding input directory: /home/lymber/Dropbox/Documents/aulas/ime/2022/2022-2454/2454-ex_resolv/source/../assets
INFO    : input directory expanded to absolute path: /home/lymber/Dropbox/Documents/aulas/ime/2022/2022-2454/2454-ex_resolv/assets
INFO    : XSL conversion of /home/lymber/Dropbox/Documents/aulas/ime/2022/2022-2454/2454-ex_resolv/source/main.ptx by /home/lymber/.ptx/xsl/extract-latex-image.xsl
INFO    : comprehensive messages, warnings, and errors:
INFO    : successful application of /home/lymber/.ptx/xsl/extract-latex-image.xsl
INFO    : converting cadeiaturbo.tex to cadeiaturbo.pdf
INFO    : cropping cadeiaturbo.pdf to cropped-cadeiaturbo.pdf
INFO    : renaming cropped-cadeiaturbo.pdf to cadeiaturbo.pdf
INFO    : converting cadeiaturbo.pdf to cadeiaturbo.svg
INFO    : converting Asymptote diagrams from /home/lymber/Dropbox/Documents/aulas/ime/2022/2022-2454/2454-ex_resolv/source/main.ptx to HTML graphics for placement in /home/lymber/Dropbox/Documents/aulas/ime/2022/2022-2454/2454-ex_resolv/generated-assets/asymptote with method "server"
INFO    : extracting Asymptote diagrams from /home/lymber/Dropbox/Documents/aulas/ime/2022/2022-2454/2454-ex_resolv/source/main.ptx
INFO    : string parameters passed to extraction stylesheet: {'publisher': '/home/lymber/Dropbox/Documents/aulas/ime/2022/2022-2454/2454-ex_resolv/publication/publication.ptx', 'subtree': 'exfunca'}
INFO    : XSL conversion of /home/lymber/Dropbox/Documents/aulas/ime/2022/2022-2454/2454-ex_resolv/source/main.ptx by /home/lymber/.ptx/xsl/extract-asymptote.xsl
INFO    : comprehensive messages, warnings, and errors:
INFO    : successful application of /home/lymber/.ptx/xsl/extract-asymptote.xsl
INFO    : converting /tmp/tmpzgszw24y/exfunca.asy to /tmp/tmpzgszw24y/exfunca.html
INFO    : converting Asymptote diagrams from /home/lymber/Dropbox/Documents/aulas/ime/2022/2022-2454/2454-ex_resolv/source/main.ptx to HTML graphics for placement in /home/lymber/Dropbox/Documents/aulas/ime/2022/2022-2454/2454-ex_resolv/generated-assets/asymptote with method "server"
INFO    : extracting Asymptote diagrams from /home/lymber/Dropbox/Documents/aulas/ime/2022/2022-2454/2454-ex_resolv/source/main.ptx
INFO    : string parameters passed to extraction stylesheet: {'publisher': '/home/lymber/Dropbox/Documents/aulas/ime/2022/2022-2454/2454-ex_resolv/publication/publication.ptx', 'subtree': 'exfuncb'}
INFO    : XSL conversion of /home/lymber/Dropbox/Documents/aulas/ime/2022/2022-2454/2454-ex_resolv/source/main.ptx by /home/lymber/.ptx/xsl/extract-asymptote.xsl
INFO    : comprehensive messages, warnings, and errors:
INFO    : successful application of /home/lymber/.ptx/xsl/extract-asymptote.xsl
INFO    : converting /tmp/tmp9iztth4r/exfuncb.asy to /tmp/tmp9iztth4r/exfuncb.html
INFO    : converting Asymptote diagrams from /home/lymber/Dropbox/Documents/aulas/ime/2022/2022-2454/2454-ex_resolv/source/main.ptx to HTML graphics for placement in /home/lymber/Dropbox/Documents/aulas/ime/2022/2022-2454/2454-ex_resolv/generated-assets/asymptote with method "server"
INFO    : extracting Asymptote diagrams from /home/lymber/Dropbox/Documents/aulas/ime/2022/2022-2454/2454-ex_resolv/source/main.ptx
INFO    : string parameters passed to extraction stylesheet: {'publisher': '/home/lymber/Dropbox/Documents/aulas/ime/2022/2022-2454/2454-ex_resolv/publication/publication.ptx', 'subtree': 'surf_level'}
INFO    : XSL conversion of /home/lymber/Dropbox/Documents/aulas/ime/2022/2022-2454/2454-ex_resolv/source/main.ptx by /home/lymber/.ptx/xsl/extract-asymptote.xsl
INFO    : comprehensive messages, warnings, and errors:
INFO    : successful application of /home/lymber/.ptx/xsl/extract-asymptote.xsl
INFO    : converting /tmp/tmpc4xcifj3/surf_level.asy to /tmp/tmpc4xcifj3/surf_level.html
INFO    : converting Asymptote diagrams from /home/lymber/Dropbox/Documents/aulas/ime/2022/2022-2454/2454-ex_resolv/source/main.ptx to HTML graphics for placement in /home/lymber/Dropbox/Documents/aulas/ime/2022/2022-2454/2454-ex_resolv/generated-assets/asymptote with method "server"
INFO    : extracting Asymptote diagrams from /home/lymber/Dropbox/Documents/aulas/ime/2022/2022-2454/2454-ex_resolv/source/main.ptx
INFO    : string parameters passed to extraction stylesheet: {'publisher': '/home/lymber/Dropbox/Documents/aulas/ime/2022/2022-2454/2454-ex_resolv/publication/publication.ptx', 'subtree': 'ex5-7b'}
INFO    : XSL conversion of /home/lymber/Dropbox/Documents/aulas/ime/2022/2022-2454/2454-ex_resolv/source/main.ptx by /home/lymber/.ptx/xsl/extract-asymptote.xsl
INFO    : comprehensive messages, warnings, and errors:
INFO    : successful application of /home/lymber/.ptx/xsl/extract-asymptote.xsl
INFO    : converting /tmp/tmpl80ktsrq/ex5-7b.asy to /tmp/tmpl80ktsrq/ex5-7b.html
INFO    : converting Asymptote diagrams from /home/lymber/Dropbox/Documents/aulas/ime/2022/2022-2454/2454-ex_resolv/source/main.ptx to HTML graphics for placement in /home/lymber/Dropbox/Documents/aulas/ime/2022/2022-2454/2454-ex_resolv/generated-assets/asymptote with method "server"
INFO    : extracting Asymptote diagrams from /home/lymber/Dropbox/Documents/aulas/ime/2022/2022-2454/2454-ex_resolv/source/main.ptx
INFO    : string parameters passed to extraction stylesheet: {'publisher': '/home/lymber/Dropbox/Documents/aulas/ime/2022/2022-2454/2454-ex_resolv/publication/publication.ptx', 'subtree': 'ex5-9'}
INFO    : XSL conversion of /home/lymber/Dropbox/Documents/aulas/ime/2022/2022-2454/2454-ex_resolv/source/main.ptx by /home/lymber/.ptx/xsl/extract-asymptote.xsl
INFO    : comprehensive messages, warnings, and errors:
INFO    : successful application of /home/lymber/.ptx/xsl/extract-asymptote.xsl
INFO    : converting /tmp/tmpjtv20sec/ex5-9.asy to /tmp/tmpjtv20sec/ex5-9.html
INFO    : converting Asymptote diagrams from /home/lymber/Dropbox/Documents/aulas/ime/2022/2022-2454/2454-ex_resolv/source/main.ptx to HTML graphics for placement in /home/lymber/Dropbox/Documents/aulas/ime/2022/2022-2454/2454-ex_resolv/generated-assets/asymptote with method "server"
INFO    : extracting Asymptote diagrams from /home/lymber/Dropbox/Documents/aulas/ime/2022/2022-2454/2454-ex_resolv/source/main.ptx
INFO    : string parameters passed to extraction stylesheet: {'publisher': '/home/lymber/Dropbox/Documents/aulas/ime/2022/2022-2454/2454-ex_resolv/publication/publication.ptx', 'subtree': 'ex5-14'}
INFO    : XSL conversion of /home/lymber/Dropbox/Documents/aulas/ime/2022/2022-2454/2454-ex_resolv/source/main.ptx by /home/lymber/.ptx/xsl/extract-asymptote.xsl
INFO    : comprehensive messages, warnings, and errors:
INFO    : successful application of /home/lymber/.ptx/xsl/extract-asymptote.xsl
INFO    : converting /tmp/tmpgvl_k1ya/ex5-14.asy to /tmp/tmpgvl_k1ya/ex5-14.html
INFO    : converting Asymptote diagrams from /home/lymber/Dropbox/Documents/aulas/ime/2022/2022-2454/2454-ex_resolv/source/main.ptx to HTML graphics for placement in /home/lymber/Dropbox/Documents/aulas/ime/2022/2022-2454/2454-ex_resolv/generated-assets/asymptote with method "server"
INFO    : extracting Asymptote diagrams from /home/lymber/Dropbox/Documents/aulas/ime/2022/2022-2454/2454-ex_resolv/source/main.ptx
INFO    : string parameters passed to extraction stylesheet: {'publisher': '/home/lymber/Dropbox/Documents/aulas/ime/2022/2022-2454/2454-ex_resolv/publication/publication.ptx', 'subtree': 'ex5-17'}
INFO    : XSL conversion of /home/lymber/Dropbox/Documents/aulas/ime/2022/2022-2454/2454-ex_resolv/source/main.ptx by /home/lymber/.ptx/xsl/extract-asymptote.xsl
INFO    : comprehensive messages, warnings, and errors:
INFO    : successful application of /home/lymber/.ptx/xsl/extract-asymptote.xsl
INFO    : converting /tmp/tmpz2cdtgwl/ex5-17.asy to /tmp/tmpz2cdtgwl/ex5-17.html
INFO    : converting Asymptote diagrams from /home/lymber/Dropbox/Documents/aulas/ime/2022/2022-2454/2454-ex_resolv/source/main.ptx to HTML graphics for placement in /home/lymber/Dropbox/Documents/aulas/ime/2022/2022-2454/2454-ex_resolv/generated-assets/asymptote with method "server"
INFO    : extracting Asymptote diagrams from /home/lymber/Dropbox/Documents/aulas/ime/2022/2022-2454/2454-ex_resolv/source/main.ptx
INFO    : string parameters passed to extraction stylesheet: {'publisher': '/home/lymber/Dropbox/Documents/aulas/ime/2022/2022-2454/2454-ex_resolv/publication/publication.ptx', 'subtree': 'ex2-4'}
INFO    : XSL conversion of /home/lymber/Dropbox/Documents/aulas/ime/2022/2022-2454/2454-ex_resolv/source/main.ptx by /home/lymber/.ptx/xsl/extract-asymptote.xsl
INFO    : comprehensive messages, warnings, and errors:
INFO    : successful application of /home/lymber/.ptx/xsl/extract-asymptote.xsl
INFO    : converting /tmp/tmpjzbi41e4/ex2-4.asy to /tmp/tmpjzbi41e4/ex2-4.html
INFO    : converting Asymptote diagrams from /home/lymber/Dropbox/Documents/aulas/ime/2022/2022-2454/2454-ex_resolv/source/main.ptx to HTML graphics for placement in /home/lymber/Dropbox/Documents/aulas/ime/2022/2022-2454/2454-ex_resolv/generated-assets/asymptote with method "server"
INFO    : extracting Asymptote diagrams from /home/lymber/Dropbox/Documents/aulas/ime/2022/2022-2454/2454-ex_resolv/source/main.ptx
INFO    : string parameters passed to extraction stylesheet: {'publisher': '/home/lymber/Dropbox/Documents/aulas/ime/2022/2022-2454/2454-ex_resolv/publication/publication.ptx', 'subtree': 'ex2-8'}
INFO    : XSL conversion of /home/lymber/Dropbox/Documents/aulas/ime/2022/2022-2454/2454-ex_resolv/source/main.ptx by /home/lymber/.ptx/xsl/extract-asymptote.xsl
INFO    : comprehensive messages, warnings, and errors:
INFO    : successful application of /home/lymber/.ptx/xsl/extract-asymptote.xsl
INFO    : converting /tmp/tmpvmjpim1l/ex2-8.asy to /tmp/tmpvmjpim1l/ex2-8.html
INFO    : converting Asymptote diagrams from /home/lymber/Dropbox/Documents/aulas/ime/2022/2022-2454/2454-ex_resolv/source/main.ptx to HTML graphics for placement in /home/lymber/Dropbox/Documents/aulas/ime/2022/2022-2454/2454-ex_resolv/generated-assets/asymptote with method "server"
INFO    : extracting Asymptote diagrams from /home/lymber/Dropbox/Documents/aulas/ime/2022/2022-2454/2454-ex_resolv/source/main.ptx
INFO    : string parameters passed to extraction stylesheet: {'publisher': '/home/lymber/Dropbox/Documents/aulas/ime/2022/2022-2454/2454-ex_resolv/publication/publication.ptx', 'subtree': 'ex3-2a'}
INFO    : XSL conversion of /home/lymber/Dropbox/Documents/aulas/ime/2022/2022-2454/2454-ex_resolv/source/main.ptx by /home/lymber/.ptx/xsl/extract-asymptote.xsl
INFO    : comprehensive messages, warnings, and errors:
INFO    : successful application of /home/lymber/.ptx/xsl/extract-asymptote.xsl
INFO    : converting /tmp/tmpvr1qew8u/ex3-2a.asy to /tmp/tmpvr1qew8u/ex3-2a.html
INFO    : converting Asymptote diagrams from /home/lymber/Dropbox/Documents/aulas/ime/2022/2022-2454/2454-ex_resolv/source/main.ptx to HTML graphics for placement in /home/lymber/Dropbox/Documents/aulas/ime/2022/2022-2454/2454-ex_resolv/generated-assets/asymptote with method "server"
INFO    : extracting Asymptote diagrams from /home/lymber/Dropbox/Documents/aulas/ime/2022/2022-2454/2454-ex_resolv/source/main.ptx
INFO    : string parameters passed to extraction stylesheet: {'publisher': '/home/lymber/Dropbox/Documents/aulas/ime/2022/2022-2454/2454-ex_resolv/publication/publication.ptx', 'subtree': 'ex3-2d'}
INFO    : XSL conversion of /home/lymber/Dropbox/Documents/aulas/ime/2022/2022-2454/2454-ex_resolv/source/main.ptx by /home/lymber/.ptx/xsl/extract-asymptote.xsl
INFO    : comprehensive messages, warnings, and errors:
INFO    : successful application of /home/lymber/.ptx/xsl/extract-asymptote.xsl
INFO    : converting /tmp/tmpwrzgzrf7/ex3-2d.asy to /tmp/tmpwrzgzrf7/ex3-2d.html
INFO    : converting Asymptote diagrams from /home/lymber/Dropbox/Documents/aulas/ime/2022/2022-2454/2454-ex_resolv/source/main.ptx to HTML graphics for placement in /home/lymber/Dropbox/Documents/aulas/ime/2022/2022-2454/2454-ex_resolv/generated-assets/asymptote with method "server"
INFO    : extracting Asymptote diagrams from /home/lymber/Dropbox/Documents/aulas/ime/2022/2022-2454/2454-ex_resolv/source/main.ptx
INFO    : string parameters passed to extraction stylesheet: {'publisher': '/home/lymber/Dropbox/Documents/aulas/ime/2022/2022-2454/2454-ex_resolv/publication/publication.ptx', 'subtree': 'ex4-3'}
INFO    : XSL conversion of /home/lymber/Dropbox/Documents/aulas/ime/2022/2022-2454/2454-ex_resolv/source/main.ptx by /home/lymber/.ptx/xsl/extract-asymptote.xsl
INFO    : comprehensive messages, warnings, and errors:
INFO    : successful application of /home/lymber/.ptx/xsl/extract-asymptote.xsl
INFO    : converting /tmp/tmpm6b_t193/ex4-3.asy to /tmp/tmpm6b_t193/ex4-3.html
INFO    : converting Asymptote diagrams from /home/lymber/Dropbox/Documents/aulas/ime/2022/2022-2454/2454-ex_resolv/source/main.ptx to HTML graphics for placement in /home/lymber/Dropbox/Documents/aulas/ime/2022/2022-2454/2454-ex_resolv/generated-assets/asymptote with method "server"
INFO    : extracting Asymptote diagrams from /home/lymber/Dropbox/Documents/aulas/ime/2022/2022-2454/2454-ex_resolv/source/main.ptx
INFO    : string parameters passed to extraction stylesheet: {'publisher': '/home/lymber/Dropbox/Documents/aulas/ime/2022/2022-2454/2454-ex_resolv/publication/publication.ptx', 'subtree': 'ex4-5'}
INFO    : XSL conversion of /home/lymber/Dropbox/Documents/aulas/ime/2022/2022-2454/2454-ex_resolv/source/main.ptx by /home/lymber/.ptx/xsl/extract-asymptote.xsl
INFO    : comprehensive messages, warnings, and errors:
INFO    : successful application of /home/lymber/.ptx/xsl/extract-asymptote.xsl
INFO    : converting /tmp/tmpd90dkcy2/ex4-5.asy to /tmp/tmpd90dkcy2/ex4-5.html
INFO    : converting Asymptote diagrams from /home/lymber/Dropbox/Documents/aulas/ime/2022/2022-2454/2454-ex_resolv/source/main.ptx to HTML graphics for placement in /home/lymber/Dropbox/Documents/aulas/ime/2022/2022-2454/2454-ex_resolv/generated-assets/asymptote with method "server"
INFO    : extracting Asymptote diagrams from /home/lymber/Dropbox/Documents/aulas/ime/2022/2022-2454/2454-ex_resolv/source/main.ptx
INFO    : string parameters passed to extraction stylesheet: {'publisher': '/home/lymber/Dropbox/Documents/aulas/ime/2022/2022-2454/2454-ex_resolv/publication/publication.ptx', 'subtree': 'ex4-7'}
INFO    : XSL conversion of /home/lymber/Dropbox/Documents/aulas/ime/2022/2022-2454/2454-ex_resolv/source/main.ptx by /home/lymber/.ptx/xsl/extract-asymptote.xsl
INFO    : comprehensive messages, warnings, and errors:
INFO    : successful application of /home/lymber/.ptx/xsl/extract-asymptote.xsl
INFO    : converting /tmp/tmpjifol3z7/ex4-7.asy to /tmp/tmpjifol3z7/ex4-7.html
INFO    : converting Asymptote diagrams from /home/lymber/Dropbox/Documents/aulas/ime/2022/2022-2454/2454-ex_resolv/source/main.ptx to HTML graphics for placement in /home/lymber/Dropbox/Documents/aulas/ime/2022/2022-2454/2454-ex_resolv/generated-assets/asymptote with method "server"
INFO    : extracting Asymptote diagrams from /home/lymber/Dropbox/Documents/aulas/ime/2022/2022-2454/2454-ex_resolv/source/main.ptx
INFO    : string parameters passed to extraction stylesheet: {'publisher': '/home/lymber/Dropbox/Documents/aulas/ime/2022/2022-2454/2454-ex_resolv/publication/publication.ptx', 'subtree': 'exmaxminlocapos'}
INFO    : XSL conversion of /home/lymber/Dropbox/Documents/aulas/ime/2022/2022-2454/2454-ex_resolv/source/main.ptx by /home/lymber/.ptx/xsl/extract-asymptote.xsl
INFO    : comprehensive messages, warnings, and errors:
INFO    : successful application of /home/lymber/.ptx/xsl/extract-asymptote.xsl
INFO    : converting /tmp/tmprx26y6cu/exmaxminlocapos.asy to /tmp/tmprx26y6cu/exmaxminlocapos.html
INFO    : converting Asymptote diagrams from /home/lymber/Dropbox/Documents/aulas/ime/2022/2022-2454/2454-ex_resolv/source/main.ptx to HTML graphics for placement in /home/lymber/Dropbox/Documents/aulas/ime/2022/2022-2454/2454-ex_resolv/generated-assets/asymptote with method "server"
INFO    : extracting Asymptote diagrams from /home/lymber/Dropbox/Documents/aulas/ime/2022/2022-2454/2454-ex_resolv/source/main.ptx
INFO    : string parameters passed to extraction stylesheet: {'publisher': '/home/lymber/Dropbox/Documents/aulas/ime/2022/2022-2454/2454-ex_resolv/publication/publication.ptx', 'subtree': 'exmaxminlocaneg'}
INFO    : XSL conversion of /home/lymber/Dropbox/Documents/aulas/ime/2022/2022-2454/2454-ex_resolv/source/main.ptx by /home/lymber/.ptx/xsl/extract-asymptote.xsl
INFO    : comprehensive messages, warnings, and errors:
INFO    : successful application of /home/lymber/.ptx/xsl/extract-asymptote.xsl
INFO    : converting /tmp/tmpqvnhis1i/exmaxminlocaneg.asy to /tmp/tmpqvnhis1i/exmaxminlocaneg.html
INFO    : converting Asymptote diagrams from /home/lymber/Dropbox/Documents/aulas/ime/2022/2022-2454/2454-ex_resolv/source/main.ptx to HTML graphics for placement in /home/lymber/Dropbox/Documents/aulas/ime/2022/2022-2454/2454-ex_resolv/generated-assets/asymptote with method "server"
INFO    : extracting Asymptote diagrams from /home/lymber/Dropbox/Documents/aulas/ime/2022/2022-2454/2454-ex_resolv/source/main.ptx
INFO    : string parameters passed to extraction stylesheet: {'publisher': '/home/lymber/Dropbox/Documents/aulas/ime/2022/2022-2454/2454-ex_resolv/publication/publication.ptx', 'subtree': 'exmaxminlocanul'}
INFO    : XSL conversion of /home/lymber/Dropbox/Documents/aulas/ime/2022/2022-2454/2454-ex_resolv/source/main.ptx by /home/lymber/.ptx/xsl/extract-asymptote.xsl
INFO    : comprehensive messages, warnings, and errors:
INFO    : successful application of /home/lymber/.ptx/xsl/extract-asymptote.xsl
INFO    : converting /tmp/tmph8u43tcw/exmaxminlocanul.asy to /tmp/tmph8u43tcw/exmaxminlocanul.html
INFO    : converting Asymptote diagrams from /home/lymber/Dropbox/Documents/aulas/ime/2022/2022-2454/2454-ex_resolv/source/main.ptx to HTML graphics for placement in /home/lymber/Dropbox/Documents/aulas/ime/2022/2022-2454/2454-ex_resolv/generated-assets/asymptote with method "server"
INFO    : extracting Asymptote diagrams from /home/lymber/Dropbox/Documents/aulas/ime/2022/2022-2454/2454-ex_resolv/source/main.ptx
INFO    : string parameters passed to extraction stylesheet: {'publisher': '/home/lymber/Dropbox/Documents/aulas/ime/2022/2022-2454/2454-ex_resolv/publication/publication.ptx', 'subtree': 'gabp1q1c-2023'}
INFO    : XSL conversion of /home/lymber/Dropbox/Documents/aulas/ime/2022/2022-2454/2454-ex_resolv/source/main.ptx by /home/lymber/.ptx/xsl/extract-asymptote.xsl
INFO    : comprehensive messages, warnings, and errors:
INFO    : successful application of /home/lymber/.ptx/xsl/extract-asymptote.xsl
INFO    : converting /tmp/tmplzded0dm/gabp1q1c-2023.asy to /tmp/tmplzded0dm/gabp1q1c-2023.html
INFO    : converting Asymptote diagrams from /home/lymber/Dropbox/Documents/aulas/ime/2022/2022-2454/2454-ex_resolv/source/main.ptx to HTML graphics for placement in /home/lymber/Dropbox/Documents/aulas/ime/2022/2022-2454/2454-ex_resolv/generated-assets/asymptote with method "server"
INFO    : extracting Asymptote diagrams from /home/lymber/Dropbox/Documents/aulas/ime/2022/2022-2454/2454-ex_resolv/source/main.ptx
INFO    : string parameters passed to extraction stylesheet: {'publisher': '/home/lymber/Dropbox/Documents/aulas/ime/2022/2022-2454/2454-ex_resolv/publication/publication.ptx', 'subtree': 'gabp2aq2-2022'}
INFO    : XSL conversion of /home/lymber/Dropbox/Documents/aulas/ime/2022/2022-2454/2454-ex_resolv/source/main.ptx by /home/lymber/.ptx/xsl/extract-asymptote.xsl
INFO    : comprehensive messages, warnings, and errors:
INFO    : successful application of /home/lymber/.ptx/xsl/extract-asymptote.xsl
INFO    : converting /tmp/tmpx0qumpfh/gabp2aq2-2022.asy to /tmp/tmpx0qumpfh/gabp2aq2-2022.html
INFO    : converting Asymptote diagrams from /home/lymber/Dropbox/Documents/aulas/ime/2022/2022-2454/2454-ex_resolv/source/main.ptx to HTML graphics for placement in /home/lymber/Dropbox/Documents/aulas/ime/2022/2022-2454/2454-ex_resolv/generated-assets/asymptote with method "server"
INFO    : extracting Asymptote diagrams from /home/lymber/Dropbox/Documents/aulas/ime/2022/2022-2454/2454-ex_resolv/source/main.ptx
INFO    : string parameters passed to extraction stylesheet: {'publisher': '/home/lymber/Dropbox/Documents/aulas/ime/2022/2022-2454/2454-ex_resolv/publication/publication.ptx', 'subtree': 'gabpsubq21-2022'}
INFO    : XSL conversion of /home/lymber/Dropbox/Documents/aulas/ime/2022/2022-2454/2454-ex_resolv/source/main.ptx by /home/lymber/.ptx/xsl/extract-asymptote.xsl
INFO    : comprehensive messages, warnings, and errors:
INFO    : successful application of /home/lymber/.ptx/xsl/extract-asymptote.xsl
INFO    : converting /tmp/tmppjfpn22s/gabpsubq21-2022.asy to /tmp/tmppjfpn22s/gabpsubq21-2022.html
INFO    : converting Asymptote diagrams from /home/lymber/Dropbox/Documents/aulas/ime/2022/2022-2454/2454-ex_resolv/source/main.ptx to HTML graphics for placement in /home/lymber/Dropbox/Documents/aulas/ime/2022/2022-2454/2454-ex_resolv/generated-assets/asymptote with method "server"
INFO    : extracting Asymptote diagrams from /home/lymber/Dropbox/Documents/aulas/ime/2022/2022-2454/2454-ex_resolv/source/main.ptx
INFO    : string parameters passed to extraction stylesheet: {'publisher': '/home/lymber/Dropbox/Documents/aulas/ime/2022/2022-2454/2454-ex_resolv/publication/publication.ptx', 'subtree': 'gabpsubq22-2022'}
INFO    : XSL conversion of /home/lymber/Dropbox/Documents/aulas/ime/2022/2022-2454/2454-ex_resolv/source/main.ptx by /home/lymber/.ptx/xsl/extract-asymptote.xsl
INFO    : comprehensive messages, warnings, and errors:
INFO    : successful application of /home/lymber/.ptx/xsl/extract-asymptote.xsl
INFO    : converting /tmp/tmpflw8725i/gabpsubq22-2022.asy to /tmp/tmpflw8725i/gabpsubq22-2022.html
INFO    : converting Asymptote diagrams from /home/lymber/Dropbox/Documents/aulas/ime/2022/2022-2454/2454-ex_resolv/source/main.ptx to HTML graphics for placement in /home/lymber/Dropbox/Documents/aulas/ime/2022/2022-2454/2454-ex_resolv/generated-assets/asymptote with method "server"
INFO    : extracting Asymptote diagrams from /home/lymber/Dropbox/Documents/aulas/ime/2022/2022-2454/2454-ex_resolv/source/main.ptx
INFO    : string parameters passed to extraction stylesheet: {'publisher': '/home/lymber/Dropbox/Documents/aulas/ime/2022/2022-2454/2454-ex_resolv/publication/publication.ptx', 'subtree': 'gabpsubq23-2022'}
INFO    : XSL conversion of /home/lymber/Dropbox/Documents/aulas/ime/2022/2022-2454/2454-ex_resolv/source/main.ptx by /home/lymber/.ptx/xsl/extract-asymptote.xsl
INFO    : comprehensive messages, warnings, and errors:
INFO    : successful application of /home/lymber/.ptx/xsl/extract-asymptote.xsl
INFO    : converting /tmp/tmpwkz35xtn/gabpsubq23-2022.asy to /tmp/tmpwkz35xtn/gabpsubq23-2022.html
INFO    : converting Asymptote diagrams from /home/lymber/Dropbox/Documents/aulas/ime/2022/2022-2454/2454-ex_resolv/source/main.ptx to HTML graphics for placement in /home/lymber/Dropbox/Documents/aulas/ime/2022/2022-2454/2454-ex_resolv/generated-assets/asymptote with method "server"
INFO    : extracting Asymptote diagrams from /home/lymber/Dropbox/Documents/aulas/ime/2022/2022-2454/2454-ex_resolv/source/main.ptx
INFO    : string parameters passed to extraction stylesheet: {'publisher': '/home/lymber/Dropbox/Documents/aulas/ime/2022/2022-2454/2454-ex_resolv/publication/publication.ptx', 'subtree': 'gabpsubq24-2022'}
INFO    : XSL conversion of /home/lymber/Dropbox/Documents/aulas/ime/2022/2022-2454/2454-ex_resolv/source/main.ptx by /home/lymber/.ptx/xsl/extract-asymptote.xsl
INFO    : comprehensive messages, warnings, and errors:
INFO    : successful application of /home/lymber/.ptx/xsl/extract-asymptote.xsl
INFO    : converting /tmp/tmp3e2txo10/gabpsubq24-2022.asy to /tmp/tmp3e2txo10/gabpsubq24-2022.html
INFO    : converting Asymptote diagrams from /home/lymber/Dropbox/Documents/aulas/ime/2022/2022-2454/2454-ex_resolv/source/main.ptx to HTML graphics for placement in /home/lymber/Dropbox/Documents/aulas/ime/2022/2022-2454/2454-ex_resolv/generated-assets/asymptote with method "server"
INFO    : extracting Asymptote diagrams from /home/lymber/Dropbox/Documents/aulas/ime/2022/2022-2454/2454-ex_resolv/source/main.ptx
INFO    : string parameters passed to extraction stylesheet: {'publisher': '/home/lymber/Dropbox/Documents/aulas/ime/2022/2022-2454/2454-ex_resolv/publication/publication.ptx', 'subtree': 'gabpsubq25-2022'}
INFO    : XSL conversion of /home/lymber/Dropbox/Documents/aulas/ime/2022/2022-2454/2454-ex_resolv/source/main.ptx by /home/lymber/.ptx/xsl/extract-asymptote.xsl
INFO    : comprehensive messages, warnings, and errors:
INFO    : successful application of /home/lymber/.ptx/xsl/extract-asymptote.xsl
INFO    : converting /tmp/tmp6147ssuy/gabpsubq25-2022.asy to /tmp/tmp6147ssuy/gabpsubq25-2022.html
INFO    : converting Asymptote diagrams from /home/lymber/Dropbox/Documents/aulas/ime/2022/2022-2454/2454-ex_resolv/source/main.ptx to HTML graphics for placement in /home/lymber/Dropbox/Documents/aulas/ime/2022/2022-2454/2454-ex_resolv/generated-assets/asymptote with method "server"
INFO    : extracting Asymptote diagrams from /home/lymber/Dropbox/Documents/aulas/ime/2022/2022-2454/2454-ex_resolv/source/main.ptx
INFO    : string parameters passed to extraction stylesheet: {'publisher': '/home/lymber/Dropbox/Documents/aulas/ime/2022/2022-2454/2454-ex_resolv/publication/publication.ptx', 'subtree': 'gabpsubq26-2022'}
INFO    : XSL conversion of /home/lymber/Dropbox/Documents/aulas/ime/2022/2022-2454/2454-ex_resolv/source/main.ptx by /home/lymber/.ptx/xsl/extract-asymptote.xsl
INFO    : comprehensive messages, warnings, and errors:
INFO    : successful application of /home/lymber/.ptx/xsl/extract-asymptote.xsl
INFO    : converting /tmp/tmpt2cog2ds/gabpsubq26-2022.asy to /tmp/tmpt2cog2ds/gabpsubq26-2022.html
INFO    : converting Asymptote diagrams from /home/lymber/Dropbox/Documents/aulas/ime/2022/2022-2454/2454-ex_resolv/source/main.ptx to HTML graphics for placement in /home/lymber/Dropbox/Documents/aulas/ime/2022/2022-2454/2454-ex_resolv/generated-assets/asymptote with method "server"
INFO    : extracting Asymptote diagrams from /home/lymber/Dropbox/Documents/aulas/ime/2022/2022-2454/2454-ex_resolv/source/main.ptx
INFO    : string parameters passed to extraction stylesheet: {'publisher': '/home/lymber/Dropbox/Documents/aulas/ime/2022/2022-2454/2454-ex_resolv/publication/publication.ptx', 'subtree': 'gabpsubq3'}
INFO    : XSL conversion of /home/lymber/Dropbox/Documents/aulas/ime/2022/2022-2454/2454-ex_resolv/source/main.ptx by /home/lymber/.ptx/xsl/extract-asymptote.xsl
INFO    : comprehensive messages, warnings, and errors:
INFO    : successful application of /home/lymber/.ptx/xsl/extract-asymptote.xsl
INFO    : converting /tmp/tmpuwnb1tni/gabpsubq3.asy to /tmp/tmpuwnb1tni/gabpsubq3.html
INFO    : converting Asymptote diagrams from /home/lymber/Dropbox/Documents/aulas/ime/2022/2022-2454/2454-ex_resolv/source/main.ptx to HTML graphics for placement in /home/lymber/Dropbox/Documents/aulas/ime/2022/2022-2454/2454-ex_resolv/generated-assets/asymptote with method "server"
INFO    : extracting Asymptote diagrams from /home/lymber/Dropbox/Documents/aulas/ime/2022/2022-2454/2454-ex_resolv/source/main.ptx
INFO    : string parameters passed to extraction stylesheet: {'publisher': '/home/lymber/Dropbox/Documents/aulas/ime/2022/2022-2454/2454-ex_resolv/publication/publication.ptx', 'subtree': 'gabpsubq4'}
INFO    : XSL conversion of /home/lymber/Dropbox/Documents/aulas/ime/2022/2022-2454/2454-ex_resolv/source/main.ptx by /home/lymber/.ptx/xsl/extract-asymptote.xsl
INFO    : comprehensive messages, warnings, and errors:
INFO    : successful application of /home/lymber/.ptx/xsl/extract-asymptote.xsl
INFO    : converting /tmp/tmptav5x0bz/gabpsubq4.asy to /tmp/tmptav5x0bz/gabpsubq4.html
INFO    : converting Asymptote diagrams from /home/lymber/Dropbox/Documents/aulas/ime/2022/2022-2454/2454-ex_resolv/source/main.ptx to HTML graphics for placement in /home/lymber/Dropbox/Documents/aulas/ime/2022/2022-2454/2454-ex_resolv/generated-assets/asymptote with method "server"
INFO    : extracting Asymptote diagrams from /home/lymber/Dropbox/Documents/aulas/ime/2022/2022-2454/2454-ex_resolv/source/main.ptx
INFO    : string parameters passed to extraction stylesheet: {'publisher': '/home/lymber/Dropbox/Documents/aulas/ime/2022/2022-2454/2454-ex_resolv/publication/publication.ptx', 'subtree': 'gabprecq2-2022'}
INFO    : XSL conversion of /home/lymber/Dropbox/Documents/aulas/ime/2022/2022-2454/2454-ex_resolv/source/main.ptx by /home/lymber/.ptx/xsl/extract-asymptote.xsl
INFO    : comprehensive messages, warnings, and errors:
INFO    : successful application of /home/lymber/.ptx/xsl/extract-asymptote.xsl
INFO    : converting /tmp/tmpau19b6el/gabprecq2-2022.asy to /tmp/tmpau19b6el/gabprecq2-2022.html
INFO    : converting Asymptote diagrams from /home/lymber/Dropbox/Documents/aulas/ime/2022/2022-2454/2454-ex_resolv/source/main.ptx to HTML graphics for placement in /home/lymber/Dropbox/Documents/aulas/ime/2022/2022-2454/2454-ex_resolv/generated-assets/asymptote with method "server"
INFO    : extracting Asymptote diagrams from /home/lymber/Dropbox/Documents/aulas/ime/2022/2022-2454/2454-ex_resolv/source/main.ptx
INFO    : string parameters passed to extraction stylesheet: {'publisher': '/home/lymber/Dropbox/Documents/aulas/ime/2022/2022-2454/2454-ex_resolv/publication/publication.ptx', 'subtree': 'gabprecq4-2022'}
INFO    : XSL conversion of /home/lymber/Dropbox/Documents/aulas/ime/2022/2022-2454/2454-ex_resolv/source/main.ptx by /home/lymber/.ptx/xsl/extract-asymptote.xsl
INFO    : comprehensive messages, warnings, and errors:
INFO    : successful application of /home/lymber/.ptx/xsl/extract-asymptote.xsl
INFO    : converting /tmp/tmpn9lc64vq/gabprecq4-2022.asy to /tmp/tmpn9lc64vq/gabprecq4-2022.html
INFO    : converting Asymptote diagrams from /home/lymber/Dropbox/Documents/aulas/ime/2022/2022-2454/2454-ex_resolv/source/main.ptx to HTML graphics for placement in /home/lymber/Dropbox/Documents/aulas/ime/2022/2022-2454/2454-ex_resolv/generated-assets/asymptote with method "server"
INFO    : extracting Asymptote diagrams from /home/lymber/Dropbox/Documents/aulas/ime/2022/2022-2454/2454-ex_resolv/source/main.ptx
INFO    : string parameters passed to extraction stylesheet: {'publisher': '/home/lymber/Dropbox/Documents/aulas/ime/2022/2022-2454/2454-ex_resolv/publication/publication.ptx', 'subtree': 'gabp1q7-2020'}
INFO    : XSL conversion of /home/lymber/Dropbox/Documents/aulas/ime/2022/2022-2454/2454-ex_resolv/source/main.ptx by /home/lymber/.ptx/xsl/extract-asymptote.xsl
INFO    : comprehensive messages, warnings, and errors:
INFO    : successful application of /home/lymber/.ptx/xsl/extract-asymptote.xsl
INFO    : converting /tmp/tmp7_7apri2/gabp1q7-2020.asy to /tmp/tmp7_7apri2/gabp1q7-2020.html
INFO    : converting Asymptote diagrams from /home/lymber/Dropbox/Documents/aulas/ime/2022/2022-2454/2454-ex_resolv/source/main.ptx to HTML graphics for placement in /home/lymber/Dropbox/Documents/aulas/ime/2022/2022-2454/2454-ex_resolv/generated-assets/asymptote with method "server"
INFO    : extracting Asymptote diagrams from /home/lymber/Dropbox/Documents/aulas/ime/2022/2022-2454/2454-ex_resolv/source/main.ptx
INFO    : string parameters passed to extraction stylesheet: {'publisher': '/home/lymber/Dropbox/Documents/aulas/ime/2022/2022-2454/2454-ex_resolv/publication/publication.ptx', 'subtree': 'gabp1q92-2020'}
INFO    : XSL conversion of /home/lymber/Dropbox/Documents/aulas/ime/2022/2022-2454/2454-ex_resolv/source/main.ptx by /home/lymber/.ptx/xsl/extract-asymptote.xsl
INFO    : comprehensive messages, warnings, and errors:
INFO    : successful application of /home/lymber/.ptx/xsl/extract-asymptote.xsl
INFO    : converting /tmp/tmplfm8hx5i/gabp1q92-2020.asy to /tmp/tmplfm8hx5i/gabp1q92-2020.html
INFO    : converting Asymptote diagrams from /home/lymber/Dropbox/Documents/aulas/ime/2022/2022-2454/2454-ex_resolv/source/main.ptx to HTML graphics for placement in /home/lymber/Dropbox/Documents/aulas/ime/2022/2022-2454/2454-ex_resolv/generated-assets/asymptote with method "server"
INFO    : extracting Asymptote diagrams from /home/lymber/Dropbox/Documents/aulas/ime/2022/2022-2454/2454-ex_resolv/source/main.ptx
INFO    : string parameters passed to extraction stylesheet: {'publisher': '/home/lymber/Dropbox/Documents/aulas/ime/2022/2022-2454/2454-ex_resolv/publication/publication.ptx', 'subtree': 'fig_parabeli-graf'}
INFO    : XSL conversion of /home/lymber/Dropbox/Documents/aulas/ime/2022/2022-2454/2454-ex_resolv/source/main.ptx by /home/lymber/.ptx/xsl/extract-asymptote.xsl
INFO    : comprehensive messages, warnings, and errors:
INFO    : successful application of /home/lymber/.ptx/xsl/extract-asymptote.xsl
INFO    : converting /tmp/tmpx4smsz2f/fig_parabeli-graf.asy to /tmp/tmpx4smsz2f/fig_parabeli-graf.html
INFO    : converting Asymptote diagrams from /home/lymber/Dropbox/Documents/aulas/ime/2022/2022-2454/2454-ex_resolv/source/main.ptx to HTML graphics for placement in /home/lymber/Dropbox/Documents/aulas/ime/2022/2022-2454/2454-ex_resolv/generated-assets/asymptote with method "server"
INFO    : extracting Asymptote diagrams from /home/lymber/Dropbox/Documents/aulas/ime/2022/2022-2454/2454-ex_resolv/source/main.ptx
INFO    : string parameters passed to extraction stylesheet: {'publisher': '/home/lymber/Dropbox/Documents/aulas/ime/2022/2022-2454/2454-ex_resolv/publication/publication.ptx', 'subtree': 'fig_parabhip-graf'}
INFO    : XSL conversion of /home/lymber/Dropbox/Documents/aulas/ime/2022/2022-2454/2454-ex_resolv/source/main.ptx by /home/lymber/.ptx/xsl/extract-asymptote.xsl
INFO    : comprehensive messages, warnings, and errors:
INFO    : successful application of /home/lymber/.ptx/xsl/extract-asymptote.xsl
INFO    : converting /tmp/tmpzxo4k2_9/fig_parabhip-graf.asy to /tmp/tmpzxo4k2_9/fig_parabhip-graf.html
INFO    : converting Asymptote diagrams from /home/lymber/Dropbox/Documents/aulas/ime/2022/2022-2454/2454-ex_resolv/source/main.ptx to HTML graphics for placement in /home/lymber/Dropbox/Documents/aulas/ime/2022/2022-2454/2454-ex_resolv/generated-assets/asymptote with method "server"
INFO    : extracting Asymptote diagrams from /home/lymber/Dropbox/Documents/aulas/ime/2022/2022-2454/2454-ex_resolv/source/main.ptx
INFO    : string parameters passed to extraction stylesheet: {'publisher': '/home/lymber/Dropbox/Documents/aulas/ime/2022/2022-2454/2454-ex_resolv/publication/publication.ptx', 'subtree': 'fig_exemplonivel-graf'}
INFO    : XSL conversion of /home/lymber/Dropbox/Documents/aulas/ime/2022/2022-2454/2454-ex_resolv/source/main.ptx by /home/lymber/.ptx/xsl/extract-asymptote.xsl
INFO    : comprehensive messages, warnings, and errors:
INFO    : successful application of /home/lymber/.ptx/xsl/extract-asymptote.xsl
INFO    : converting /tmp/tmpwlvypase/fig_exemplonivel-graf.asy to /tmp/tmpwlvypase/fig_exemplonivel-graf.html
INFO    : converting Asymptote diagrams from /home/lymber/Dropbox/Documents/aulas/ime/2022/2022-2454/2454-ex_resolv/source/main.ptx to HTML graphics for placement in /home/lymber/Dropbox/Documents/aulas/ime/2022/2022-2454/2454-ex_resolv/generated-assets/asymptote with method "server"
INFO    : extracting Asymptote diagrams from /home/lymber/Dropbox/Documents/aulas/ime/2022/2022-2454/2454-ex_resolv/source/main.ptx
INFO    : string parameters passed to extraction stylesheet: {'publisher': '/home/lymber/Dropbox/Documents/aulas/ime/2022/2022-2454/2454-ex_resolv/publication/publication.ptx', 'subtree': 'apderpar'}
INFO    : XSL conversion of /home/lymber/Dropbox/Documents/aulas/ime/2022/2022-2454/2454-ex_resolv/source/main.ptx by /home/lymber/.ptx/xsl/extract-asymptote.xsl
INFO    : comprehensive messages, warnings, and errors:
INFO    : successful application of /home/lymber/.ptx/xsl/extract-asymptote.xsl
INFO    : converting /tmp/tmpdl13y_hu/apderpar.asy to /tmp/tmpdl13y_hu/apderpar.html
INFO    : converting Asymptote diagrams from /home/lymber/Dropbox/Documents/aulas/ime/2022/2022-2454/2454-ex_resolv/source/main.ptx to HTML graphics for placement in /home/lymber/Dropbox/Documents/aulas/ime/2022/2022-2454/2454-ex_resolv/generated-assets/asymptote with method "server"
INFO    : extracting Asymptote diagrams from /home/lymber/Dropbox/Documents/aulas/ime/2022/2022-2454/2454-ex_resolv/source/main.ptx
INFO    : string parameters passed to extraction stylesheet: {'publisher': '/home/lymber/Dropbox/Documents/aulas/ime/2022/2022-2454/2454-ex_resolv/publication/publication.ptx', 'subtree': 'dercont'}
INFO    : XSL conversion of /home/lymber/Dropbox/Documents/aulas/ime/2022/2022-2454/2454-ex_resolv/source/main.ptx by /home/lymber/.ptx/xsl/extract-asymptote.xsl
INFO    : comprehensive messages, warnings, and errors:
INFO    : successful application of /home/lymber/.ptx/xsl/extract-asymptote.xsl
INFO    : converting /tmp/tmpk9ha1941/dercont.asy to /tmp/tmpk9ha1941/dercont.html
INFO    : converting Asymptote diagrams from /home/lymber/Dropbox/Documents/aulas/ime/2022/2022-2454/2454-ex_resolv/source/main.ptx to HTML graphics for placement in /home/lymber/Dropbox/Documents/aulas/ime/2022/2022-2454/2454-ex_resolv/generated-assets/asymptote with method "server"
INFO    : extracting Asymptote diagrams from /home/lymber/Dropbox/Documents/aulas/ime/2022/2022-2454/2454-ex_resolv/source/main.ptx
INFO    : string parameters passed to extraction stylesheet: {'publisher': '/home/lymber/Dropbox/Documents/aulas/ime/2022/2022-2454/2454-ex_resolv/publication/publication.ptx', 'subtree': 'segder'}
INFO    : XSL conversion of /home/lymber/Dropbox/Documents/aulas/ime/2022/2022-2454/2454-ex_resolv/source/main.ptx by /home/lymber/.ptx/xsl/extract-asymptote.xsl
INFO    : comprehensive messages, warnings, and errors:
INFO    : successful application of /home/lymber/.ptx/xsl/extract-asymptote.xsl
INFO    : converting /tmp/tmpqdqc0vuj/segder.asy to /tmp/tmpqdqc0vuj/segder.html
INFO    : converting Asymptote diagrams from /home/lymber/Dropbox/Documents/aulas/ime/2022/2022-2454/2454-ex_resolv/source/main.ptx to HTML graphics for placement in /home/lymber/Dropbox/Documents/aulas/ime/2022/2022-2454/2454-ex_resolv/generated-assets/asymptote with method "server"
INFO    : extracting Asymptote diagrams from /home/lymber/Dropbox/Documents/aulas/ime/2022/2022-2454/2454-ex_resolv/source/main.ptx
INFO    : string parameters passed to extraction stylesheet: {'publisher': '/home/lymber/Dropbox/Documents/aulas/ime/2022/2022-2454/2454-ex_resolv/publication/publication.ptx', 'subtree': 'apesffol'}
INFO    : XSL conversion of /home/lymber/Dropbox/Documents/aulas/ime/2022/2022-2454/2454-ex_resolv/source/main.ptx by /home/lymber/.ptx/xsl/extract-asymptote.xsl
INFO    : comprehensive messages, warnings, and errors:
INFO    : successful application of /home/lymber/.ptx/xsl/extract-asymptote.xsl
INFO    : converting /tmp/tmp0u4yrkty/apesffol.asy to /tmp/tmp0u4yrkty/apesffol.html
INFO    : converting Asymptote diagrams from /home/lymber/Dropbox/Documents/aulas/ime/2022/2022-2454/2454-ex_resolv/source/main.ptx to HTML graphics for placement in /home/lymber/Dropbox/Documents/aulas/ime/2022/2022-2454/2454-ex_resolv/generated-assets/asymptote with method "server"
INFO    : extracting Asymptote diagrams from /home/lymber/Dropbox/Documents/aulas/ime/2022/2022-2454/2454-ex_resolv/source/main.ptx
INFO    : string parameters passed to extraction stylesheet: {'publisher': '/home/lymber/Dropbox/Documents/aulas/ime/2022/2022-2454/2454-ex_resolv/publication/publication.ptx', 'subtree': 'aphipfol'}
INFO    : XSL conversion of /home/lymber/Dropbox/Documents/aulas/ime/2022/2022-2454/2454-ex_resolv/source/main.ptx by /home/lymber/.ptx/xsl/extract-asymptote.xsl
INFO    : comprehensive messages, warnings, and errors:
INFO    : successful application of /home/lymber/.ptx/xsl/extract-asymptote.xsl
INFO    : converting /tmp/tmpbrmntb30/aphipfol.asy to /tmp/tmpbrmntb30/aphipfol.html
INFO    : converting Asymptote diagrams from /home/lymber/Dropbox/Documents/aulas/ime/2022/2022-2454/2454-ex_resolv/source/main.ptx to HTML graphics for placement in /home/lymber/Dropbox/Documents/aulas/ime/2022/2022-2454/2454-ex_resolv/generated-assets/asymptote with method "server"
INFO    : extracting Asymptote diagrams from /home/lymber/Dropbox/Documents/aulas/ime/2022/2022-2454/2454-ex_resolv/source/main.ptx
INFO    : string parameters passed to extraction stylesheet: {'publisher': '/home/lymber/Dropbox/Documents/aulas/ime/2022/2022-2454/2454-ex_resolv/publication/publication.ptx', 'subtree': 'appltgsupniv'}
INFO    : XSL conversion of /home/lymber/Dropbox/Documents/aulas/ime/2022/2022-2454/2454-ex_resolv/source/main.ptx by /home/lymber/.ptx/xsl/extract-asymptote.xsl
INFO    : comprehensive messages, warnings, and errors:
INFO    : successful application of /home/lymber/.ptx/xsl/extract-asymptote.xsl
INFO    : converting /tmp/tmp6m82_80p/appltgsupniv.asy to /tmp/tmp6m82_80p/appltgsupniv.html
INFO    : converting Asymptote diagrams from /home/lymber/Dropbox/Documents/aulas/ime/2022/2022-2454/2454-ex_resolv/source/main.ptx to HTML graphics for placement in /home/lymber/Dropbox/Documents/aulas/ime/2022/2022-2454/2454-ex_resolv/generated-assets/asymptote with method "server"
INFO    : extracting Asymptote diagrams from /home/lymber/Dropbox/Documents/aulas/ime/2022/2022-2454/2454-ex_resolv/source/main.ptx
INFO    : string parameters passed to extraction stylesheet: {'publisher': '/home/lymber/Dropbox/Documents/aulas/ime/2022/2022-2454/2454-ex_resolv/publication/publication.ptx', 'subtree': 'appltgintsupniv'}
INFO    : XSL conversion of /home/lymber/Dropbox/Documents/aulas/ime/2022/2022-2454/2454-ex_resolv/source/main.ptx by /home/lymber/.ptx/xsl/extract-asymptote.xsl
INFO    : comprehensive messages, warnings, and errors:
INFO    : successful application of /home/lymber/.ptx/xsl/extract-asymptote.xsl
INFO    : converting /tmp/tmpapc_xa9o/appltgintsupniv.asy to /tmp/tmpapc_xa9o/appltgintsupniv.html
INFO    : converting Sage diagrams from /home/lymber/Dropbox/Documents/aulas/ime/2022/2022-2454/2454-ex_resolv/source/main.ptx to HTML graphics for placement in /home/lymber/Dropbox/Documents/aulas/ime/2022/2022-2454/2454-ex_resolv/generated-assets/sageplot
INFO    : extracting Sage diagrams from /home/lymber/Dropbox/Documents/aulas/ime/2022/2022-2454/2454-ex_resolv/source/main.ptx
INFO    : XSL conversion of /home/lymber/Dropbox/Documents/aulas/ime/2022/2022-2454/2454-ex_resolv/source/main.ptx by /home/lymber/.ptx/xsl/extract-sageplot.xsl
INFO    : comprehensive messages, warnings, and errors:
INFO    : successful application of /home/lymber/.ptx/xsl/extract-sageplot.xsl
INFO    : converting Sage diagrams from /home/lymber/Dropbox/Documents/aulas/ime/2022/2022-2454/2454-ex_resolv/source/main.ptx to SVG graphics for placement in /home/lymber/Dropbox/Documents/aulas/ime/2022/2022-2454/2454-ex_resolv/generated-assets/sageplot
INFO    : extracting Sage diagrams from /home/lymber/Dropbox/Documents/aulas/ime/2022/2022-2454/2454-ex_resolv/source/main.ptx
INFO    : XSL conversion of /home/lymber/Dropbox/Documents/aulas/ime/2022/2022-2454/2454-ex_resolv/source/main.ptx by /home/lymber/.ptx/xsl/extract-sageplot.xsl
INFO    : comprehensive messages, warnings, and errors:
INFO    : successful application of /home/lymber/.ptx/xsl/extract-sageplot.xsl
INFO    : converting taylor.sage to taylor.svg
INFO    : Removing temporary directory /tmp/tmpmobni8bo
INFO    : Removing temporary directory /tmp/tmpwmcw96pg
INFO    : Removing temporary directory /tmp/tmp120xw6hq
INFO    : Removing temporary directory /tmp/tmpn2vo_4xq
INFO    : Removing temporary directory /tmp/tmp3wbz5fv0
INFO    : Removing temporary directory /tmp/tmpuwv1umby
INFO    : Removing temporary directory /tmp/tmpf3ds7qyu
INFO    : Removing temporary directory /tmp/tmps0ipukmk
INFO    : Removing temporary directory /tmp/tmpaukceryd
INFO    : Removing temporary directory /tmp/tmp75gvpya0
INFO    : Removing temporary directory /tmp/tmpij6squp6
INFO    : Removing temporary directory /tmp/tmpyhh5ct8j
INFO    : Removing temporary directory /tmp/tmpo9sdxo22
INFO    : Removing temporary directory /tmp/tmpketylqaj
INFO    : Removing temporary directory /tmp/tmpuqqp1yy6
INFO    : Removing temporary directory /tmp/tmpjsdo6ipf
INFO    : Removing temporary directory /tmp/tmpt9z7zf6i
INFO    : Removing temporary directory /tmp/tmpczyqiblg
INFO    : Removing temporary directory /tmp/tmpafyl2hp0
INFO    : Removing temporary directory /tmp/tmplc_51si0
INFO    : Removing temporary directory /tmp/tmpzgszw24y
INFO    : Removing temporary directory /tmp/tmp9iztth4r
INFO    : Removing temporary directory /tmp/tmpc4xcifj3
INFO    : Removing temporary directory /tmp/tmpl80ktsrq
INFO    : Removing temporary directory /tmp/tmpjtv20sec
INFO    : Removing temporary directory /tmp/tmpgvl_k1ya
INFO    : Removing temporary directory /tmp/tmpz2cdtgwl
INFO    : Removing temporary directory /tmp/tmpjzbi41e4
INFO    : Removing temporary directory /tmp/tmpvmjpim1l
INFO    : Removing temporary directory /tmp/tmpvr1qew8u
INFO    : Removing temporary directory /tmp/tmpwrzgzrf7
INFO    : Removing temporary directory /tmp/tmpm6b_t193
INFO    : Removing temporary directory /tmp/tmpd90dkcy2
INFO    : Removing temporary directory /tmp/tmpjifol3z7
INFO    : Removing temporary directory /tmp/tmprx26y6cu
INFO    : Removing temporary directory /tmp/tmpqvnhis1i
INFO    : Removing temporary directory /tmp/tmph8u43tcw
INFO    : Removing temporary directory /tmp/tmplzded0dm
INFO    : Removing temporary directory /tmp/tmpx0qumpfh
INFO    : Removing temporary directory /tmp/tmppjfpn22s
INFO    : Removing temporary directory /tmp/tmpflw8725i
INFO    : Removing temporary directory /tmp/tmpwkz35xtn
INFO    : Removing temporary directory /tmp/tmp3e2txo10
INFO    : Removing temporary directory /tmp/tmp6147ssuy
INFO    : Removing temporary directory /tmp/tmpt2cog2ds
INFO    : Removing temporary directory /tmp/tmpuwnb1tni
INFO    : Removing temporary directory /tmp/tmptav5x0bz
INFO    : Removing temporary directory /tmp/tmpau19b6el
INFO    : Removing temporary directory /tmp/tmpn9lc64vq
INFO    : Removing temporary directory /tmp/tmp7_7apri2
INFO    : Removing temporary directory /tmp/tmplfm8hx5i
INFO    : Removing temporary directory /tmp/tmpx4smsz2f
INFO    : Removing temporary directory /tmp/tmpzxo4k2_9
INFO    : Removing temporary directory /tmp/tmpwlvypase
INFO    : Removing temporary directory /tmp/tmpdl13y_hu
INFO    : Removing temporary directory /tmp/tmpk9ha1941
INFO    : Removing temporary directory /tmp/tmpqdqc0vuj
INFO    : Removing temporary directory /tmp/tmp0u4yrkty
INFO    : Removing temporary directory /tmp/tmpbrmntb30
INFO    : Removing temporary directory /tmp/tmp6m82_80p
INFO    : Removing temporary directory /tmp/tmpapc_xa9o
INFO    : Removing temporary directory /tmp/tmpptsar652
INFO    : Removing temporary directory /tmp/tmpuhv5_92b
INFO    : Preparing to build into /home/lymber/Dropbox/Documents/aulas/ime/2022/2022-2454/2454-ex_resolv/output/web.
INFO    : discovering source file's directory name: /home/lymber/Dropbox/Documents/aulas/ime/2022/2022-2454/2454-ex_resolv/source
INFO    : verifying and expanding input directory: /home/lymber/Dropbox/Documents/aulas/ime/2022/2022-2454/2454-ex_resolv/source/../generated-assets
INFO    : input directory expanded to absolute path: /home/lymber/Dropbox/Documents/aulas/ime/2022/2022-2454/2454-ex_resolv/generated-assets
INFO    : verifying and expanding input directory: /home/lymber/Dropbox/Documents/aulas/ime/2022/2022-2454/2454-ex_resolv/source/../assets
INFO    : input directory expanded to absolute path: /home/lymber/Dropbox/Documents/aulas/ime/2022/2022-2454/2454-ex_resolv/assets
INFO    : Runestone Services (via PreTeXt repository): version 7.1.2
INFO    : Runestone Services (using newer, via online CDN query): version 7.1.7
INFO    : converting /home/lymber/Dropbox/Documents/aulas/ime/2022/2022-2454/2454-ex_resolv/source/main.ptx to HTML in /tmp/tmpft1i6a6f
INFO    : XSL conversion of /home/lymber/Dropbox/Documents/aulas/ime/2022/2022-2454/2454-ex_resolv/source/main.ptx by /home/lymber/.ptx/xsl/pretext-html.xsl
INFO    : comprehensive messages, warnings, and errors:
INFO    : successful application of /home/lymber/.ptx/xsl/pretext-html.xsl
INFO    : 
Success! Run `pretext view` to see the results.

INFO    : While running pretext, the following errors occurred:

