INFO    : PreTeXt project found in `/home/lymber/Dropbox/Documents/aulas/ime/2022/2022-2454/2454-ex_resolv`.
INFO    : converting Asymptote diagrams from /home/lymber/Dropbox/Documents/aulas/ime/2022/2022-2454/2454-ex_resolv/source/main.ptx to PDF graphics for placement in /home/lymber/Dropbox/Documents/aulas/ime/2022/2022-2454/2454-ex_resolv/generated-assets/asymptote with method "server"
INFO    : extracting Asymptote diagrams from /home/lymber/Dropbox/Documents/aulas/ime/2022/2022-2454/2454-ex_resolv/source/main.ptx
INFO    : string parameters passed to extraction stylesheet: {'publisher': '/home/lymber/Dropbox/Documents/aulas/ime/2022/2022-2454/2454-ex_resolv/publication/publication.ptx'}
INFO    : XSL conversion of /home/lymber/Dropbox/Documents/aulas/ime/2022/2022-2454/2454-ex_resolv/source/main.ptx by /home/lymber/.ptx/xsl/extract-asymptote.xsl
INFO    : comprehensive messages, warnings, and errors:
INFO    : successful application of /home/lymber/.ptx/xsl/extract-asymptote.xsl
INFO    : converting /tmp/tmpkyrqyxya/exfunca.asy to /tmp/tmpkyrqyxya/exfunca.pdf
INFO    : converting /tmp/tmpkyrqyxya/exfuncb.asy to /tmp/tmpkyrqyxya/exfuncb.pdf
INFO    : converting /tmp/tmpkyrqyxya/surf_level.asy to /tmp/tmpkyrqyxya/surf_level.pdf
INFO    : converting /tmp/tmpkyrqyxya/ex5-7b.asy to /tmp/tmpkyrqyxya/ex5-7b.pdf
INFO    : converting /tmp/tmpkyrqyxya/ex5-9.asy to /tmp/tmpkyrqyxya/ex5-9.pdf
INFO    : converting /tmp/tmpkyrqyxya/ex5-14.asy to /tmp/tmpkyrqyxya/ex5-14.pdf
INFO    : converting /tmp/tmpkyrqyxya/ex5-17.asy to /tmp/tmpkyrqyxya/ex5-17.pdf
INFO    : converting /tmp/tmpkyrqyxya/ex2-4.asy to /tmp/tmpkyrqyxya/ex2-4.pdf
INFO    : converting /tmp/tmpkyrqyxya/ex2-8.asy to /tmp/tmpkyrqyxya/ex2-8.pdf
INFO    : converting /tmp/tmpkyrqyxya/ex3-2a.asy to /tmp/tmpkyrqyxya/ex3-2a.pdf
INFO    : converting /tmp/tmpkyrqyxya/ex3-2d.asy to /tmp/tmpkyrqyxya/ex3-2d.pdf
INFO    : converting /tmp/tmpkyrqyxya/ex4-3.asy to /tmp/tmpkyrqyxya/ex4-3.pdf
INFO    : converting /tmp/tmpkyrqyxya/ex4-5.asy to /tmp/tmpkyrqyxya/ex4-5.pdf
INFO    : converting /tmp/tmpkyrqyxya/ex4-7.asy to /tmp/tmpkyrqyxya/ex4-7.pdf
INFO    : converting /tmp/tmpkyrqyxya/exmaxminlocapos.asy to /tmp/tmpkyrqyxya/exmaxminlocapos.pdf
INFO    : converting /tmp/tmpkyrqyxya/exmaxminlocaneg.asy to /tmp/tmpkyrqyxya/exmaxminlocaneg.pdf
INFO    : converting /tmp/tmpkyrqyxya/exmaxminlocanul.asy to /tmp/tmpkyrqyxya/exmaxminlocanul.pdf
INFO    : converting /tmp/tmpkyrqyxya/gabp1q1c-2023.asy to /tmp/tmpkyrqyxya/gabp1q1c-2023.pdf
INFO    : converting /tmp/tmpkyrqyxya/gabp2aq2-2022.asy to /tmp/tmpkyrqyxya/gabp2aq2-2022.pdf
INFO    : converting /tmp/tmpkyrqyxya/gabpsubq21-2022.asy to /tmp/tmpkyrqyxya/gabpsubq21-2022.pdf
INFO    : converting /tmp/tmpkyrqyxya/gabpsubq22-2022.asy to /tmp/tmpkyrqyxya/gabpsubq22-2022.pdf
INFO    : converting /tmp/tmpkyrqyxya/gabpsubq23-2022.asy to /tmp/tmpkyrqyxya/gabpsubq23-2022.pdf
INFO    : converting /tmp/tmpkyrqyxya/gabpsubq24-2022.asy to /tmp/tmpkyrqyxya/gabpsubq24-2022.pdf
INFO    : converting /tmp/tmpkyrqyxya/gabpsubq25-2022.asy to /tmp/tmpkyrqyxya/gabpsubq25-2022.pdf
INFO    : converting /tmp/tmpkyrqyxya/gabpsubq26-2022.asy to /tmp/tmpkyrqyxya/gabpsubq26-2022.pdf
INFO    : converting /tmp/tmpkyrqyxya/gabpsubq3.asy to /tmp/tmpkyrqyxya/gabpsubq3.pdf
INFO    : converting /tmp/tmpkyrqyxya/gabpsubq4.asy to /tmp/tmpkyrqyxya/gabpsubq4.pdf
INFO    : converting /tmp/tmpkyrqyxya/gabprecq2-2022.asy to /tmp/tmpkyrqyxya/gabprecq2-2022.pdf
INFO    : converting /tmp/tmpkyrqyxya/gabprecq4-2022.asy to /tmp/tmpkyrqyxya/gabprecq4-2022.pdf
INFO    : converting /tmp/tmpkyrqyxya/gabp1q7-2020.asy to /tmp/tmpkyrqyxya/gabp1q7-2020.pdf
INFO    : converting /tmp/tmpkyrqyxya/gabp1q92-2020.asy to /tmp/tmpkyrqyxya/gabp1q92-2020.pdf
INFO    : converting /tmp/tmpkyrqyxya/fig_parabeli-graf.asy to /tmp/tmpkyrqyxya/fig_parabeli-graf.pdf
INFO    : converting /tmp/tmpkyrqyxya/fig_parabhip-graf.asy to /tmp/tmpkyrqyxya/fig_parabhip-graf.pdf
INFO    : converting /tmp/tmpkyrqyxya/fig_exemplonivel-graf.asy to /tmp/tmpkyrqyxya/fig_exemplonivel-graf.pdf
INFO    : converting /tmp/tmpkyrqyxya/apderpar.asy to /tmp/tmpkyrqyxya/apderpar.pdf
INFO    : converting /tmp/tmpkyrqyxya/dercont.asy to /tmp/tmpkyrqyxya/dercont.pdf
INFO    : converting /tmp/tmpkyrqyxya/segder.asy to /tmp/tmpkyrqyxya/segder.pdf
INFO    : converting /tmp/tmpkyrqyxya/apesffol.asy to /tmp/tmpkyrqyxya/apesffol.pdf
INFO    : converting /tmp/tmpkyrqyxya/aphipfol.asy to /tmp/tmpkyrqyxya/aphipfol.pdf
INFO    : converting /tmp/tmpkyrqyxya/appltgsupniv.asy to /tmp/tmpkyrqyxya/appltgsupniv.pdf
INFO    : converting /tmp/tmpkyrqyxya/appltgintsupniv.asy to /tmp/tmpkyrqyxya/appltgintsupniv.pdf
INFO    : converting Sage diagrams from /home/lymber/Dropbox/Documents/aulas/ime/2022/2022-2454/2454-ex_resolv/source/main.ptx to PDF graphics for placement in /home/lymber/Dropbox/Documents/aulas/ime/2022/2022-2454/2454-ex_resolv/generated-assets/sageplot
INFO    : extracting Sage diagrams from /home/lymber/Dropbox/Documents/aulas/ime/2022/2022-2454/2454-ex_resolv/source/main.ptx
INFO    : XSL conversion of /home/lymber/Dropbox/Documents/aulas/ime/2022/2022-2454/2454-ex_resolv/source/main.ptx by /home/lymber/.ptx/xsl/extract-sageplot.xsl
INFO    : comprehensive messages, warnings, and errors:
INFO    : successful application of /home/lymber/.ptx/xsl/extract-sageplot.xsl
INFO    : converting taylor.sage to taylor.pdf
INFO    : converting Sage diagrams from /home/lymber/Dropbox/Documents/aulas/ime/2022/2022-2454/2454-ex_resolv/source/main.ptx to PNG graphics for placement in /home/lymber/Dropbox/Documents/aulas/ime/2022/2022-2454/2454-ex_resolv/generated-assets/sageplot
INFO    : extracting Sage diagrams from /home/lymber/Dropbox/Documents/aulas/ime/2022/2022-2454/2454-ex_resolv/source/main.ptx
INFO    : XSL conversion of /home/lymber/Dropbox/Documents/aulas/ime/2022/2022-2454/2454-ex_resolv/source/main.ptx by /home/lymber/.ptx/xsl/extract-sageplot.xsl
INFO    : comprehensive messages, warnings, and errors:
INFO    : successful application of /home/lymber/.ptx/xsl/extract-sageplot.xsl
INFO    : Checking for update for required playwright chromium browser.
INFO    : using playwright package to create previews for interactives from /home/lymber/Dropbox/Documents/aulas/ime/2022/2022-2454/2454-ex_resolv/source/main.ptx for placement in /home/lymber/Dropbox/Documents/aulas/ime/2022/2022-2454/2454-ex_resolv/generated-assets/preview
INFO    : XSL conversion of /home/lymber/Dropbox/Documents/aulas/ime/2022/2022-2454/2454-ex_resolv/source/main.ptx by /home/lymber/.ptx/xsl/extract-interactive.xsl
INFO    : comprehensive messages, warnings, and errors:
INFO    : successful application of /home/lymber/.ptx/xsl/extract-interactive.xsl
INFO    : discovering source file's directory name: /home/lymber/Dropbox/Documents/aulas/ime/2022/2022-2454/2454-ex_resolv/source
INFO    : verifying and expanding input directory: /home/lymber/Dropbox/Documents/aulas/ime/2022/2022-2454/2454-ex_resolv/source/../generated-assets
INFO    : input directory expanded to absolute path: /home/lymber/Dropbox/Documents/aulas/ime/2022/2022-2454/2454-ex_resolv/generated-assets
INFO    : verifying and expanding input directory: /home/lymber/Dropbox/Documents/aulas/ime/2022/2022-2454/2454-ex_resolv/source/../assets
INFO    : input directory expanded to absolute path: /home/lymber/Dropbox/Documents/aulas/ime/2022/2022-2454/2454-ex_resolv/assets
INFO    : Opening subprocess http.server with port=8888
INFO    : automatic screenshot of interactive with identifier "interactive-1" on page http://localhost:8888/interactive-1.html to file interactive-1-preview.png
INFO    : Closing http.server subprocess
INFO    : downloading YouTube thumbnails from /home/lymber/Dropbox/Documents/aulas/ime/2022/2022-2454/2454-ex_resolv/source/main.ptx for placement in /home/lymber/Dropbox/Documents/aulas/ime/2022/2022-2454/2454-ex_resolv/generated-assets/youtube
INFO    : XSL conversion of /home/lymber/Dropbox/Documents/aulas/ime/2022/2022-2454/2454-ex_resolv/source/main.ptx by /home/lymber/.ptx/xsl/extract-youtube.xsl
INFO    : comprehensive messages, warnings, and errors:
INFO    : successful application of /home/lymber/.ptx/xsl/extract-youtube.xsl
INFO    : downloading http://i.ytimg.com/vi/7qDIxKTk6Qc/default.jpg as /home/lymber/Dropbox/Documents/aulas/ime/2022/2022-2454/2454-ex_resolv/generated-assets/youtube/video-1.jpg...
INFO    : downloading http://i.ytimg.com/vi/TBGL6NZ7HEk/default.jpg as /home/lymber/Dropbox/Documents/aulas/ime/2022/2022-2454/2454-ex_resolv/generated-assets/youtube/video-2.jpg...
INFO    : downloading http://i.ytimg.com/vi/fCsK9Hnap_I/default.jpg as /home/lymber/Dropbox/Documents/aulas/ime/2022/2022-2454/2454-ex_resolv/generated-assets/youtube/video-3.jpg...
INFO    : downloading http://i.ytimg.com/vi/2e9JD35yfL0/default.jpg as /home/lymber/Dropbox/Documents/aulas/ime/2022/2022-2454/2454-ex_resolv/generated-assets/youtube/video-4.jpg...
INFO    : downloading http://i.ytimg.com/vi/18GrQBXVlJ4/default.jpg as /home/lymber/Dropbox/Documents/aulas/ime/2022/2022-2454/2454-ex_resolv/generated-assets/youtube/video-5.jpg...
INFO    : YouTube thumbnail download complete
INFO    : Generating generic video preview, aka "play button" into /home/lymber/Dropbox/Documents/aulas/ime/2022/2022-2454/2454-ex_resolv/generated-assets/play-button
INFO    : manufacturing QR codes from /home/lymber/Dropbox/Documents/aulas/ime/2022/2022-2454/2454-ex_resolv/source/main.ptx for placement in /home/lymber/Dropbox/Documents/aulas/ime/2022/2022-2454/2454-ex_resolv/generated-assets/qrcode
INFO    : XSL conversion of /home/lymber/Dropbox/Documents/aulas/ime/2022/2022-2454/2454-ex_resolv/source/main.ptx by /home/lymber/.ptx/xsl/extract-qrcode.xsl
INFO    : comprehensive messages, warnings, and errors:
INFO    : successful application of /home/lymber/.ptx/xsl/extract-qrcode.xsl
INFO    : creating URL with content "https://www.youtube.com/watch?v=7qDIxKTk6Qc" as /home/lymber/Dropbox/Documents/aulas/ime/2022/2022-2454/2454-ex_resolv/generated-assets/qrcode/video-1.png...
INFO    : creating URL with content "interactive-1.html" as /home/lymber/Dropbox/Documents/aulas/ime/2022/2022-2454/2454-ex_resolv/generated-assets/qrcode/interactive-1.png...
INFO    : creating URL with content "https://www.youtube.com/watch?v=TBGL6NZ7HEk" as /home/lymber/Dropbox/Documents/aulas/ime/2022/2022-2454/2454-ex_resolv/generated-assets/qrcode/video-2.png...
INFO    : creating URL with content "https://www.youtube.com/watch?v=fCsK9Hnap_I" as /home/lymber/Dropbox/Documents/aulas/ime/2022/2022-2454/2454-ex_resolv/generated-assets/qrcode/video-3.png...
INFO    : creating URL with content "https://www.youtube.com/watch?v=2e9JD35yfL0" as /home/lymber/Dropbox/Documents/aulas/ime/2022/2022-2454/2454-ex_resolv/generated-assets/qrcode/video-4.png...
INFO    : creating URL with content "https://www.youtube.com/watch?v=18GrQBXVlJ4" as /home/lymber/Dropbox/Documents/aulas/ime/2022/2022-2454/2454-ex_resolv/generated-assets/qrcode/video-5.png...
INFO    : QR code creation complete
INFO    : Removing temporary directory /tmp/tmpkyrqyxya
INFO    : Removing temporary directory /tmp/tmp03ny28lf
INFO    : Removing temporary directory /tmp/tmpsxiiy7in
INFO    : Removing temporary directory /tmp/tmp1peyp7l7
INFO    : Removing temporary directory /tmp/tmpy0fs02qw
INFO    : Removing temporary directory /tmp/tmplto0s6t7
INFO    : Finished generating assets.

